#
# There is insufficient memory for the Java Runtime Environment to continue.
# Native memory allocation (malloc) failed to allocate 2206488 bytes. Error detail: Chunk::new
# Possible reasons:
#   The system is out of physical RAM or swap space
#   This process is running with CompressedOops enabled, and the Java Heap may be blocking the growth of the native heap
# Possible solutions:
#   Reduce memory load on the system
#   Increase physical memory or swap space
#   Check if swap backing store is full
#   Decrease Java heap size (-Xmx/-Xms)
#   Decrease number of Java threads
#   Decrease Java thread stack sizes (-Xss)
#   Set larger code cache with -XX:ReservedCodeCacheSize=
#   JVM is running with Unscaled Compressed Oops mode in which the Java heap is
#     placed in the first 4GB address space. The Java Heap base address is the
#     maximum limit for the native heap growth. Please use -XX:HeapBaseMinAddress
#     to set the Java Heap base and to place the Java Heap above 4GB virtual address.
# This output file may be truncated or incomplete.
#
#  Out of Memory Error (arena.cpp:186), pid=16572, tid=19768
#
# JRE version: Java(TM) SE Runtime Environment (25.0.1+8) (build 25.0.1+8-LTS-27)
# Java VM: Java HotSpot(TM) 64-Bit Server VM (25.0.1+8-LTS-27, mixed mode, sharing, tiered, compressed oops, compressed class ptrs, g1 gc, windows-amd64)
# No core dump will be written. Minidumps are not enabled by default on client versions of Windows
#

---------------  S U M M A R Y ------------

Command Line: --enable-native-access=ALL-UNNAMED -Dclassworlds.conf=C:\Users\user\.m2\wrapper\dists\apache-maven-3.9.12\59fe215c0ad6947fea90184bf7add084544567b927287592651fda3782e0e798\bin\m2.conf -Dmaven.home=C:\Users\user\.m2\wrapper\dists\apache-maven-3.9.12\59fe215c0ad6947fea90184bf7add084544567b927287592651fda3782e0e798 -Dlibrary.jansi.path=C:\Users\user\.m2\wrapper\dists\apache-maven-3.9.12\59fe215c0ad6947fea90184bf7add084544567b927287592651fda3782e0e798\lib\jansi-native -Dmaven.multiModuleProjectDirectory=C:\Users\user\OneDrive\Desktop\Ciclo 2025-II\Taller de Desarrollo\TDUNU2025\MsTramiteTesis org.codehaus.plexus.classworlds.launcher.Launcher compile

Host: AMD Ryzen 5 7520U with Radeon Graphics         , 8 cores, 5G,  Windows 11 , 64 bit Build 26100 (10.0.26100.7309)
Time: Tue Jan  6 23:40:07 2026 Hora est. Pacífico, Sudamérica elapsed time: 5.790701 seconds (0d 0h 0m 5s)

---------------  T H R E A D  ---------------

Current thread (0x0000013740329810):  JavaThread "C2 CompilerThread0" daemon [_thread_in_native, id=19768, stack(0x0000003098300000,0x0000003098400000) (1024K)]


Current CompileTask:
C2:5790 1302   !   4       sun.nio.cs.StreamDecoder::read (220 bytes)

Stack: [0x0000003098300000,0x0000003098400000]
Native frames: (J=compiled Java code, j=interpreted, Vv=VM code, C=native code)
V  [jvm.dll+0x7a6b59]  (no source info available)
V  [jvm.dll+0x77290d]  (no source info available)
V  [jvm.dll+0x966153]  (no source info available)
V  [jvm.dll+0x968751]  (no source info available)
V  [jvm.dll+0x968e53]  (no source info available)
V  [jvm.dll+0x2fc756]  (no source info available)
V  [jvm.dll+0x111b26]  (no source info available)
V  [jvm.dll+0x111e4e]  (no source info available)
V  [jvm.dll+0x1a0a22]  (no source info available)
V  [jvm.dll+0x3b53c2]  (no source info available)
V  [jvm.dll+0x7ac4ef]  (no source info available)
V  [jvm.dll+0x2c0ac7]  (no source info available)
V  [jvm.dll+0x2bfa8f]  (no source info available)
V  [jvm.dll+0x237b60]  (no source info available)
V  [jvm.dll+0x2cfb56]  (no source info available)
V  [jvm.dll+0x2cddd5]  (no source info available)
V  [jvm.dll+0x48e6d1]  (no source info available)
V  [jvm.dll+0x906a0d]  (no source info available)
V  [jvm.dll+0x7a5135]  (no source info available)
C  [ucrtbase.dll+0x37b0]  (no source info available)
C  [KERNEL32.DLL+0x2e8d7]  (no source info available)
C  [ntdll.dll+0x8c53c]  (no source info available)

Lock stack of current Java thread (top to bottom):


---------------  P R O C E S S  ---------------

Threads class SMR info:
_java_thread_list=0x00000137457a75b0, length=13, elements={
0x000001372224f2d0, 0x0000013740320630, 0x0000013740322e00, 0x00000137403255d0,
0x0000013740327da0, 0x0000013740328560, 0x0000013740328d20, 0x0000013740329810,
0x000001374034d740, 0x00000137404a5bc0, 0x00000137404b1590, 0x000001374585e8d0,
0x00000137458978c0
}

Java Threads: ( => current thread )
  0x000001372224f2d0 JavaThread "main"                              [_thread_in_Java, id=19152, stack(0x0000003097500000,0x0000003097600000) (1024K)]
  0x0000013740320630 JavaThread "Reference Handler"          daemon [_thread_blocked, id=208, stack(0x0000003097d00000,0x0000003097e00000) (1024K)]
  0x0000013740322e00 JavaThread "Finalizer"                  daemon [_thread_blocked, id=17448, stack(0x0000003097e00000,0x0000003097f00000) (1024K)]
  0x00000137403255d0 JavaThread "Signal Dispatcher"          daemon [_thread_blocked, id=10048, stack(0x0000003097f00000,0x0000003098000000) (1024K)]
  0x0000013740327da0 JavaThread "Attach Listener"            daemon [_thread_blocked, id=20812, stack(0x0000003098000000,0x0000003098100000) (1024K)]
  0x0000013740328560 JavaThread "Service Thread"             daemon [_thread_blocked, id=21140, stack(0x0000003098100000,0x0000003098200000) (1024K)]
  0x0000013740328d20 JavaThread "Monitor Deflation Thread"   daemon [_thread_blocked, id=2584, stack(0x0000003098200000,0x0000003098300000) (1024K)]
=>0x0000013740329810 JavaThread "C2 CompilerThread0"         daemon [_thread_in_native, id=19768, stack(0x0000003098300000,0x0000003098400000) (1024K)]
  0x000001374034d740 JavaThread "C1 CompilerThread0"         daemon [_thread_blocked, id=12588, stack(0x0000003098400000,0x0000003098500000) (1024K)]
  0x00000137404a5bc0 JavaThread "Notification Thread"        daemon [_thread_blocked, id=732, stack(0x0000003098500000,0x0000003098600000) (1024K)]
  0x00000137404b1590 JavaThread "Common-Cleaner"             daemon [_thread_blocked, id=19072, stack(0x0000003098600000,0x0000003098700000) (1024K)]
  0x000001374585e8d0 JavaThread "C2 CompilerThread1"         daemon [_thread_in_native, id=21436, stack(0x0000003098700000,0x0000003098800000) (1024K)]
  0x00000137458978c0 JavaThread "C2 CompilerThread2"         daemon [_thread_in_native, id=19656, stack(0x0000003098800000,0x0000003098900000) (1024K)]
Total: 13

Other Threads:
  0x0000013740311ca0 VMThread "VM Thread"                           [id=9372, stack(0x0000003097c00000,0x0000003097d00000) (1024K)]
  0x0000013740303c80 WatcherThread "VM Periodic Task Thread"        [id=6164, stack(0x0000003097b00000,0x0000003097c00000) (1024K)]
  0x0000013722299010 WorkerThread "GC Thread#0"                     [id=18296, stack(0x0000003097600000,0x0000003097700000) (1024K)]
  0x00000137222abaa0 ConcurrentGCThread "G1 Main Marker"            [id=19604, stack(0x0000003097700000,0x0000003097800000) (1024K)]
  0x00000137222adb40 WorkerThread "G1 Conc#0"                       [id=18848, stack(0x0000003097800000,0x0000003097900000) (1024K)]
  0x0000013722303190 ConcurrentGCThread "G1 Refine#0"               [id=19012, stack(0x0000003097900000,0x0000003097a00000) (1024K)]
  0x0000013722306670 ConcurrentGCThread "G1 Service"                [id=20052, stack(0x0000003097a00000,0x0000003097b00000) (1024K)]
Total: 7

Threads with active compile tasks:
C2 CompilerThread0  6910 1302   !   4       sun.nio.cs.StreamDecoder::read (220 bytes)
C2 CompilerThread1  6910 1323   !   4       sun.nio.cs.StreamDecoder::read0 (116 bytes)
C2 CompilerThread2  6910 1348 % !   4       java.util.concurrent.ConcurrentHashMap::transfer @ 96 (849 bytes)
Total: 3

VM state: not at safepoint (normal execution)

VM Mutex/Monitor currently owned by a thread: None

Heap address: 0x00000000a2c00000, size: 1492 MB, Compressed Oops mode: 32-bit

CDS archive(s) mapped at: [0x000000002f000000-0x000000002fdd0000-0x000000002fdd0000), size 14483456, SharedBaseAddress: 0x000000002f000000, ArchiveRelocationMode: 1.
Compressed class space mapped at: 0x0000000030000000-0x0000000070000000, reserved size: 1073741824
UseCompressedClassPointers 1, UseCompactObjectHeaders 0
Narrow klass pointer bits 32, Max shift 3
Narrow klass base: 0x000000002f000000, Narrow klass shift: 0
Encoding Range: [0x000000002f000000 - 0x000000012f000000), (4294967296 bytes)
Klass Range:    [0x000000002f010000 - 0x0000000070000000), (1090453504 bytes)
Klass ID Range:  [65536 - 1090519033) (1090453497)
Protection zone: [0x000000002f000000 - 0x000000002f010000), (65536 bytes)

GC Precious Log:
 CardTable entry size: 512
 Card Set container configuration: InlinePtr #cards 5 size 8 Array Of Cards #cards 10 size 36 Howl #buckets 4 coarsen threshold 1843 Howl Bitmap #cards 512 size 80 coarsen threshold 460 Card regions per heap region 1 cards per card region 2048
 CPUs: 8 total, 8 available
 Memory: 5965M
 Large Page Support: Disabled
 NUMA Support: Disabled
 Compressed Oops: Enabled (32-bit)
 Heap Region Size: 1M
 Heap Min Capacity: 8M
 Heap Initial Capacity: 94M
 Heap Max Capacity: 1492M
 Pre-touch: Disabled
 Parallel Workers: 8
 Concurrent Workers: 2
 Concurrent Refinement Workers: 8
 Periodic GC: Disabled

Heap:
 garbage-first heap   total reserved 1527808K, committed 98304K, used 26773K [0x00000000a2c00000, 0x0000000100000000)
  region size 1024K, 26 young (26624K), 0 survivors (0K)

Heap Regions: E=young(eden), S=young(survivor), O=old, HS=humongous(starts), HC=humongous(continues), CS=collection set, F=free, TAMS=top-at-mark-start, PB=parsable bottom
|   0|0x00000000a2c00000, 0x00000000a2c00000, 0x00000000a2d00000|  0%| F|  |TAMS 0x00000000a2c00000| PB 0x00000000a2c00000| Untracked |  0
|   1|0x00000000a2d00000, 0x00000000a2d00000, 0x00000000a2e00000|  0%| F|  |TAMS 0x00000000a2d00000| PB 0x00000000a2d00000| Untracked |  0
|   2|0x00000000a2e00000, 0x00000000a2e00000, 0x00000000a2f00000|  0%| F|  |TAMS 0x00000000a2e00000| PB 0x00000000a2e00000| Untracked |  0
|   3|0x00000000a2f00000, 0x00000000a2f00000, 0x00000000a3000000|  0%| F|  |TAMS 0x00000000a2f00000| PB 0x00000000a2f00000| Untracked |  0
|   4|0x00000000a3000000, 0x00000000a3000000, 0x00000000a3100000|  0%| F|  |TAMS 0x00000000a3000000| PB 0x00000000a3000000| Untracked |  0
|   5|0x00000000a3100000, 0x00000000a3100000, 0x00000000a3200000|  0%| F|  |TAMS 0x00000000a3100000| PB 0x00000000a3100000| Untracked |  0
|   6|0x00000000a3200000, 0x00000000a3200000, 0x00000000a3300000|  0%| F|  |TAMS 0x00000000a3200000| PB 0x00000000a3200000| Untracked |  0
|   7|0x00000000a3300000, 0x00000000a3300000, 0x00000000a3400000|  0%| F|  |TAMS 0x00000000a3300000| PB 0x00000000a3300000| Untracked |  0
|   8|0x00000000a3400000, 0x00000000a3400000, 0x00000000a3500000|  0%| F|  |TAMS 0x00000000a3400000| PB 0x00000000a3400000| Untracked |  0
|   9|0x00000000a3500000, 0x00000000a3500000, 0x00000000a3600000|  0%| F|  |TAMS 0x00000000a3500000| PB 0x00000000a3500000| Untracked |  0
|  10|0x00000000a3600000, 0x00000000a3600000, 0x00000000a3700000|  0%| F|  |TAMS 0x00000000a3600000| PB 0x00000000a3600000| Untracked |  0
|  11|0x00000000a3700000, 0x00000000a3700000, 0x00000000a3800000|  0%| F|  |TAMS 0x00000000a3700000| PB 0x00000000a3700000| Untracked |  0
|  12|0x00000000a3800000, 0x00000000a3800000, 0x00000000a3900000|  0%| F|  |TAMS 0x00000000a3800000| PB 0x00000000a3800000| Untracked |  0
|  13|0x00000000a3900000, 0x00000000a3900000, 0x00000000a3a00000|  0%| F|  |TAMS 0x00000000a3900000| PB 0x00000000a3900000| Untracked |  0
|  14|0x00000000a3a00000, 0x00000000a3a00000, 0x00000000a3b00000|  0%| F|  |TAMS 0x00000000a3a00000| PB 0x00000000a3a00000| Untracked |  0
|  15|0x00000000a3b00000, 0x00000000a3b00000, 0x00000000a3c00000|  0%| F|  |TAMS 0x00000000a3b00000| PB 0x00000000a3b00000| Untracked |  0
|  16|0x00000000a3c00000, 0x00000000a3c00000, 0x00000000a3d00000|  0%| F|  |TAMS 0x00000000a3c00000| PB 0x00000000a3c00000| Untracked |  0
|  17|0x00000000a3d00000, 0x00000000a3d00000, 0x00000000a3e00000|  0%| F|  |TAMS 0x00000000a3d00000| PB 0x00000000a3d00000| Untracked |  0
|  18|0x00000000a3e00000, 0x00000000a3e00000, 0x00000000a3f00000|  0%| F|  |TAMS 0x00000000a3e00000| PB 0x00000000a3e00000| Untracked |  0
|  19|0x00000000a3f00000, 0x00000000a3f00000, 0x00000000a4000000|  0%| F|  |TAMS 0x00000000a3f00000| PB 0x00000000a3f00000| Untracked |  0
|  20|0x00000000a4000000, 0x00000000a4000000, 0x00000000a4100000|  0%| F|  |TAMS 0x00000000a4000000| PB 0x00000000a4000000| Untracked |  0
|  21|0x00000000a4100000, 0x00000000a4100000, 0x00000000a4200000|  0%| F|  |TAMS 0x00000000a4100000| PB 0x00000000a4100000| Untracked |  0
|  22|0x00000000a4200000, 0x00000000a4200000, 0x00000000a4300000|  0%| F|  |TAMS 0x00000000a4200000| PB 0x00000000a4200000| Untracked |  0
|  23|0x00000000a4300000, 0x00000000a4300000, 0x00000000a4400000|  0%| F|  |TAMS 0x00000000a4300000| PB 0x00000000a4300000| Untracked |  0
|  24|0x00000000a4400000, 0x00000000a4400000, 0x00000000a4500000|  0%| F|  |TAMS 0x00000000a4400000| PB 0x00000000a4400000| Untracked |  0
|  25|0x00000000a4500000, 0x00000000a4500000, 0x00000000a4600000|  0%| F|  |TAMS 0x00000000a4500000| PB 0x00000000a4500000| Untracked |  0
|  26|0x00000000a4600000, 0x00000000a4600000, 0x00000000a4700000|  0%| F|  |TAMS 0x00000000a4600000| PB 0x00000000a4600000| Untracked |  0
|  27|0x00000000a4700000, 0x00000000a4700000, 0x00000000a4800000|  0%| F|  |TAMS 0x00000000a4700000| PB 0x00000000a4700000| Untracked |  0
|  28|0x00000000a4800000, 0x00000000a4800000, 0x00000000a4900000|  0%| F|  |TAMS 0x00000000a4800000| PB 0x00000000a4800000| Untracked |  0
|  29|0x00000000a4900000, 0x00000000a4900000, 0x00000000a4a00000|  0%| F|  |TAMS 0x00000000a4900000| PB 0x00000000a4900000| Untracked |  0
|  30|0x00000000a4a00000, 0x00000000a4a00000, 0x00000000a4b00000|  0%| F|  |TAMS 0x00000000a4a00000| PB 0x00000000a4a00000| Untracked |  0
|  31|0x00000000a4b00000, 0x00000000a4b00000, 0x00000000a4c00000|  0%| F|  |TAMS 0x00000000a4b00000| PB 0x00000000a4b00000| Untracked |  0
|  32|0x00000000a4c00000, 0x00000000a4c00000, 0x00000000a4d00000|  0%| F|  |TAMS 0x00000000a4c00000| PB 0x00000000a4c00000| Untracked |  0
|  33|0x00000000a4d00000, 0x00000000a4d00000, 0x00000000a4e00000|  0%| F|  |TAMS 0x00000000a4d00000| PB 0x00000000a4d00000| Untracked |  0
|  34|0x00000000a4e00000, 0x00000000a4e00000, 0x00000000a4f00000|  0%| F|  |TAMS 0x00000000a4e00000| PB 0x00000000a4e00000| Untracked |  0
|  35|0x00000000a4f00000, 0x00000000a4f00000, 0x00000000a5000000|  0%| F|  |TAMS 0x00000000a4f00000| PB 0x00000000a4f00000| Untracked |  0
|  36|0x00000000a5000000, 0x00000000a5000000, 0x00000000a5100000|  0%| F|  |TAMS 0x00000000a5000000| PB 0x00000000a5000000| Untracked |  0
|  37|0x00000000a5100000, 0x00000000a5100000, 0x00000000a5200000|  0%| F|  |TAMS 0x00000000a5100000| PB 0x00000000a5100000| Untracked |  0
|  38|0x00000000a5200000, 0x00000000a5200000, 0x00000000a5300000|  0%| F|  |TAMS 0x00000000a5200000| PB 0x00000000a5200000| Untracked |  0
|  39|0x00000000a5300000, 0x00000000a5300000, 0x00000000a5400000|  0%| F|  |TAMS 0x00000000a5300000| PB 0x00000000a5300000| Untracked |  0
|  40|0x00000000a5400000, 0x00000000a5400000, 0x00000000a5500000|  0%| F|  |TAMS 0x00000000a5400000| PB 0x00000000a5400000| Untracked |  0
|  41|0x00000000a5500000, 0x00000000a5500000, 0x00000000a5600000|  0%| F|  |TAMS 0x00000000a5500000| PB 0x00000000a5500000| Untracked |  0
|  42|0x00000000a5600000, 0x00000000a5600000, 0x00000000a5700000|  0%| F|  |TAMS 0x00000000a5600000| PB 0x00000000a5600000| Untracked |  0
|  43|0x00000000a5700000, 0x00000000a5700000, 0x00000000a5800000|  0%| F|  |TAMS 0x00000000a5700000| PB 0x00000000a5700000| Untracked |  0
|  44|0x00000000a5800000, 0x00000000a5800000, 0x00000000a5900000|  0%| F|  |TAMS 0x00000000a5800000| PB 0x00000000a5800000| Untracked |  0
|  45|0x00000000a5900000, 0x00000000a5900000, 0x00000000a5a00000|  0%| F|  |TAMS 0x00000000a5900000| PB 0x00000000a5900000| Untracked |  0
|  46|0x00000000a5a00000, 0x00000000a5a00000, 0x00000000a5b00000|  0%| F|  |TAMS 0x00000000a5a00000| PB 0x00000000a5a00000| Untracked |  0
|  47|0x00000000a5b00000, 0x00000000a5b00000, 0x00000000a5c00000|  0%| F|  |TAMS 0x00000000a5b00000| PB 0x00000000a5b00000| Untracked |  0
|  48|0x00000000a5c00000, 0x00000000a5c00000, 0x00000000a5d00000|  0%| F|  |TAMS 0x00000000a5c00000| PB 0x00000000a5c00000| Untracked |  0
|  49|0x00000000a5d00000, 0x00000000a5d00000, 0x00000000a5e00000|  0%| F|  |TAMS 0x00000000a5d00000| PB 0x00000000a5d00000| Untracked |  0
|  50|0x00000000a5e00000, 0x00000000a5e00000, 0x00000000a5f00000|  0%| F|  |TAMS 0x00000000a5e00000| PB 0x00000000a5e00000| Untracked |  0
|  51|0x00000000a5f00000, 0x00000000a5f00000, 0x00000000a6000000|  0%| F|  |TAMS 0x00000000a5f00000| PB 0x00000000a5f00000| Untracked |  0
|  52|0x00000000a6000000, 0x00000000a6000000, 0x00000000a6100000|  0%| F|  |TAMS 0x00000000a6000000| PB 0x00000000a6000000| Untracked |  0
|  53|0x00000000a6100000, 0x00000000a6100000, 0x00000000a6200000|  0%| F|  |TAMS 0x00000000a6100000| PB 0x00000000a6100000| Untracked |  0
|  54|0x00000000a6200000, 0x00000000a6200000, 0x00000000a6300000|  0%| F|  |TAMS 0x00000000a6200000| PB 0x00000000a6200000| Untracked |  0
|  55|0x00000000a6300000, 0x00000000a6300000, 0x00000000a6400000|  0%| F|  |TAMS 0x00000000a6300000| PB 0x00000000a6300000| Untracked |  0
|  56|0x00000000a6400000, 0x00000000a6400000, 0x00000000a6500000|  0%| F|  |TAMS 0x00000000a6400000| PB 0x00000000a6400000| Untracked |  0
|  57|0x00000000a6500000, 0x00000000a6500000, 0x00000000a6600000|  0%| F|  |TAMS 0x00000000a6500000| PB 0x00000000a6500000| Untracked |  0
|  58|0x00000000a6600000, 0x00000000a6600000, 0x00000000a6700000|  0%| F|  |TAMS 0x00000000a6600000| PB 0x00000000a6600000| Untracked |  0
|  59|0x00000000a6700000, 0x00000000a6700000, 0x00000000a6800000|  0%| F|  |TAMS 0x00000000a6700000| PB 0x00000000a6700000| Untracked |  0
|  60|0x00000000a6800000, 0x00000000a6800000, 0x00000000a6900000|  0%| F|  |TAMS 0x00000000a6800000| PB 0x00000000a6800000| Untracked |  0
|  61|0x00000000a6900000, 0x00000000a6900000, 0x00000000a6a00000|  0%| F|  |TAMS 0x00000000a6900000| PB 0x00000000a6900000| Untracked |  0
|  62|0x00000000a6a00000, 0x00000000a6a00000, 0x00000000a6b00000|  0%| F|  |TAMS 0x00000000a6a00000| PB 0x00000000a6a00000| Untracked |  0
|  63|0x00000000a6b00000, 0x00000000a6b00000, 0x00000000a6c00000|  0%| F|  |TAMS 0x00000000a6b00000| PB 0x00000000a6b00000| Untracked |  0
|  64|0x00000000a6c00000, 0x00000000a6c00000, 0x00000000a6d00000|  0%| F|  |TAMS 0x00000000a6c00000| PB 0x00000000a6c00000| Untracked |  0
|  65|0x00000000a6d00000, 0x00000000a6d00000, 0x00000000a6e00000|  0%| F|  |TAMS 0x00000000a6d00000| PB 0x00000000a6d00000| Untracked |  0
|  66|0x00000000a6e00000, 0x00000000a6e00000, 0x00000000a6f00000|  0%| F|  |TAMS 0x00000000a6e00000| PB 0x00000000a6e00000| Untracked |  0
|  67|0x00000000a6f00000, 0x00000000a6f00000, 0x00000000a7000000|  0%| F|  |TAMS 0x00000000a6f00000| PB 0x00000000a6f00000| Untracked |  0
|  68|0x00000000a7000000, 0x00000000a7080000, 0x00000000a7100000| 50%| E|  |TAMS 0x00000000a7000000| PB 0x00000000a7000000| Complete |  0
|  69|0x00000000a7100000, 0x00000000a7200000, 0x00000000a7200000|100%| E|CS|TAMS 0x00000000a7100000| PB 0x00000000a7100000| Complete |  0
|  70|0x00000000a7200000, 0x00000000a7300000, 0x00000000a7300000|100%| E|CS|TAMS 0x00000000a7200000| PB 0x00000000a7200000| Complete |  0
|  71|0x00000000a7300000, 0x00000000a7400000, 0x00000000a7400000|100%| E|CS|TAMS 0x00000000a7300000| PB 0x00000000a7300000| Complete |  0
|  72|0x00000000a7400000, 0x00000000a7500000, 0x00000000a7500000|100%| E|CS|TAMS 0x00000000a7400000| PB 0x00000000a7400000| Complete |  0
|  73|0x00000000a7500000, 0x00000000a7600000, 0x00000000a7600000|100%| E|CS|TAMS 0x00000000a7500000| PB 0x00000000a7500000| Complete |  0
|  74|0x00000000a7600000, 0x00000000a7700000, 0x00000000a7700000|100%| E|CS|TAMS 0x00000000a7600000| PB 0x00000000a7600000| Complete |  0
|  75|0x00000000a7700000, 0x00000000a7800000, 0x00000000a7800000|100%| E|CS|TAMS 0x00000000a7700000| PB 0x00000000a7700000| Complete |  0
|  76|0x00000000a7800000, 0x00000000a7900000, 0x00000000a7900000|100%| E|CS|TAMS 0x00000000a7800000| PB 0x00000000a7800000| Complete |  0
|  77|0x00000000a7900000, 0x00000000a7a00000, 0x00000000a7a00000|100%| E|CS|TAMS 0x00000000a7900000| PB 0x00000000a7900000| Complete |  0
|  78|0x00000000a7a00000, 0x00000000a7b00000, 0x00000000a7b00000|100%| E|CS|TAMS 0x00000000a7a00000| PB 0x00000000a7a00000| Complete |  0
|  79|0x00000000a7b00000, 0x00000000a7c00000, 0x00000000a7c00000|100%| E|CS|TAMS 0x00000000a7b00000| PB 0x00000000a7b00000| Complete |  0
|  80|0x00000000a7c00000, 0x00000000a7d00000, 0x00000000a7d00000|100%| E|CS|TAMS 0x00000000a7c00000| PB 0x00000000a7c00000| Complete |  0
|  81|0x00000000a7d00000, 0x00000000a7e00000, 0x00000000a7e00000|100%| E|CS|TAMS 0x00000000a7d00000| PB 0x00000000a7d00000| Complete |  0
|  82|0x00000000a7e00000, 0x00000000a7f00000, 0x00000000a7f00000|100%| E|CS|TAMS 0x00000000a7e00000| PB 0x00000000a7e00000| Complete |  0
|  83|0x00000000a7f00000, 0x00000000a8000000, 0x00000000a8000000|100%| E|CS|TAMS 0x00000000a7f00000| PB 0x00000000a7f00000| Complete |  0
|  84|0x00000000a8000000, 0x00000000a8100000, 0x00000000a8100000|100%| E|CS|TAMS 0x00000000a8000000| PB 0x00000000a8000000| Complete |  0
|  85|0x00000000a8100000, 0x00000000a8200000, 0x00000000a8200000|100%| E|CS|TAMS 0x00000000a8100000| PB 0x00000000a8100000| Complete |  0
|  86|0x00000000a8200000, 0x00000000a8300000, 0x00000000a8300000|100%| E|CS|TAMS 0x00000000a8200000| PB 0x00000000a8200000| Complete |  0
|  87|0x00000000a8300000, 0x00000000a8400000, 0x00000000a8400000|100%| E|CS|TAMS 0x00000000a8300000| PB 0x00000000a8300000| Complete |  0
|  88|0x00000000a8400000, 0x00000000a8500000, 0x00000000a8500000|100%| E|CS|TAMS 0x00000000a8400000| PB 0x00000000a8400000| Complete |  0
|  89|0x00000000a8500000, 0x00000000a8600000, 0x00000000a8600000|100%| E|CS|TAMS 0x00000000a8500000| PB 0x00000000a8500000| Complete |  0
|  90|0x00000000a8600000, 0x00000000a8700000, 0x00000000a8700000|100%| E|CS|TAMS 0x00000000a8600000| PB 0x00000000a8600000| Complete |  0
|  91|0x00000000a8700000, 0x00000000a8800000, 0x00000000a8800000|100%| E|CS|TAMS 0x00000000a8700000| PB 0x00000000a8700000| Complete |  0
|  92|0x00000000a8800000, 0x00000000a8900000, 0x00000000a8900000|100%| E|CS|TAMS 0x00000000a8800000| PB 0x00000000a8800000| Complete |  0
|  93|0x00000000a8900000, 0x00000000a8a00000, 0x00000000a8a00000|100%| E|CS|TAMS 0x00000000a8900000| PB 0x00000000a8900000| Complete |  0
|1490|0x00000000ffe00000, 0x00000000fff00000, 0x00000000fff00000|100%| O|  |TAMS 0x00000000ffe00000| PB 0x00000000ffe00000| Untracked |  0
|1491|0x00000000fff00000, 0x00000000fff256a0, 0x0000000100000000| 14%| O|  |TAMS 0x00000000fff00000| PB 0x00000000fff00000| Untracked |  0

Card table byte_map: [0x000001373bf10000,0x000001373c200000] _byte_map_base: 0x000001373b9fa000

Marking Bits: (CMBitMap*) 0x00000137222997a0
 Bits: [0x000001373c200000, 0x000001373d950000)

Polling page: 0x0000013721f60000

Metaspace:
Metaspace        used 5652K, committed 5824K, reserved 1114112K
 class space     used 501K, committed 576K, reserved 1048576K

Usage:
  Non-class:      5.03 MB used.
      Class:    501.54 KB used.
       Both:      5.52 MB used.

Virtual space:
  Non-class space:       64.00 MB reserved,       5.12 MB (  8%) committed,  1 nodes.
      Class space:        1.00 GB reserved,     576.00 KB ( <1%) committed,  1 nodes.
             Both:        1.06 GB reserved,       5.69 MB ( <1%) committed. 

Chunk freelists:
   Non-Class:  8.98 MB
       Class:  15.39 MB
        Both:  24.38 MB

MaxMetaspaceSize: unlimited
CompressedClassSpaceSize: 1.00 GB
Initial GC threshold: 21.00 MB
Current GC threshold: 21.00 MB
CDS: on
 - commit_granule_bytes: 65536.
 - commit_granule_words: 8192.
 - virtual_space_node_default_size: 8388608.
 - enlarge_chunks_in_place: 1.
UseCompressedClassPointers 1, UseCompactObjectHeaders 0
Narrow klass pointer bits 32, Max shift 3
Narrow klass base: 0x000000002f000000, Narrow klass shift: 0
Encoding Range: [0x000000002f000000 - 0x000000012f000000), (4294967296 bytes)
Klass Range:    [0x000000002f010000 - 0x0000000070000000), (1090453504 bytes)
Klass ID Range:  [65536 - 1090519033) (1090453497)
Protection zone: [0x000000002f000000 - 0x000000002f010000), (65536 bytes)


Internal statistics:

num_allocs_failed_limit: 0.
num_arena_births: 60.
num_arena_deaths: 0.
num_vsnodes_births: 2.
num_vsnodes_deaths: 0.
num_space_committed: 91.
num_space_uncommitted: 0.
num_chunks_returned_to_freelist: 0.
num_chunks_taken_from_freelist: 233.
num_chunk_merges: 0.
num_chunk_splits: 147.
num_chunks_enlarged: 115.
num_inconsistent_stats: 0.

CodeHeap 'non-profiled nmethods': size=120064Kb used=362Kb max_used=362Kb free=119701Kb
 bounds [0x0000013733c80000, 0x0000013733ef0000, 0x000001373b1c0000]
CodeHeap 'profiled nmethods': size=120000Kb used=1979Kb max_used=1979Kb free=118020Kb
 bounds [0x000001372c1c0000, 0x000001372c430000, 0x00000137336f0000]
CodeHeap 'non-nmethods': size=5696Kb used=1354Kb max_used=1383Kb free=4342Kb
 bounds [0x00000137336f0000, 0x0000013733960000, 0x0000013733c80000]
CodeCache: size=245760Kb, used=3695Kb, max_used=3724Kb, free=242063Kb
 total_blobs=1822, nmethods=1347, adapters=378, full_count=0
Compilation: enabled, stopped_count=0, restarted_count=0

Compilation events (20 events):
Event: 4.763 Thread 0x000001374585e8d0 1304       4       java.nio.CharBuffer::arrayOffset (35 bytes)
Event: 4.763 Thread 0x000001374034d740 nmethod 1292 0x000001372c398d08 code [0x000001372c398e00, 0x000001372c399330]
Event: 4.763 Thread 0x000001374034d740 1293       3       sun.nio.cs.UTF_8::updatePositions (23 bytes)
Event: 4.763 Thread 0x000001374034d740 nmethod 1293 0x000001372c399388 code [0x000001372c399480, 0x000001372c3998a0]
Event: 4.763 Thread 0x000001374034d740 1294       3       java.nio.CharBuffer::<init> (24 bytes)
Event: 4.763 Thread 0x000001374034d740 nmethod 1294 0x000001372c399908 code [0x000001372c399a00, 0x000001372c399ba8]
Event: 4.763 Thread 0x000001374034d740 1295       3       java.nio.CharBuffer::limit (6 bytes)
Event: 4.764 Thread 0x000001374034d740 nmethod 1295 0x000001372c399c08 code [0x000001372c399d00, 0x000001372c399f28]
Event: 4.764 Thread 0x000001374034d740 1296       3       java.nio.CharBuffer::limit (8 bytes)
Event: 4.764 Thread 0x000001374034d740 nmethod 1296 0x000001372c399f88 code [0x000001372c39a080, 0x000001372c39a1d0]
Event: 4.764 Thread 0x000001374034d740 1297   !   3       java.nio.CharBuffer::wrap (21 bytes)
Event: 4.764 Thread 0x000001374034d740 nmethod 1297 0x000001372c39a288 code [0x000001372c39a380, 0x000001372c39a608]
Event: 4.764 Thread 0x000001374034d740 1298       3       java.nio.HeapCharBuffer::<init> (23 bytes)
Event: 4.764 Thread 0x000001374034d740 nmethod 1298 0x000001372c39a688 code [0x000001372c39a780, 0x000001372c39a8f8]
Event: 4.764 Thread 0x000001374034d740 1307       3       org.codehaus.plexus.util.xml.pull.MXParser::isS (30 bytes)
Event: 4.764 Thread 0x000001374585e8d0 nmethod 1304 0x0000013733cd0808 code [0x0000013733cd0900, 0x0000013733cd09b0]
Event: 4.764 Thread 0x000001374034d740 nmethod 1307 0x000001372c39a988 code [0x000001372c39aa80, 0x000001372c39ac38]
Event: 4.764 Thread 0x000001374585e8d0 1305       4       java.nio.CharBuffer::position (6 bytes)
Event: 4.765 Thread 0x000001374585e8d0 nmethod 1305 0x0000013733cd0b08 code [0x0000013733cd0c00, 0x0000013733cd0cf0]
Event: 4.765 Thread 0x000001374585e8d0 1306       4       java.io.InputStreamReader::read (11 bytes)

GC Heap Usage History (0 events):
No events

Metaspace Usage History (0 events):
No events

Dll operation events (7 events):
Event: 0.028 Loaded shared library C:\Program Files\Java\jdk-25\bin\java.dll
Event: 0.201 Loaded shared library C:\Program Files\Java\jdk-25\bin\net.dll
Event: 0.238 Loaded shared library C:\Program Files\Java\jdk-25\bin\nio.dll
Event: 0.267 Loaded shared library C:\Program Files\Java\jdk-25\bin\zip.dll
Event: 1.529 Loaded shared library C:\Program Files\Java\jdk-25\bin\jimage.dll
Event: 1.550 Loaded shared library C:\Users\user\.m2\wrapper\dists\apache-maven-3.9.12\59fe215c0ad6947fea90184bf7add084544567b927287592651fda3782e0e798\lib\jansi-native\Windows\x86_64\jansi.dll
Event: 1.835 Loaded shared library C:\Program Files\Java\jdk-25\bin\verify.dll

Deoptimization events (20 events):
Event: 2.852 Thread 0x000001372224f2d0 Uncommon trap: trap_request=0xffffff45 fr.pc=0x0000013733c8e4f4 relative=0x0000000000000074
Event: 2.852 Thread 0x000001372224f2d0 Uncommon trap: reason=unstable_if action=reinterpret pc=0x0000013733c8e4f4 method=jdk.internal.misc.Unsafe.convEndian(ZI)I @ 4 c2
Event: 2.852 Thread 0x000001372224f2d0 DEOPT PACKING pc=0x0000013733c8e4f4 sp=0x00000030975fdf80
Event: 2.852 Thread 0x000001372224f2d0 DEOPT UNPACKING pc=0x0000013733779f82 sp=0x00000030975fdeb0 mode 2
Event: 2.894 Thread 0x000001372224f2d0 DEOPT PACKING pc=0x000001372c1f6128 sp=0x00000030975fd860
Event: 2.894 Thread 0x000001372224f2d0 DEOPT UNPACKING pc=0x0000013733741702 sp=0x00000030975fccd0 mode 0
Event: 2.914 Thread 0x000001372224f2d0 Uncommon trap: trap_request=0xffffff45 fr.pc=0x0000013733c8f3e4 relative=0x0000000000000064
Event: 2.914 Thread 0x000001372224f2d0 Uncommon trap: reason=unstable_if action=reinterpret pc=0x0000013733c8f3e4 method=java.lang.AbstractStringBuilder.needsNewBuffer([BBIB)Z @ 8 c2
Event: 2.914 Thread 0x000001372224f2d0 DEOPT PACKING pc=0x0000013733c8f3e4 sp=0x00000030975fe490
Event: 2.914 Thread 0x000001372224f2d0 DEOPT UNPACKING pc=0x0000013733779f82 sp=0x00000030975fe3f8 mode 2
Event: 2.974 Thread 0x000001372224f2d0 DEOPT PACKING pc=0x000001372c1ea8d8 sp=0x00000030975fd7e0
Event: 2.974 Thread 0x000001372224f2d0 DEOPT UNPACKING pc=0x0000013733741702 sp=0x00000030975fcc70 mode 0
Event: 4.729 Thread 0x000001372224f2d0 Uncommon trap: trap_request=0xffffff45 fr.pc=0x0000013733ccbe30 relative=0x0000000000000530
Event: 4.729 Thread 0x000001372224f2d0 Uncommon trap: reason=unstable_if action=reinterpret pc=0x0000013733ccbe30 method=java.util.HashMap.putVal(ILjava/lang/Object;Ljava/lang/Object;ZZ)Ljava/lang/Object; @ 181 c2
Event: 4.729 Thread 0x000001372224f2d0 DEOPT PACKING pc=0x0000013733ccbe30 sp=0x00000030975fe4c0
Event: 4.729 Thread 0x000001372224f2d0 DEOPT UNPACKING pc=0x0000013733779f82 sp=0x00000030975fe420 mode 2
Event: 4.737 Thread 0x000001372224f2d0 Uncommon trap: trap_request=0xffffff6e fr.pc=0x0000013733cb429c relative=0x000000000000031c
Event: 4.737 Thread 0x000001372224f2d0 Uncommon trap: reason=predicate action=maybe_recompile pc=0x0000013733cb429c method=java.util.regex.Pattern$BmpCharPropertyGreedy.match(Ljava/util/regex/Matcher;ILjava/lang/CharSequence;)Z @ 12 c2
Event: 4.737 Thread 0x000001372224f2d0 DEOPT PACKING pc=0x0000013733cb429c sp=0x00000030975fe060
Event: 4.737 Thread 0x000001372224f2d0 DEOPT UNPACKING pc=0x0000013733779f82 sp=0x00000030975fe018 mode 2

Classes loaded (20 events):
Event: 4.487 Loading class java/lang/reflect/UndeclaredThrowableException
Event: 4.488 Loading class java/lang/reflect/UndeclaredThrowableException done
Event: 4.503 Loading class java/lang/annotation/Target
Event: 4.503 Loading class java/lang/annotation/Target done
Event: 4.503 Loading class java/lang/annotation/ElementType
Event: 4.504 Loading class java/lang/annotation/ElementType done
Event: 4.505 Loading class java/lang/annotation/Documented
Event: 4.505 Loading class java/lang/annotation/Documented done
Event: 4.546 Loading class java/util/concurrent/TimeoutException
Event: 4.547 Loading class java/util/concurrent/TimeoutException done
Event: 4.547 Loading class java/util/concurrent/CancellationException
Event: 4.548 Loading class java/util/concurrent/CancellationException done
Event: 4.571 Loading class java/lang/reflect/ParameterizedType
Event: 4.571 Loading class java/lang/reflect/ParameterizedType done
Event: 4.581 Loading class java/lang/reflect/WildcardType
Event: 4.582 Loading class java/lang/reflect/WildcardType done
Event: 4.598 Loading class sun/reflect/generics/tree/TypeVariableSignature
Event: 4.599 Loading class sun/reflect/generics/tree/TypeVariableSignature done
Event: 4.696 Loading class java/lang/annotation/IncompleteAnnotationException
Event: 4.696 Loading class java/lang/annotation/IncompleteAnnotationException done

Classes unloaded (0 events):
No events

Classes redefined (0 events):
No events

Internal exceptions (20 events):
Event: 1.566 Thread 0x000001372224f2d0 Exception <a 'java/lang/NullPointerException'{0x00000000a845c1b0}> (0x00000000a845c1b0) 
thrown [s\open\src\hotspot\share\interpreter\linkResolver.cpp, line 1416]
Event: 1.566 Thread 0x000001372224f2d0 Exception <a 'java/lang/NullPointerException'{0x00000000a845c490}> (0x00000000a845c490) 
thrown [s\open\src\hotspot\share\interpreter\linkResolver.cpp, line 1416]
Event: 1.566 Thread 0x000001372224f2d0 Exception <a 'java/lang/NullPointerException'{0x00000000a845c770}> (0x00000000a845c770) 
thrown [s\open\src\hotspot\share\interpreter\linkResolver.cpp, line 1416]
Event: 1.567 Thread 0x000001372224f2d0 Exception <a 'java/lang/NullPointerException'{0x00000000a8461730}> (0x00000000a8461730) 
thrown [s\open\src\hotspot\share\interpreter\linkResolver.cpp, line 1416]
Event: 1.571 Thread 0x000001372224f2d0 Exception <a 'java/lang/NullPointerException'{0x00000000a8473190}> (0x00000000a8473190) 
thrown [s\open\src\hotspot\share\interpreter\linkResolver.cpp, line 1416]
Event: 1.571 Thread 0x000001372224f2d0 Exception <a 'java/lang/NullPointerException'{0x00000000a8473470}> (0x00000000a8473470) 
thrown [s\open\src\hotspot\share\interpreter\linkResolver.cpp, line 1416]
Event: 1.571 Thread 0x000001372224f2d0 Exception <a 'java/lang/NullPointerException'{0x00000000a8473750}> (0x00000000a8473750) 
thrown [s\open\src\hotspot\share\interpreter\linkResolver.cpp, line 1416]
Event: 1.571 Thread 0x000001372224f2d0 Exception <a 'java/lang/NullPointerException'{0x00000000a8473a30}> (0x00000000a8473a30) 
thrown [s\open\src\hotspot\share\interpreter\linkResolver.cpp, line 1416]
Event: 1.854 Thread 0x000001372224f2d0 Exception <a 'java/lang/NoSuchMethodError'{0x00000000a83505a0}: 'void java.lang.invoke.DirectMethodHandle$Holder.invokeVirtual(java.lang.Object, java.lang.Object)'> (0x00000000a83505a0) 
thrown [s\open\src\hotspot\share\interpreter\linkResolver.cpp, line 804]
Event: 1.860 Thread 0x000001372224f2d0 Exception <a 'java/lang/NoSuchMethodError'{0x00000000a8371f08}: 'void java.lang.invoke.DirectMethodHandle$Holder.invokeStatic(java.lang.Object, java.lang.Object)'> (0x00000000a8371f08) 
thrown [s\open\src\hotspot\share\interpreter\linkResolver.cpp, line 804]
Event: 1.861 Thread 0x000001372224f2d0 Exception <a 'java/lang/NoSuchMethodError'{0x00000000a8379cb0}: 'void java.lang.invoke.DirectMethodHandle$Holder.invokeStaticInit(java.lang.Object, java.lang.Object)'> (0x00000000a8379cb0) 
thrown [s\open\src\hotspot\share\interpreter\linkResolver.cpp, line 804]
Event: 1.896 Thread 0x000001372224f2d0 Exception <a 'java/lang/NoSuchMethodError'{0x00000000a83cc240}: 'void java.lang.invoke.DirectMethodHandle$Holder.invokeStatic(java.lang.Object, java.lang.Object, java.lang.Object)'> (0x00000000a83cc240) 
thrown [s\open\src\hotspot\share\interpreter\linkResolver.cpp, line 804]
Event: 2.413 Thread 0x000001372224f2d0 Exception <a 'java/lang/NoSuchMethodError'{0x00000000a8150ea8}: 'java.lang.Object java.lang.invoke.DirectMethodHandle$Holder.invokeSpecialIFC(java.lang.Object, java.lang.Object, java.lang.Object, java.lang.Object)'> (0x00000000a8150ea8) 
thrown [s\open\src\hotspot\share\interpreter\linkResolver.cpp, line 804]
Event: 3.707 Thread 0x000001372224f2d0 Exception <a 'java/lang/NoSuchMethodError'{0x00000000a7c72790}: 'void java.lang.invoke.DirectMethodHandle$Holder.invokeSpecial(java.lang.Object, java.lang.Object, java.lang.Object)'> (0x00000000a7c72790) 
thrown [s\open\src\hotspot\share\interpreter\linkResolver.cpp, line 804]
Event: 4.009 Thread 0x000001372224f2d0 Exception <a 'java/lang/NoSuchMethodError'{0x00000000a7b9bbc0}: 'java.lang.Object java.lang.invoke.DirectMethodHandle$Holder.invokeInterface(java.lang.Object, java.lang.Object)'> (0x00000000a7b9bbc0) 
thrown [s\open\src\hotspot\share\interpreter\linkResolver.cpp, line 804]
Event: 4.068 Thread 0x000001372224f2d0 Exception <a 'java/lang/NoSuchMethodError'{0x00000000a7a4d3c8}: 'int java.lang.invoke.DirectMethodHandle$Holder.invokeStatic(java.lang.Object, java.lang.Object, java.lang.Object, java.lang.Object)'> (0x00000000a7a4d3c8) 
thrown [s\open\src\hotspot\share\interpreter\linkResolver.cpp, line 804]
Event: 4.098 Thread 0x000001372224f2d0 Exception <a 'java/lang/NoSuchMethodError'{0x00000000a7a76fa0}: 'int java.lang.invoke.DirectMethodHandle$Holder.invokeSpecialIFC(java.lang.Object, java.lang.Object, java.lang.Object, java.lang.Object, java.lang.Object)'> (0x00000000a7a76fa0) 
thrown [s\open\src\hotspot\share\interpreter\linkResolver.cpp, line 804]
Event: 4.507 Thread 0x000001372224f2d0 Exception <a 'java/lang/NoSuchMethodError'{0x00000000a7855b18}: 'java.lang.Object java.lang.invoke.DirectMethodHandle$Holder.newInvokeSpecial(java.lang.Object, java.lang.Object, java.lang.Object, java.lang.Object, java.lang.Object)'> (0x00000000a7855b18) 
thrown [s\open\src\hotspot\share\interpreter\linkResolver.cpp, line 804]
Event: 4.647 Thread 0x000001372224f2d0 Exception <a 'java/lang/NoSuchMethodError'{0x00000000a77774e0}: 'int java.lang.invoke.DirectMethodHandle$Holder.invokeStaticInit(java.lang.Object, java.lang.Object)'> (0x00000000a77774e0) 
thrown [s\open\src\hotspot\share\interpreter\linkResolver.cpp, line 804]
Event: 4.697 Thread 0x000001372224f2d0 Exception <a 'java/lang/NoClassDefFoundError'{0x00000000a77b34d8}: javax/enterprise/inject/Typed> (0x00000000a77b34d8) 
thrown [s\open\src\hotspot\share\classfile\systemDictionary.cpp, line 316]

VM Operations (8 events):
Event: 0.273 Executing non-safepoint VM operation: HandshakeAllThreads (Deoptimize)
Event: 0.274 Executing non-safepoint VM operation: HandshakeAllThreads (Deoptimize) done
Event: 1.504 Executing non-safepoint VM operation: HandshakeAllThreads (Deoptimize)
Event: 1.504 Executing non-safepoint VM operation: HandshakeAllThreads (Deoptimize) done
Event: 1.559 Executing non-safepoint VM operation: HandshakeAllThreads (Deoptimize)
Event: 1.559 Executing non-safepoint VM operation: HandshakeAllThreads (Deoptimize) done
Event: 4.077 Executing non-safepoint VM operation: HandshakeAllThreads (Deoptimize)
Event: 4.077 Executing non-safepoint VM operation: HandshakeAllThreads (Deoptimize) done

Memory protections (0 events):
No events

Nmethod flushes (0 events):
No events

Events (16 events):
Event: 0.066 Thread 0x000001372224f2d0 Thread added: 0x000001372224f2d0
Event: 0.089 Thread 0x000001372224f2d0 Thread added: 0x0000013740320630
Event: 0.089 Thread 0x000001372224f2d0 Thread added: 0x0000013740322e00
Event: 0.090 Thread 0x000001372224f2d0 Thread added: 0x00000137403255d0
Event: 0.090 Thread 0x000001372224f2d0 Thread added: 0x0000013740327da0
Event: 0.090 Thread 0x000001372224f2d0 Thread added: 0x0000013740328560
Event: 0.090 Thread 0x000001372224f2d0 Thread added: 0x0000013740328d20
Event: 0.090 Thread 0x000001372224f2d0 Thread added: 0x0000013740329810
Event: 0.091 Thread 0x000001372224f2d0 Thread added: 0x000001374034d740
Event: 0.121 Thread 0x000001372224f2d0 Thread added: 0x00000137404a5bc0
Event: 0.128 Thread 0x000001372224f2d0 Thread added: 0x00000137404b1590
Event: 1.523 Thread 0x000001372224f2d0 Thread added: 0x0000013745015060
Event: 1.884 Thread 0x0000013745015060 Thread exited: 0x0000013745015060
Event: 2.904 Thread 0x000001374034d740 Thread added: 0x0000013745648b90
Event: 3.622 Thread 0x0000013745648b90 Thread exited: 0x0000013745648b90
Event: 4.761 Thread 0x000001374034d740 Thread added: 0x000001374585e8d0


Dynamic libraries:
0x00007ff6f1540000 - 0x00007ff6f1550000 	C:\Program Files\Java\jdk-25\bin\java.exe
0x00007ff924360000 - 0x00007ff9245c7000 	C:\Windows\SYSTEM32\ntdll.dll
0x00007ff922c80000 - 0x00007ff922d49000 	C:\Windows\System32\KERNEL32.DLL
0x00007ff921bd0000 - 0x00007ff921fbf000 	C:\Windows\System32\KERNELBASE.dll
0x00007ff9218e0000 - 0x00007ff921a2b000 	C:\Windows\System32\ucrtbase.dll
0x00007ff90dae0000 - 0x00007ff90daf7000 	C:\Program Files\Java\jdk-25\bin\jli.dll
0x00007ff902970000 - 0x00007ff90298e000 	C:\Program Files\Java\jdk-25\bin\VCRUNTIME140.dll
0x00007ff922d60000 - 0x00007ff922f25000 	C:\Windows\System32\USER32.dll
0x00007ff9093e0000 - 0x00007ff909673000 	C:\Windows\WinSxS\amd64_microsoft.windows.common-controls_6595b64144ccf1df_6.0.26100.7309_none_3e05feeae336a044\COMCTL32.dll
0x00007ff921a30000 - 0x00007ff921a57000 	C:\Windows\System32\win32u.dll
0x00007ff9236f0000 - 0x00007ff923799000 	C:\Windows\System32\msvcrt.dll
0x00007ff922590000 - 0x00007ff9225bb000 	C:\Windows\System32\GDI32.dll
0x00007ff921fd0000 - 0x00007ff9220fc000 	C:\Windows\System32\gdi32full.dll
0x00007ff921570000 - 0x00007ff921613000 	C:\Windows\System32\msvcp_win.dll
0x00007ff922fc0000 - 0x00007ff922ff1000 	C:\Windows\System32\IMM32.DLL
0x00007ff91c480000 - 0x00007ff91c48c000 	C:\Program Files\Java\jdk-25\bin\vcruntime140_1.dll
0x00007ff8f97f0000 - 0x00007ff8f987d000 	C:\Program Files\Java\jdk-25\bin\msvcp140.dll
0x00007ff86a100000 - 0x00007ff86af5f000 	C:\Program Files\Java\jdk-25\bin\server\jvm.dll
0x00007ff9237a0000 - 0x00007ff923854000 	C:\Windows\System32\ADVAPI32.dll
0x00007ff923000000 - 0x00007ff9230a6000 	C:\Windows\System32\sechost.dll
0x00007ff922620000 - 0x00007ff922738000 	C:\Windows\System32\RPCRT4.dll
0x00007ff922be0000 - 0x00007ff922c54000 	C:\Windows\System32\WS2_32.dll
0x00007ff916fb0000 - 0x00007ff916fe5000 	C:\Windows\SYSTEM32\WINMM.dll
0x00007ff9159e0000 - 0x00007ff9159eb000 	C:\Windows\SYSTEM32\VERSION.dll
0x00007ff921310000 - 0x00007ff92136e000 	C:\Windows\SYSTEM32\POWRPROF.dll
0x00007ff9212f0000 - 0x00007ff921304000 	C:\Windows\SYSTEM32\UMPDC.dll
0x00007ff920220000 - 0x00007ff92023b000 	C:\Windows\SYSTEM32\kernel.appcore.dll
0x00007ff916a60000 - 0x00007ff916a6a000 	C:\Program Files\Java\jdk-25\bin\jimage.dll
0x00007ff912b40000 - 0x00007ff912d82000 	C:\Windows\SYSTEM32\DBGHELP.DLL
0x00007ff922200000 - 0x00007ff922585000 	C:\Windows\System32\combase.dll
0x00007ff923470000 - 0x00007ff923546000 	C:\Windows\System32\OLEAUT32.dll
0x00007ff90abd0000 - 0x00007ff90ac0c000 	C:\Windows\SYSTEM32\dbgcore.DLL
0x00007ff921830000 - 0x00007ff9218d5000 	C:\Windows\System32\bcryptPrimitives.dll
0x00007ff8f97c0000 - 0x00007ff8f97df000 	C:\Program Files\Java\jdk-25\bin\java.dll
0x00007ff923550000 - 0x00007ff9236e7000 	C:\Windows\System32\ole32.dll
0x00007ff923860000 - 0x00007ff923fb3000 	C:\Windows\System32\SHELL32.dll
0x00007ff921a60000 - 0x00007ff921bca000 	C:\Windows\System32\wintypes.dll
0x00007ff91f070000 - 0x00007ff91f8ce000 	C:\Windows\SYSTEM32\windows.storage.dll
0x00007ff923260000 - 0x00007ff923355000 	C:\Windows\System32\SHCORE.dll
0x00007ff922180000 - 0x00007ff9221e6000 	C:\Windows\System32\shlwapi.dll
0x00007ff9213d0000 - 0x00007ff9213f9000 	C:\Windows\SYSTEM32\profapi.dll
0x00007ff8f9780000 - 0x00007ff8f9792000 	C:\Program Files\Java\jdk-25\bin\net.dll
0x00007ff920770000 - 0x00007ff9207db000 	C:\Windows\system32\mswsock.dll
0x00007ff8f9760000 - 0x00007ff8f9776000 	C:\Program Files\Java\jdk-25\bin\nio.dll
0x00007ff8f97a0000 - 0x00007ff8f97b7000 	C:\Program Files\Java\jdk-25\bin\zip.dll
0x00007ff90d820000 - 0x00007ff90d844000 	C:\Users\user\.m2\wrapper\dists\apache-maven-3.9.12\59fe215c0ad6947fea90184bf7add084544567b927287592651fda3782e0e798\lib\jansi-native\Windows\x86_64\jansi.dll
0x00007ff8f9750000 - 0x00007ff8f9760000 	C:\Program Files\Java\jdk-25\bin\verify.dll

JVMTI agents: none

dbghelp: loaded successfully - version: 4.0.5 - missing functions: none
symbol engine: initialized successfully - sym options: 0x614 - pdb path: .;C:\Program Files\Java\jdk-25\bin;C:\Windows\SYSTEM32;C:\Windows\WinSxS\amd64_microsoft.windows.common-controls_6595b64144ccf1df_6.0.26100.7309_none_3e05feeae336a044;C:\Program Files\Java\jdk-25\bin\server;C:\Users\user\.m2\wrapper\dists\apache-maven-3.9.12\59fe215c0ad6947fea90184bf7add084544567b927287592651fda3782e0e798\lib\jansi-native\Windows\x86_64

VM Arguments:
jvm_args: --enable-native-access=ALL-UNNAMED -Dclassworlds.conf=C:\Users\user\.m2\wrapper\dists\apache-maven-3.9.12\59fe215c0ad6947fea90184bf7add084544567b927287592651fda3782e0e798\bin\m2.conf -Dmaven.home=C:\Users\user\.m2\wrapper\dists\apache-maven-3.9.12\59fe215c0ad6947fea90184bf7add084544567b927287592651fda3782e0e798 -Dlibrary.jansi.path=C:\Users\user\.m2\wrapper\dists\apache-maven-3.9.12\59fe215c0ad6947fea90184bf7add084544567b927287592651fda3782e0e798\lib\jansi-native -Dmaven.multiModuleProjectDirectory=C:\Users\user\OneDrive\Desktop\Ciclo 2025-II\Taller de Desarrollo\TDUNU2025\MsTramiteTesis 
java_command: org.codehaus.plexus.classworlds.launcher.Launcher compile
java_class_path (initial): C:\Users\user\.m2\wrapper\dists\apache-maven-3.9.12\59fe215c0ad6947fea90184bf7add084544567b927287592651fda3782e0e798\boot\plexus-classworlds-2.9.0.jar
Launcher Type: SUN_STANDARD

[Global flags]
     intx CICompilerCount                          = 4                                         {product} {ergonomic}
     uint ConcGCThreads                            = 2                                         {product} {ergonomic}
     uint G1ConcRefinementThreads                  = 8                                         {product} {ergonomic}
   size_t G1HeapRegionSize                         = 1048576                                   {product} {ergonomic}
   size_t InitialHeapSize                          = 98566144                                  {product} {ergonomic}
   size_t MarkStackSize                            = 4194304                                   {product} {ergonomic}
   size_t MarkStackSizeMax                         = 536870912                                 {product} {ergonomic}
   size_t MaxHeapSize                              = 1564475392                                {product} {ergonomic}
   size_t MaxNewSize                               = 938475520                                 {product} {ergonomic}
   size_t MinHeapDeltaBytes                        = 1048576                                   {product} {ergonomic}
   size_t MinHeapSize                              = 8388608                                   {product} {ergonomic}
    uintx NonNMethodCodeHeapSize                   = 5832704                                {pd product} {ergonomic}
    uintx NonProfiledCodeHeapSize                  = 122945536                              {pd product} {ergonomic}
    uintx ProfiledCodeHeapSize                     = 122880000                              {pd product} {ergonomic}
    uintx ReservedCodeCacheSize                    = 251658240                              {pd product} {ergonomic}
     bool SegmentedCodeCache                       = true                                      {product} {ergonomic}
   size_t SoftMaxHeapSize                          = 1564475392                             {manageable} {ergonomic}
     bool UseCompressedOops                        = true                           {product lp64_product} {ergonomic}
     bool UseG1GC                                  = true                                      {product} {ergonomic}
     bool UseLargePagesIndividualAllocation        = false                                  {pd product} {ergonomic}

Logging:
Log output configuration:
 #0: stdout all=warning uptime,level,tags foldmultilines=false
 #1: stderr all=off uptime,level,tags foldmultilines=false

Release file:
IMPLEMENTOR="Oracle Corporation" 
JAVA_RUNTIME_VERSION="25.0.1+8-LTS-27" 
JAVA_VERSION="25.0.1" 
JAVA_VERSION_DATE="2025-10-21" 
LIBC="default" 
MODULES="java.base java.compiler java.datatransfer java.xml java.prefs java.desktop java.instrument java.logging java.management java.security.sasl java.naming java.rmi java.management.rmi java.net.http java.scripting java.security.jgss java.transaction.xa java.sql java.sql.rowset java.xml.crypto java.se java.smartcardio jdk.accessibility jdk.internal.jvmstat jdk.attach jdk.charsets jdk.internal.opt jdk.zipfs jdk.compiler jdk.crypto.cryptoki jdk.crypto.ec jdk.crypto.mscapi jdk.dynalink jdk.internal.ed jdk.editpad jdk.internal.vm.ci jdk.graal.compiler jdk.graal.compiler.management jdk.hotspot.agent jdk.httpserver jdk.incubator.vector jdk.internal.le jdk.internal.md jdk.jartool jdk.javadoc jdk.jcmd jdk.management jdk.management.agent jdk.jconsole jdk.jdeps jdk.jdwp.agent jdk.jdi jdk.jfr jdk.jlink jdk.jpackage jdk.jshell jdk.jsobject jdk.jstatd jdk.localedata jdk.management.jfr jdk.naming.dns jdk.naming.rmi jdk.net jdk.nio.mapmode jdk.sctp jdk.security.auth jdk.security.jgss jdk.unsupported jdk.unsupported.desktop jdk.xml.dom" 
OS_ARCH="x86_64" 
OS_NAME="Windows" 
SOURCE=".:git:862c85bc42b7 open:git:78770bfaefd2" 

Environment Variables:
JAVA_HOME=C:\Program Files\Java\jdk-25
CLASSPATH=C:\LINGO64_21\Lingo21.jar
PATH=C:\Program Files\Java\jdk-25\bin;C:\Program Files\Eclipse Adoptium\jdk-21.0.5.11-hotspot\bin;C:\Program Files\Java\jdk-21\bin;C:\Program Files\Rockwell Software\RSCommon;C:\Program Files\Common Files\Oracle\Java\javapath;C:\Program Files (x86)\Common Files\Oracle\Java\java8path;C:\Program Files (x86)\Common Files\Oracle\Java\javapath;C:\Windows\system32;C:\Windows;C:\Windows\System32\Wbem;C:\Windows\System32\WindowsPowerShell\v1.0\;C:\Windows\System32\OpenSSH\;C:\Program Files (x86)\Microsoft SQL Server\160\Tools\Binn\;C:\Program Files\Microsoft SQL Server\160\Tools\Binn\;C:\Program Files\Microsoft SQL Server\Client SDK\ODBC\170\Tools\Binn\;C:\Program Files\Microsoft SQL Server\160\DTS\Binn\;C:\Program Files (x86)\Microsoft SQL Server\160\DTS\Binn\;C:\Program Files (x86)\Windows Kits\10\Windows Performance Toolkit\;C:\Program Files\nodejs\;C:\LINGO64_21\;C:\Program Files\Docker\Docker\resources\bin;C:\Program Files\Git\cmd;C:\Program Files\dotnet\;C:\Users\user\AppData\Local\Programs\Python\Python310\Scripts\;C:\Users\user\AppData\Local\Programs\Python\Python310\;C:\Users\user\AppData\Local\Microsoft\WindowsApps;C:\Users\user\.dotnet\tools;C:\Users\user\AppData\Local\GitHubDesktop\bin;C:\Users\user\AppData\Roaming\npm;C:\Program Files\JetBrains\IntelliJ IDEA 2025.1\bin;;C:\Users\user\AppData\Local\JetBrains\Toolbox\scripts;C:\Users\user\AppData\Local\Programs\Microsoft VS Code\bin;C:\ProgramData\user\GitHubDesktop\bin;C:\Users\user\AppData\Local\Programs\Antigravity\bin
USERNAME=user
LANG=es_ES.UTF-8
OS=Windows_NT
PROCESSOR_IDENTIFIER=AMD64 Family 23 Model 160 Stepping 0, AuthenticAMD
TMP=C:\Users\user\AppData\Local\Temp
TEMP=C:\Users\user\AppData\Local\Temp




Compilation memory statistics disabled.

Periodic native trim disabled

---------------  S Y S T E M  ---------------

OS:
 Windows 11 , 64 bit Build 26100 (10.0.26100.7309)
OS uptime: 0 days 13:59 hours
Hyper-V role detected

CPU: total 8 (initial active 8) (8 cores per cpu, 2 threads per core) family 23 model 160 stepping 0 microcode 0x8a0000a, cx8, cmov, fxsr, ht, mmx, 3dnowpref, sse, sse2, sse3, ssse3, sse4a, sse4.1, sse4.2, popcnt, lzcnt, tsc, tscinvbit, avx, avx2, aes, clmul, bmi1, bmi2, adx, sha, fma, vzeroupper, clflush, clflushopt, clwb, hv, rdtscp, rdpid, f16c
Processor Information for processor 0
  Max Mhz: 2801, Current Mhz: 2801, Mhz Limit: 2801
Processor Information for processor 1
  Max Mhz: 2801, Current Mhz: 2246, Mhz Limit: 2801
Processor Information for processor 2
  Max Mhz: 2801, Current Mhz: 2246, Mhz Limit: 2801
Processor Information for processor 3
  Max Mhz: 2801, Current Mhz: 2801, Mhz Limit: 2801
Processor Information for processor 4
  Max Mhz: 2801, Current Mhz: 2801, Mhz Limit: 2801
Processor Information for processor 5
  Max Mhz: 2801, Current Mhz: 2801, Mhz Limit: 2801
Processor Information for processor 6
  Max Mhz: 2801, Current Mhz: 2801, Mhz Limit: 2801
Processor Information for processor 7
  Max Mhz: 2801, Current Mhz: 2801, Mhz Limit: 2801

Memory: 4k page, system-wide physical 5965M (797M free)
TotalPageFile size 22349M (AvailPageFile size 8M)
current process WorkingSet (physical memory assigned to process): 87M, peak: 87M
current process commit charge ("private bytes"): 198M, peak: 199M

vm_info: Java HotSpot(TM) 64-Bit Server VM (25.0.1+8-LTS-27) for windows-amd64 JRE (25.0.1+8-LTS-27), built on 2025-09-25T16:41:16Z with unknown MS VC++:1943

END.
