#
# There is insufficient memory for the Java Runtime Environment to continue.
# Native memory allocation (malloc) failed to allocate 17532760 bytes. Error detail: Chunk::new
# Possible reasons:
#   The system is out of physical RAM or swap space
#   This process is running with CompressedOops enabled, and the Java Heap may be blocking the growth of the native heap
# Possible solutions:
#   Reduce memory load on the system
#   Increase physical memory or swap space
#   Check if swap backing store is full
#   Decrease Java heap size (-Xmx/-Xms)
#   Decrease number of Java threads
#   Decrease Java thread stack sizes (-Xss)
#   Set larger code cache with -XX:ReservedCodeCacheSize=
#   JVM is running with Unscaled Compressed Oops mode in which the Java heap is
#     placed in the first 4GB address space. The Java Heap base address is the
#     maximum limit for the native heap growth. Please use -XX:HeapBaseMinAddress
#     to set the Java Heap base and to place the Java Heap above 4GB virtual address.
# This output file may be truncated or incomplete.
#
#  Out of Memory Error (arena.cpp:186), pid=9888, tid=20096
#
# JRE version: Java(TM) SE Runtime Environment (25.0.1+8) (build 25.0.1+8-LTS-27)
# Java VM: Java HotSpot(TM) 64-Bit Server VM (25.0.1+8-LTS-27, mixed mode, sharing, tiered, compressed oops, compressed class ptrs, g1 gc, windows-amd64)
# No core dump will be written. Minidumps are not enabled by default on client versions of Windows
#

---------------  S U M M A R Y ------------

Command Line: --enable-native-access=ALL-UNNAMED -Dclassworlds.conf=C:\Users\user\.m2\wrapper\dists\apache-maven-3.9.12\59fe215c0ad6947fea90184bf7add084544567b927287592651fda3782e0e798\bin\m2.conf -Dmaven.home=C:\Users\user\.m2\wrapper\dists\apache-maven-3.9.12\59fe215c0ad6947fea90184bf7add084544567b927287592651fda3782e0e798 -Dlibrary.jansi.path=C:\Users\user\.m2\wrapper\dists\apache-maven-3.9.12\59fe215c0ad6947fea90184bf7add084544567b927287592651fda3782e0e798\lib\jansi-native -Dmaven.multiModuleProjectDirectory=C:\Users\user\OneDrive\Desktop\Ciclo 2025-II\Taller de Desarrollo\TDUNU2025\MsTramiteTesis org.codehaus.plexus.classworlds.launcher.Launcher compile

Host: AMD Ryzen 5 7520U with Radeon Graphics         , 8 cores, 5G,  Windows 11 , 64 bit Build 26100 (10.0.26100.7309)
Time: Tue Jan  6 23:36:58 2026 Hora est. Pacífico, Sudamérica elapsed time: 19.330641 seconds (0d 0h 0m 19s)

---------------  T H R E A D  ---------------

Current thread (0x000002523247c910):  JavaThread "C2 CompilerThread1" daemon [_thread_in_native, id=20096, stack(0x000000efa5700000,0x000000efa5800000) (1024K)]


Current CompileTask:
C2:19330 8133       4       lombok.javac.JavacAST::buildStatementOrExpression (120 bytes)

Stack: [0x000000efa5700000,0x000000efa5800000]
Native frames: (J=compiled Java code, j=interpreted, Vv=VM code, C=native code)
V  [jvm.dll+0x7a6b59]  (no source info available)
V  [jvm.dll+0x77290d]  (no source info available)
V  [jvm.dll+0x966153]  (no source info available)
V  [jvm.dll+0x968751]  (no source info available)
V  [jvm.dll+0x968e53]  (no source info available)
V  [jvm.dll+0x2fc756]  (no source info available)
V  [jvm.dll+0x111b26]  (no source info available)
V  [jvm.dll+0x111e4e]  (no source info available)
V  [jvm.dll+0x1a0a22]  (no source info available)
V  [jvm.dll+0x3b53c2]  (no source info available)
V  [jvm.dll+0x7ac4ef]  (no source info available)
V  [jvm.dll+0x2c0ac7]  (no source info available)
V  [jvm.dll+0x2bfa8f]  (no source info available)
V  [jvm.dll+0x237b60]  (no source info available)
V  [jvm.dll+0x2cfb56]  (no source info available)
V  [jvm.dll+0x2cddd5]  (no source info available)
V  [jvm.dll+0x48e6d1]  (no source info available)
V  [jvm.dll+0x906a0d]  (no source info available)
V  [jvm.dll+0x7a5135]  (no source info available)
C  [ucrtbase.dll+0x37b0]  (no source info available)
C  [KERNEL32.DLL+0x2e8d7]  (no source info available)
C  [ntdll.dll+0x8c53c]  (no source info available)

Lock stack of current Java thread (top to bottom):


---------------  P R O C E S S  ---------------

Threads class SMR info:
_java_thread_list=0x000002523515ce40, length=13, elements={
0x000002520eee9110, 0x000002522d45ca40, 0x000002522d45d4a0, 0x000002522d461080,
0x000002522d464430, 0x000002522d466d70, 0x000002522d463050, 0x000002522d4651a0,
0x000002522d47be50, 0x000002522d5de6c0, 0x000002522d5f21a0, 0x000002522d4f54a0,
0x000002523247c910
}

Java Threads: ( => current thread )
  0x000002520eee9110 JavaThread "main"                              [_thread_in_vm, id=21232, stack(0x000000efa4000000,0x000000efa4100000) (1024K)]
  0x000002522d45ca40 JavaThread "Reference Handler"          daemon [_thread_blocked, id=17612, stack(0x000000efa4800000,0x000000efa4900000) (1024K)]
  0x000002522d45d4a0 JavaThread "Finalizer"                  daemon [_thread_blocked, id=6556, stack(0x000000efa4900000,0x000000efa4a00000) (1024K)]
  0x000002522d461080 JavaThread "Signal Dispatcher"          daemon [_thread_blocked, id=20656, stack(0x000000efa4a00000,0x000000efa4b00000) (1024K)]
  0x000002522d464430 JavaThread "Attach Listener"            daemon [_thread_blocked, id=12924, stack(0x000000efa4b00000,0x000000efa4c00000) (1024K)]
  0x000002522d466d70 JavaThread "Service Thread"             daemon [_thread_blocked, id=17844, stack(0x000000efa4c00000,0x000000efa4d00000) (1024K)]
  0x000002522d463050 JavaThread "Monitor Deflation Thread"   daemon [_thread_blocked, id=20008, stack(0x000000efa4d00000,0x000000efa4e00000) (1024K)]
  0x000002522d4651a0 JavaThread "C2 CompilerThread0"         daemon [_thread_in_native, id=17120, stack(0x000000efa4e00000,0x000000efa4f00000) (1024K)]
  0x000002522d47be50 JavaThread "C1 CompilerThread0"         daemon [_thread_blocked, id=19444, stack(0x000000efa4f00000,0x000000efa5000000) (1024K)]
  0x000002522d5de6c0 JavaThread "Notification Thread"        daemon [_thread_blocked, id=16736, stack(0x000000efa5000000,0x000000efa5100000) (1024K)]
  0x000002522d5f21a0 JavaThread "Common-Cleaner"             daemon [_thread_blocked, id=11428, stack(0x000000efa5100000,0x000000efa5200000) (1024K)]
  0x000002522d4f54a0 JavaThread "Thread-1"                   daemon [_thread_blocked, id=4808, stack(0x000000efa5600000,0x000000efa5700000) (1024K)]
=>0x000002523247c910 JavaThread "C2 CompilerThread1"         daemon [_thread_in_native, id=20096, stack(0x000000efa5700000,0x000000efa5800000) (1024K)]
Total: 13

Other Threads:
  0x000002522d44c190 VMThread "VM Thread"                           [id=6416, stack(0x000000efa4700000,0x000000efa4800000) (1024K)]
  0x000002522d440150 WatcherThread "VM Periodic Task Thread"        [id=21432, stack(0x000000efa4600000,0x000000efa4700000) (1024K)]
  0x00000252111d9960 WorkerThread "GC Thread#0"                     [id=5640, stack(0x000000efa4100000,0x000000efa4200000) (1024K)]
  0x0000025232bdf780 WorkerThread "GC Thread#1"                     [id=19516, stack(0x000000efa5200000,0x000000efa5300000) (1024K)]
  0x0000025232db8830 WorkerThread "GC Thread#2"                     [id=12872, stack(0x000000efa5300000,0x000000efa5400000) (1024K)]
  0x0000025232dbcc70 WorkerThread "GC Thread#3"                     [id=18168, stack(0x000000efa5400000,0x000000efa5500000) (1024K)]
  0x0000025232dbd0a0 WorkerThread "GC Thread#4"                     [id=10388, stack(0x000000efa5500000,0x000000efa5600000) (1024K)]
  0x00000252332d08b0 WorkerThread "GC Thread#5"                     [id=16548, stack(0x000000efa5800000,0x000000efa5900000) (1024K)]
  0x00000252332d0d00 WorkerThread "GC Thread#6"                     [id=17660, stack(0x000000efa5900000,0x000000efa5a00000) (1024K)]
  0x00000252332d2b30 WorkerThread "GC Thread#7"                     [id=20292, stack(0x000000efa5a00000,0x000000efa5b00000) (1024K)]
  0x000002521120a240 ConcurrentGCThread "G1 Main Marker"            [id=4828, stack(0x000000efa4200000,0x000000efa4300000) (1024K)]
  0x000002521120dda0 WorkerThread "G1 Conc#0"                       [id=2200, stack(0x000000efa4300000,0x000000efa4400000) (1024K)]
  0x0000025232c48c90 WorkerThread "G1 Conc#1"                       [id=21336, stack(0x000000efa5c00000,0x000000efa5d00000) (1024K)]
  0x000002522d30f2b0 ConcurrentGCThread "G1 Refine#0"               [id=20952, stack(0x000000efa4400000,0x000000efa4500000) (1024K)]
  0x000002522d312de0 ConcurrentGCThread "G1 Service"                [id=17292, stack(0x000000efa4500000,0x000000efa4600000) (1024K)]
Total: 15

Threads with active compile tasks:
C2 CompilerThread0  20448 8093   !   4       lombok.core.AST::buildWithField0 (121 bytes)
C2 CompilerThread1  20448 8133       4       lombok.javac.JavacAST::buildStatementOrExpression (120 bytes)
Total: 2

VM state: not at safepoint (normal execution)

VM Mutex/Monitor currently owned by a thread: None

Heap address: 0x00000000a2c00000, size: 1492 MB, Compressed Oops mode: 32-bit

CDS archive(s) mapped at: [0x0000000024000000-0x0000000024dd0000-0x0000000024dd0000), size 14483456, SharedBaseAddress: 0x0000000024000000, ArchiveRelocationMode: 1.
Compressed class space mapped at: 0x0000000025000000-0x0000000065000000, reserved size: 1073741824
UseCompressedClassPointers 1, UseCompactObjectHeaders 0
Narrow klass pointer bits 32, Max shift 3
Narrow klass base: 0x0000000024000000, Narrow klass shift: 0
Encoding Range: [0x0000000024000000 - 0x0000000124000000), (4294967296 bytes)
Klass Range:    [0x0000000024010000 - 0x0000000065000000), (1090453504 bytes)
Klass ID Range:  [65536 - 1090519033) (1090453497)
Protection zone: [0x0000000024000000 - 0x0000000024010000), (65536 bytes)

GC Precious Log:
 CardTable entry size: 512
 Card Set container configuration: InlinePtr #cards 5 size 8 Array Of Cards #cards 10 size 36 Howl #buckets 4 coarsen threshold 1843 Howl Bitmap #cards 512 size 80 coarsen threshold 460 Card regions per heap region 1 cards per card region 2048
 CPUs: 8 total, 8 available
 Memory: 5965M
 Large Page Support: Disabled
 NUMA Support: Disabled
 Compressed Oops: Enabled (32-bit)
 Heap Region Size: 1M
 Heap Min Capacity: 8M
 Heap Initial Capacity: 94M
 Heap Max Capacity: 1492M
 Pre-touch: Disabled
 Parallel Workers: 8
 Concurrent Workers: 2
 Concurrent Refinement Workers: 8
 Periodic GC: Disabled

Heap:
 garbage-first heap   total reserved 1527808K, committed 102400K, used 61414K [0x00000000a2c00000, 0x0000000100000000)
  region size 1024K, 16 young (16384K), 3 survivors (3072K)

Heap Regions: E=young(eden), S=young(survivor), O=old, HS=humongous(starts), HC=humongous(continues), CS=collection set, F=free, TAMS=top-at-mark-start, PB=parsable bottom
|   0|0x00000000a2c00000, 0x00000000a2d00000, 0x00000000a2d00000|100%| O|  |TAMS 0x00000000a2c00000| PB 0x00000000a2c00000| Untracked |  0
|   1|0x00000000a2d00000, 0x00000000a2e00000, 0x00000000a2e00000|100%| O|  |TAMS 0x00000000a2d00000| PB 0x00000000a2d00000| Untracked |  0
|   2|0x00000000a2e00000, 0x00000000a2f00000, 0x00000000a2f00000|100%| O|  |TAMS 0x00000000a2e00000| PB 0x00000000a2e00000| Untracked |  0
|   3|0x00000000a2f00000, 0x00000000a3000000, 0x00000000a3000000|100%| O|  |TAMS 0x00000000a2f00000| PB 0x00000000a2f00000| Untracked |  0
|   4|0x00000000a3000000, 0x00000000a3100000, 0x00000000a3100000|100%| O|  |TAMS 0x00000000a3000000| PB 0x00000000a3000000| Untracked |  0
|   5|0x00000000a3100000, 0x00000000a3200000, 0x00000000a3200000|100%| O|  |TAMS 0x00000000a3100000| PB 0x00000000a3100000| Untracked |  0
|   6|0x00000000a3200000, 0x00000000a3300000, 0x00000000a3300000|100%| O|  |TAMS 0x00000000a3200000| PB 0x00000000a3200000| Untracked |  0
|   7|0x00000000a3300000, 0x00000000a3400000, 0x00000000a3400000|100%| O|  |TAMS 0x00000000a3300000| PB 0x00000000a3300000| Untracked |  0
|   8|0x00000000a3400000, 0x00000000a3500000, 0x00000000a3500000|100%| O|  |TAMS 0x00000000a3400000| PB 0x00000000a3400000| Untracked |  0
|   9|0x00000000a3500000, 0x00000000a3600000, 0x00000000a3600000|100%| O|  |TAMS 0x00000000a3500000| PB 0x00000000a3500000| Untracked |  0
|  10|0x00000000a3600000, 0x00000000a3700000, 0x00000000a3700000|100%| O|  |TAMS 0x00000000a3600000| PB 0x00000000a3600000| Untracked |  0
|  11|0x00000000a3700000, 0x00000000a3800000, 0x00000000a3800000|100%| O|  |TAMS 0x00000000a3700000| PB 0x00000000a3700000| Untracked |  0
|  12|0x00000000a3800000, 0x00000000a3900000, 0x00000000a3900000|100%| O|  |TAMS 0x00000000a3800000| PB 0x00000000a3800000| Untracked |  0
|  13|0x00000000a3900000, 0x00000000a3a00000, 0x00000000a3a00000|100%|HS|  |TAMS 0x00000000a3900000| PB 0x00000000a3900000| Complete |  0
|  14|0x00000000a3a00000, 0x00000000a3b00000, 0x00000000a3b00000|100%| O|  |TAMS 0x00000000a3a00000| PB 0x00000000a3a00000| Untracked |  0
|  15|0x00000000a3b00000, 0x00000000a3c00000, 0x00000000a3c00000|100%| O|  |TAMS 0x00000000a3b00000| PB 0x00000000a3b00000| Untracked |  0
|  16|0x00000000a3c00000, 0x00000000a3d00000, 0x00000000a3d00000|100%| O|  |TAMS 0x00000000a3c00000| PB 0x00000000a3c00000| Untracked |  0
|  17|0x00000000a3d00000, 0x00000000a3e00000, 0x00000000a3e00000|100%|HS|  |TAMS 0x00000000a3d00000| PB 0x00000000a3d00000| Complete |  0
|  18|0x00000000a3e00000, 0x00000000a3f00000, 0x00000000a3f00000|100%|HC|  |TAMS 0x00000000a3e00000| PB 0x00000000a3e00000| Complete |  0
|  19|0x00000000a3f00000, 0x00000000a4000000, 0x00000000a4000000|100%|HC|  |TAMS 0x00000000a3f00000| PB 0x00000000a3f00000| Complete |  0
|  20|0x00000000a4000000, 0x00000000a4100000, 0x00000000a4100000|100%| O|  |TAMS 0x00000000a4000000| PB 0x00000000a4000000| Untracked |  0
|  21|0x00000000a4100000, 0x00000000a4200000, 0x00000000a4200000|100%| O|  |TAMS 0x00000000a4100000| PB 0x00000000a4100000| Untracked |  0
|  22|0x00000000a4200000, 0x00000000a4300000, 0x00000000a4300000|100%| O|  |TAMS 0x00000000a4200000| PB 0x00000000a4200000| Untracked |  0
|  23|0x00000000a4300000, 0x00000000a4400000, 0x00000000a4400000|100%| O|  |TAMS 0x00000000a4300000| PB 0x00000000a4300000| Untracked |  0
|  24|0x00000000a4400000, 0x00000000a4500000, 0x00000000a4500000|100%| O|  |TAMS 0x00000000a4400000| PB 0x00000000a4400000| Untracked |  0
|  25|0x00000000a4500000, 0x00000000a4600000, 0x00000000a4600000|100%| O|  |TAMS 0x00000000a4500000| PB 0x00000000a4500000| Untracked |  0
|  26|0x00000000a4600000, 0x00000000a4700000, 0x00000000a4700000|100%| O|  |TAMS 0x00000000a4600000| PB 0x00000000a4600000| Untracked |  0
|  27|0x00000000a4700000, 0x00000000a4800000, 0x00000000a4800000|100%| O|  |TAMS 0x00000000a4700000| PB 0x00000000a4700000| Untracked |  0
|  28|0x00000000a4800000, 0x00000000a4900000, 0x00000000a4900000|100%| O|  |TAMS 0x00000000a4800000| PB 0x00000000a4800000| Untracked |  0
|  29|0x00000000a4900000, 0x00000000a4a00000, 0x00000000a4a00000|100%| O|  |TAMS 0x00000000a4900000| PB 0x00000000a4900000| Untracked |  0
|  30|0x00000000a4a00000, 0x00000000a4b00000, 0x00000000a4b00000|100%| O|  |TAMS 0x00000000a4a00000| PB 0x00000000a4a00000| Untracked |  0
|  31|0x00000000a4b00000, 0x00000000a4c00000, 0x00000000a4c00000|100%| O|  |TAMS 0x00000000a4b00000| PB 0x00000000a4b00000| Untracked |  0
|  32|0x00000000a4c00000, 0x00000000a4c2ac08, 0x00000000a4d00000| 16%| O|  |TAMS 0x00000000a4c00000| PB 0x00000000a4c00000| Untracked |  0
|  33|0x00000000a4d00000, 0x00000000a4d00000, 0x00000000a4e00000|  0%| F|  |TAMS 0x00000000a4d00000| PB 0x00000000a4d00000| Untracked |  0
|  34|0x00000000a4e00000, 0x00000000a4e00000, 0x00000000a4f00000|  0%| F|  |TAMS 0x00000000a4e00000| PB 0x00000000a4e00000| Untracked |  0
|  35|0x00000000a4f00000, 0x00000000a4f00000, 0x00000000a5000000|  0%| F|  |TAMS 0x00000000a4f00000| PB 0x00000000a4f00000| Untracked |  0
|  36|0x00000000a5000000, 0x00000000a5100000, 0x00000000a5100000|100%| O|  |TAMS 0x00000000a5000000| PB 0x00000000a5000000| Untracked |  0
|  37|0x00000000a5100000, 0x00000000a5200000, 0x00000000a5200000|100%| O|  |TAMS 0x00000000a5100000| PB 0x00000000a5100000| Untracked |  0
|  38|0x00000000a5200000, 0x00000000a5300000, 0x00000000a5300000|100%| O|  |TAMS 0x00000000a5200000| PB 0x00000000a5200000| Untracked |  0
|  39|0x00000000a5300000, 0x00000000a5400000, 0x00000000a5400000|100%| O|  |TAMS 0x00000000a5300000| PB 0x00000000a5300000| Untracked |  0
|  40|0x00000000a5400000, 0x00000000a5500000, 0x00000000a5500000|100%| O|  |TAMS 0x00000000a5400000| PB 0x00000000a5400000| Untracked |  0
|  41|0x00000000a5500000, 0x00000000a5500000, 0x00000000a5600000|  0%| F|  |TAMS 0x00000000a5500000| PB 0x00000000a5500000| Untracked |  0
|  42|0x00000000a5600000, 0x00000000a5600000, 0x00000000a5700000|  0%| F|  |TAMS 0x00000000a5600000| PB 0x00000000a5600000| Untracked |  0
|  43|0x00000000a5700000, 0x00000000a5700000, 0x00000000a5800000|  0%| F|  |TAMS 0x00000000a5700000| PB 0x00000000a5700000| Untracked |  0
|  44|0x00000000a5800000, 0x00000000a5800000, 0x00000000a5900000|  0%| F|  |TAMS 0x00000000a5800000| PB 0x00000000a5800000| Untracked |  0
|  45|0x00000000a5900000, 0x00000000a5a00000, 0x00000000a5a00000|100%| O|  |TAMS 0x00000000a5900000| PB 0x00000000a5900000| Untracked |  0
|  46|0x00000000a5a00000, 0x00000000a5b00000, 0x00000000a5b00000|100%| O|  |TAMS 0x00000000a5a00000| PB 0x00000000a5a00000| Untracked |  0
|  47|0x00000000a5b00000, 0x00000000a5c00000, 0x00000000a5c00000|100%| O|  |TAMS 0x00000000a5b00000| PB 0x00000000a5b00000| Untracked |  0
|  48|0x00000000a5c00000, 0x00000000a5c00000, 0x00000000a5d00000|  0%| F|  |TAMS 0x00000000a5c00000| PB 0x00000000a5c00000| Untracked |  0
|  49|0x00000000a5d00000, 0x00000000a5d00000, 0x00000000a5e00000|  0%| F|  |TAMS 0x00000000a5d00000| PB 0x00000000a5d00000| Untracked |  0
|  50|0x00000000a5e00000, 0x00000000a5e00000, 0x00000000a5f00000|  0%| F|  |TAMS 0x00000000a5e00000| PB 0x00000000a5e00000| Untracked |  0
|  51|0x00000000a5f00000, 0x00000000a5f00000, 0x00000000a6000000|  0%| F|  |TAMS 0x00000000a5f00000| PB 0x00000000a5f00000| Untracked |  0
|  52|0x00000000a6000000, 0x00000000a60cedb0, 0x00000000a6100000| 80%| S|CS|TAMS 0x00000000a6000000| PB 0x00000000a6000000| Complete |  0
|  53|0x00000000a6100000, 0x00000000a6200000, 0x00000000a6200000|100%| S|CS|TAMS 0x00000000a6100000| PB 0x00000000a6100000| Complete |  0
|  54|0x00000000a6200000, 0x00000000a6300000, 0x00000000a6300000|100%| S|CS|TAMS 0x00000000a6200000| PB 0x00000000a6200000| Complete |  0
|  55|0x00000000a6300000, 0x00000000a6300000, 0x00000000a6400000|  0%| F|  |TAMS 0x00000000a6300000| PB 0x00000000a6300000| Untracked |  0
|  56|0x00000000a6400000, 0x00000000a6400000, 0x00000000a6500000|  0%| F|  |TAMS 0x00000000a6400000| PB 0x00000000a6400000| Untracked |  0
|  57|0x00000000a6500000, 0x00000000a6500000, 0x00000000a6600000|  0%| F|  |TAMS 0x00000000a6500000| PB 0x00000000a6500000| Untracked |  0
|  58|0x00000000a6600000, 0x00000000a6600000, 0x00000000a6700000|  0%| F|  |TAMS 0x00000000a6600000| PB 0x00000000a6600000| Untracked |  0
|  59|0x00000000a6700000, 0x00000000a6700000, 0x00000000a6800000|  0%| F|  |TAMS 0x00000000a6700000| PB 0x00000000a6700000| Untracked |  0
|  60|0x00000000a6800000, 0x00000000a6800000, 0x00000000a6900000|  0%| F|  |TAMS 0x00000000a6800000| PB 0x00000000a6800000| Untracked |  0
|  61|0x00000000a6900000, 0x00000000a6900000, 0x00000000a6a00000|  0%| F|  |TAMS 0x00000000a6900000| PB 0x00000000a6900000| Untracked |  0
|  62|0x00000000a6a00000, 0x00000000a6a00000, 0x00000000a6b00000|  0%| F|  |TAMS 0x00000000a6a00000| PB 0x00000000a6a00000| Untracked |  0
|  63|0x00000000a6b00000, 0x00000000a6b00000, 0x00000000a6c00000|  0%| F|  |TAMS 0x00000000a6b00000| PB 0x00000000a6b00000| Untracked |  0
|  64|0x00000000a6c00000, 0x00000000a6c00000, 0x00000000a6d00000|  0%| F|  |TAMS 0x00000000a6c00000| PB 0x00000000a6c00000| Untracked |  0
|  65|0x00000000a6d00000, 0x00000000a6d00000, 0x00000000a6e00000|  0%| F|  |TAMS 0x00000000a6d00000| PB 0x00000000a6d00000| Untracked |  0
|  66|0x00000000a6e00000, 0x00000000a6e00000, 0x00000000a6f00000|  0%| F|  |TAMS 0x00000000a6e00000| PB 0x00000000a6e00000| Untracked |  0
|  67|0x00000000a6f00000, 0x00000000a6f00000, 0x00000000a7000000|  0%| F|  |TAMS 0x00000000a6f00000| PB 0x00000000a6f00000| Untracked |  0
|  68|0x00000000a7000000, 0x00000000a7000000, 0x00000000a7100000|  0%| F|  |TAMS 0x00000000a7000000| PB 0x00000000a7000000| Untracked |  0
|  69|0x00000000a7100000, 0x00000000a7100000, 0x00000000a7200000|  0%| F|  |TAMS 0x00000000a7100000| PB 0x00000000a7100000| Untracked |  0
|  70|0x00000000a7200000, 0x00000000a7200000, 0x00000000a7300000|  0%| F|  |TAMS 0x00000000a7200000| PB 0x00000000a7200000| Untracked |  0
|  71|0x00000000a7300000, 0x00000000a7300000, 0x00000000a7400000|  0%| F|  |TAMS 0x00000000a7300000| PB 0x00000000a7300000| Untracked |  0
|  72|0x00000000a7400000, 0x00000000a7400000, 0x00000000a7500000|  0%| F|  |TAMS 0x00000000a7400000| PB 0x00000000a7400000| Untracked |  0
|  73|0x00000000a7500000, 0x00000000a7500000, 0x00000000a7600000|  0%| F|  |TAMS 0x00000000a7500000| PB 0x00000000a7500000| Untracked |  0
|  74|0x00000000a7600000, 0x00000000a7600000, 0x00000000a7700000|  0%| F|  |TAMS 0x00000000a7600000| PB 0x00000000a7600000| Untracked |  0
|  75|0x00000000a7700000, 0x00000000a7700000, 0x00000000a7800000|  0%| F|  |TAMS 0x00000000a7700000| PB 0x00000000a7700000| Untracked |  0
|  76|0x00000000a7800000, 0x00000000a7800000, 0x00000000a7900000|  0%| F|  |TAMS 0x00000000a7800000| PB 0x00000000a7800000| Untracked |  0
|  77|0x00000000a7900000, 0x00000000a7900000, 0x00000000a7a00000|  0%| F|  |TAMS 0x00000000a7900000| PB 0x00000000a7900000| Untracked |  0
|  78|0x00000000a7a00000, 0x00000000a7a00000, 0x00000000a7b00000|  0%| F|  |TAMS 0x00000000a7a00000| PB 0x00000000a7a00000| Untracked |  0
|  79|0x00000000a7b00000, 0x00000000a7b00000, 0x00000000a7c00000|  0%| F|  |TAMS 0x00000000a7b00000| PB 0x00000000a7b00000| Untracked |  0
|  80|0x00000000a7c00000, 0x00000000a7c00000, 0x00000000a7d00000|  0%| F|  |TAMS 0x00000000a7c00000| PB 0x00000000a7c00000| Untracked |  0
|  81|0x00000000a7d00000, 0x00000000a7d80000, 0x00000000a7e00000| 50%| E|  |TAMS 0x00000000a7d00000| PB 0x00000000a7d00000| Complete |  0
|  82|0x00000000a7e00000, 0x00000000a7f00000, 0x00000000a7f00000|100%| E|CS|TAMS 0x00000000a7e00000| PB 0x00000000a7e00000| Complete |  0
|  83|0x00000000a7f00000, 0x00000000a8000000, 0x00000000a8000000|100%| E|CS|TAMS 0x00000000a7f00000| PB 0x00000000a7f00000| Complete |  0
|  84|0x00000000a8000000, 0x00000000a8100000, 0x00000000a8100000|100%| E|CS|TAMS 0x00000000a8000000| PB 0x00000000a8000000| Complete |  0
|  85|0x00000000a8100000, 0x00000000a8200000, 0x00000000a8200000|100%| E|CS|TAMS 0x00000000a8100000| PB 0x00000000a8100000| Complete |  0
|  86|0x00000000a8200000, 0x00000000a8300000, 0x00000000a8300000|100%| E|CS|TAMS 0x00000000a8200000| PB 0x00000000a8200000| Complete |  0
|  87|0x00000000a8300000, 0x00000000a8400000, 0x00000000a8400000|100%| E|CS|TAMS 0x00000000a8300000| PB 0x00000000a8300000| Complete |  0
|  88|0x00000000a8400000, 0x00000000a8500000, 0x00000000a8500000|100%| E|CS|TAMS 0x00000000a8400000| PB 0x00000000a8400000| Complete |  0
|  89|0x00000000a8500000, 0x00000000a8600000, 0x00000000a8600000|100%| E|CS|TAMS 0x00000000a8500000| PB 0x00000000a8500000| Complete |  0
|  90|0x00000000a8600000, 0x00000000a8700000, 0x00000000a8700000|100%| E|CS|TAMS 0x00000000a8600000| PB 0x00000000a8600000| Complete |  0
|  91|0x00000000a8700000, 0x00000000a8800000, 0x00000000a8800000|100%| E|CS|TAMS 0x00000000a8700000| PB 0x00000000a8700000| Complete |  0
|  92|0x00000000a8800000, 0x00000000a8900000, 0x00000000a8900000|100%| E|CS|TAMS 0x00000000a8800000| PB 0x00000000a8800000| Complete |  0
|  93|0x00000000a8900000, 0x00000000a8a00000, 0x00000000a8a00000|100%| E|CS|TAMS 0x00000000a8900000| PB 0x00000000a8900000| Complete |  0
|1486|0x00000000ffa00000, 0x00000000ffb00000, 0x00000000ffb00000|100%| O|  |TAMS 0x00000000ffa00000| PB 0x00000000ffa00000| Untracked |  0
|1487|0x00000000ffb00000, 0x00000000ffc00000, 0x00000000ffc00000|100%| O|  |TAMS 0x00000000ffb00000| PB 0x00000000ffb00000| Untracked |  0
|1488|0x00000000ffc00000, 0x00000000ffd00000, 0x00000000ffd00000|100%| O|  |TAMS 0x00000000ffc00000| PB 0x00000000ffc00000| Untracked |  0
|1489|0x00000000ffd00000, 0x00000000ffe00000, 0x00000000ffe00000|100%| O|  |TAMS 0x00000000ffd00000| PB 0x00000000ffd00000| Untracked |  0
|1490|0x00000000ffe00000, 0x00000000fff00000, 0x00000000fff00000|100%| O|  |TAMS 0x00000000ffe00000| PB 0x00000000ffe00000| Untracked |  0
|1491|0x00000000fff00000, 0x0000000100000000, 0x0000000100000000|100%| E|CS|TAMS 0x00000000fff00000| PB 0x00000000fff00000| Complete |  0

Card table byte_map: [0x0000025229030000,0x0000025229320000] _byte_map_base: 0x0000025228b1a000

Marking Bits: (CMBitMap*) 0x00000252111da0f0
 Bits: [0x0000025229320000, 0x000002522aa70000)

Polling page: 0x0000025210960000

Metaspace:
Metaspace        used 30196K, committed 30656K, reserved 1114112K
 class space     used 2859K, committed 3072K, reserved 1048576K

Usage:
  Non-class:     26.70 MB used.
      Class:      2.79 MB used.
       Both:     29.49 MB used.

Virtual space:
  Non-class space:       64.00 MB reserved,      26.94 MB ( 42%) committed,  1 nodes.
      Class space:        1.00 GB reserved,       3.00 MB ( <1%) committed,  1 nodes.
             Both:        1.06 GB reserved,      29.94 MB (  3%) committed. 

Chunk freelists:
   Non-Class:  4.13 MB
       Class:  12.89 MB
        Both:  17.02 MB

MaxMetaspaceSize: unlimited
CompressedClassSpaceSize: 1.00 GB
Initial GC threshold: 21.00 MB
Current GC threshold: 35.31 MB
CDS: on
 - commit_granule_bytes: 65536.
 - commit_granule_words: 8192.
 - virtual_space_node_default_size: 8388608.
 - enlarge_chunks_in_place: 1.
UseCompressedClassPointers 1, UseCompactObjectHeaders 0
Narrow klass pointer bits 32, Max shift 3
Narrow klass base: 0x0000000024000000, Narrow klass shift: 0
Encoding Range: [0x0000000024000000 - 0x0000000124000000), (4294967296 bytes)
Klass Range:    [0x0000000024010000 - 0x0000000065000000), (1090453504 bytes)
Klass ID Range:  [65536 - 1090519033) (1090453497)
Protection zone: [0x0000000024000000 - 0x0000000024010000), (65536 bytes)


Internal statistics:

num_allocs_failed_limit: 3.
num_arena_births: 502.
num_arena_deaths: 0.
num_vsnodes_births: 2.
num_vsnodes_deaths: 0.
num_space_committed: 479.
num_space_uncommitted: 0.
num_chunks_returned_to_freelist: 3.
num_chunks_taken_from_freelist: 1673.
num_chunk_merges: 3.
num_chunk_splits: 1145.
num_chunks_enlarged: 836.
num_inconsistent_stats: 0.

CodeHeap 'non-profiled nmethods': size=120064Kb used=3302Kb max_used=3302Kb free=116761Kb
 bounds [0x00000252214d0000, 0x0000025221810000, 0x0000025228a10000]
CodeHeap 'profiled nmethods': size=120000Kb used=15660Kb max_used=15660Kb free=104339Kb
 bounds [0x0000025219a10000, 0x000002521a960000, 0x0000025220f40000]
CodeHeap 'non-nmethods': size=5696Kb used=1460Kb max_used=1567Kb free=4235Kb
 bounds [0x0000025220f40000, 0x00000252211b0000, 0x00000252214d0000]
CodeCache: size=245760Kb, used=20422Kb, max_used=20529Kb, free=225335Kb
 total_blobs=9231, nmethods=8647, adapters=484, full_count=0
Compilation: enabled, stopped_count=0, restarted_count=0

Compilation events (20 events):
Event: 19.049 Thread 0x000002522d47be50 nmethod 8557 0x000002521a929d88 code [0x000002521a929e80, 0x000002521a92a0b0]
Event: 19.049 Thread 0x000002522d47be50 8558       2       com.sun.tools.javac.code.Type$ArrayType::<init> (12 bytes)
Event: 19.049 Thread 0x000002522d47be50 nmethod 8558 0x000002521a92a108 code [0x000002521a92a200, 0x000002521a92a508]
Event: 19.049 Thread 0x000002522d47be50 8554       2       com.sun.tools.javac.comp.Check::lambda$checkImportsUnique$0 (16 bytes)
Event: 19.050 Thread 0x000002522d47be50 nmethod 8554 0x000002521a92a588 code [0x000002521a92a680, 0x000002521a92a788]
Event: 19.050 Thread 0x000002522d47be50 8555       2       com.sun.tools.javac.comp.Check::checkUniqueImport (130 bytes)
Event: 19.050 Thread 0x000002522d47be50 nmethod 8555 0x000002521a92a888 code [0x000002521a92a980, 0x000002521a92ae68]
Event: 19.050 Thread 0x000002522d47be50 8556       2       com.sun.tools.javac.comp.Check$$Lambda/0x00000000252b4360::<init> (10 bytes)
Event: 19.050 Thread 0x000002522d47be50 nmethod 8556 0x000002521a92ae88 code [0x000002521a92af80, 0x000002521a92b0d0]
Event: 19.051 Thread 0x000002522d47be50 8561       2       com.sun.tools.javac.code.Types::setBounds (36 bytes)
Event: 19.052 Thread 0x000002522d47be50 nmethod 8561 0x000002521a92b188 code [0x000002521a92b280, 0x000002521a92b4b8]
Event: 19.052 Thread 0x000002522d47be50 8562       2       com.sun.tools.javac.code.Symbol::isDirectlyOrIndirectlyLocal (45 bytes)
Event: 19.052 Thread 0x000002522d47be50 nmethod 8562 0x000002521a92b508 code [0x000002521a92b600, 0x000002521a92b7a8]
Event: 19.053 Thread 0x000002522d47be50 8563       2       com.sun.tools.javac.comp.Attr::visitTypeIdent (32 bytes)
Event: 19.053 Thread 0x000002522d47be50 nmethod 8563 0x000002521a92b808 code [0x000002521a92b900, 0x000002521a92baf0]
Event: 19.066 Thread 0x000002522d47be50 8564       2       com.sun.tools.javac.tree.TreeScanner::visitTypeApply (17 bytes)
Event: 19.274 Thread 0x000002522d47be50 nmethod 8564 0x000002521a92bb08 code [0x000002521a92bc00, 0x000002521a92be58]
Event: 19.274 Thread 0x000002522d47be50 8591       2       com.sun.tools.javac.util.List::from (37 bytes)
Event: 19.274 Thread 0x000002522d47be50 nmethod 8591 0x000002521a92be88 code [0x000002521a92bf80, 0x000002521a92c228]
Event: 19.274 Thread 0x000002522d47be50 8603       2       com.sun.tools.javac.code.TypeAnnotations$TypeAnnotationPositions::separateAnnotationsKinds (541 bytes)

GC Heap Usage History (20 events):
Event: 3.657 {heap Before GC invocations=0 (full 0):
 garbage-first heap   total reserved 1527808K, committed 98304K, used 49301K [0x00000000a2c00000, 0x0000000100000000)
  region size 1024K, 47 young (48128K), 0 survivors (0K)
}
Event: 3.678 {heap After GC invocations=1 (full 0):
 garbage-first heap   total reserved 1527808K, committed 98304K, used 5781K [0x00000000a2c00000, 0x0000000100000000)
  region size 1024K, 5 young (5120K), 5 survivors (5120K)
}
Event: 6.854 {heap Before GC invocations=1 (full 0):
 garbage-first heap   total reserved 1527808K, committed 98304K, used 47765K [0x00000000a2c00000, 0x0000000100000000)
  region size 1024K, 46 young (47104K), 5 survivors (5120K)
}
Event: 6.878 {heap After GC invocations=2 (full 0):
 garbage-first heap   total reserved 1527808K, committed 98304K, used 11030K [0x00000000a2c00000, 0x0000000100000000)
  region size 1024K, 6 young (6144K), 6 survivors (6144K)
}
Event: 8.095 {heap Before GC invocations=2 (full 0):
 garbage-first heap   total reserved 1527808K, committed 98304K, used 57110K [0x00000000a2c00000, 0x0000000100000000)
  region size 1024K, 51 young (52224K), 6 survivors (6144K)
}
Event: 8.115 {heap After GC invocations=3 (full 0):
 garbage-first heap   total reserved 1527808K, committed 98304K, used 14950K [0x00000000a2c00000, 0x0000000100000000)
  region size 1024K, 5 young (5120K), 5 survivors (5120K)
}
Event: 9.511 {heap Before GC invocations=3 (full 0):
 garbage-first heap   total reserved 1527808K, committed 98304K, used 65126K [0x00000000a2c00000, 0x0000000100000000)
  region size 1024K, 54 young (55296K), 5 survivors (5120K)
}
Event: 9.524 {heap After GC invocations=4 (full 0):
 garbage-first heap   total reserved 1527808K, committed 98304K, used 17401K [0x00000000a2c00000, 0x0000000100000000)
  region size 1024K, 3 young (3072K), 3 survivors (3072K)
}
Event: 10.461 {heap Before GC invocations=4 (full 0):
 garbage-first heap   total reserved 1527808K, committed 98304K, used 60409K [0x00000000a2c00000, 0x0000000100000000)
  region size 1024K, 26 young (26624K), 3 survivors (3072K)
}
Event: 10.470 {heap After GC invocations=5 (full 0):
 garbage-first heap   total reserved 1527808K, committed 98304K, used 39362K [0x00000000a2c00000, 0x0000000100000000)
  region size 1024K, 5 young (5120K), 5 survivors (5120K)
}
Event: 11.377 {heap Before GC invocations=5 (full 0):
 garbage-first heap   total reserved 1527808K, committed 98304K, used 67010K [0x00000000a2c00000, 0x0000000100000000)
  region size 1024K, 21 young (21504K), 5 survivors (5120K)
}
Event: 11.386 {heap After GC invocations=6 (full 0):
 garbage-first heap   total reserved 1527808K, committed 98304K, used 19910K [0x00000000a2c00000, 0x0000000100000000)
  region size 1024K, 3 young (3072K), 3 survivors (3072K)
}
Event: 11.919 {heap Before GC invocations=6 (full 0):
 garbage-first heap   total reserved 1527808K, committed 98304K, used 43462K [0x00000000a2c00000, 0x0000000100000000)
  region size 1024K, 21 young (21504K), 3 survivors (3072K)
}
Event: 11.929 {heap After GC invocations=7 (full 0):
 garbage-first heap   total reserved 1527808K, committed 98304K, used 30426K [0x00000000a2c00000, 0x0000000100000000)
  region size 1024K, 7 young (7168K), 7 survivors (7168K)
}
Event: 14.289 {heap Before GC invocations=8 (full 0):
 garbage-first heap   total reserved 1527808K, committed 98304K, used 79578K [0x00000000a2c00000, 0x0000000100000000)
  region size 1024K, 55 young (56320K), 7 survivors (7168K)
}
Event: 14.322 {heap After GC invocations=9 (full 0):
 garbage-first heap   total reserved 1527808K, committed 102400K, used 42133K [0x00000000a2c00000, 0x0000000100000000)
  region size 1024K, 7 young (7168K), 7 survivors (7168K)
}
Event: 17.155 {heap Before GC invocations=9 (full 0):
 garbage-first heap   total reserved 1527808K, committed 102400K, used 80021K [0x00000000a2c00000, 0x0000000100000000)
  region size 1024K, 45 young (46080K), 7 survivors (7168K)
}
Event: 17.175 {heap After GC invocations=10 (full 0):
 garbage-first heap   total reserved 1527808K, committed 102400K, used 46592K [0x00000000a2c00000, 0x0000000100000000)
  region size 1024K, 4 young (4096K), 4 survivors (4096K)
}
Event: 18.586 {heap Before GC invocations=10 (full 0):
 garbage-first heap   total reserved 1527808K, committed 102400K, used 84480K [0x00000000a2c00000, 0x0000000100000000)
  region size 1024K, 41 young (41984K), 4 survivors (4096K)
}
Event: 18.598 {heap After GC invocations=11 (full 0):
 garbage-first heap   total reserved 1527808K, committed 102400K, used 47853K [0x00000000a2c00000, 0x0000000100000000)
  region size 1024K, 5 young (5120K), 5 survivors (5120K)
}

Metaspace Usage History (20 events):
Event: 3.657 {metaspace Before GC invocations=0 (full 0):
 Metaspace       used 9202K, committed 9408K, reserved 1114112K
  class space    used 820K, committed 896K, reserved 1048576K
}
Event: 3.678 {metaspace After GC invocations=1 (full 0):
 Metaspace       used 9202K, committed 9408K, reserved 1114112K
  class space    used 820K, committed 896K, reserved 1048576K
}
Event: 6.854 {metaspace Before GC invocations=1 (full 0):
 Metaspace       used 14847K, committed 15040K, reserved 1114112K
  class space    used 1408K, committed 1472K, reserved 1048576K
}
Event: 6.878 {metaspace After GC invocations=2 (full 0):
 Metaspace       used 14847K, committed 15040K, reserved 1114112K
  class space    used 1408K, committed 1472K, reserved 1048576K
}
Event: 8.095 {metaspace Before GC invocations=2 (full 0):
 Metaspace       used 15788K, committed 16000K, reserved 1114112K
  class space    used 1475K, committed 1536K, reserved 1048576K
}
Event: 8.115 {metaspace After GC invocations=3 (full 0):
 Metaspace       used 15788K, committed 16000K, reserved 1114112K
  class space    used 1475K, committed 1536K, reserved 1048576K
}
Event: 9.511 {metaspace Before GC invocations=3 (full 0):
 Metaspace       used 16286K, committed 16512K, reserved 1114112K
  class space    used 1482K, committed 1600K, reserved 1048576K
}
Event: 9.524 {metaspace After GC invocations=4 (full 0):
 Metaspace       used 16286K, committed 16512K, reserved 1114112K
  class space    used 1482K, committed 1600K, reserved 1048576K
}
Event: 10.461 {metaspace Before GC invocations=4 (full 0):
 Metaspace       used 17442K, committed 17664K, reserved 1114112K
  class space    used 1598K, committed 1728K, reserved 1048576K
}
Event: 10.470 {metaspace After GC invocations=5 (full 0):
 Metaspace       used 17442K, committed 17664K, reserved 1114112K
  class space    used 1598K, committed 1728K, reserved 1048576K
}
Event: 11.377 {metaspace Before GC invocations=5 (full 0):
 Metaspace       used 19922K, committed 20224K, reserved 1114112K
  class space    used 1834K, committed 1984K, reserved 1048576K
}
Event: 11.386 {metaspace After GC invocations=6 (full 0):
 Metaspace       used 19922K, committed 20224K, reserved 1114112K
  class space    used 1834K, committed 1984K, reserved 1048576K
}
Event: 11.919 {metaspace Before GC invocations=6 (full 0):
 Metaspace       used 21213K, committed 21504K, reserved 1114112K
  class space    used 1976K, committed 2112K, reserved 1048576K
}
Event: 11.929 {metaspace After GC invocations=7 (full 0):
 Metaspace       used 21213K, committed 21504K, reserved 1114112K
  class space    used 1976K, committed 2112K, reserved 1048576K
}
Event: 14.289 {metaspace Before GC invocations=8 (full 0):
 Metaspace       used 26583K, committed 26944K, reserved 1114112K
  class space    used 2512K, committed 2688K, reserved 1048576K
}
Event: 14.322 {metaspace After GC invocations=9 (full 0):
 Metaspace       used 26583K, committed 26944K, reserved 1114112K
  class space    used 2512K, committed 2688K, reserved 1048576K
}
Event: 17.156 {metaspace Before GC invocations=9 (full 0):
 Metaspace       used 28598K, committed 28992K, reserved 1114112K
  class space    used 2696K, committed 2880K, reserved 1048576K
}
Event: 17.175 {metaspace After GC invocations=10 (full 0):
 Metaspace       used 28598K, committed 28992K, reserved 1114112K
  class space    used 2696K, committed 2880K, reserved 1048576K
}
Event: 18.586 {metaspace Before GC invocations=10 (full 0):
 Metaspace       used 29879K, committed 30400K, reserved 1114112K
  class space    used 2841K, committed 3072K, reserved 1048576K
}
Event: 18.598 {metaspace After GC invocations=11 (full 0):
 Metaspace       used 29879K, committed 30400K, reserved 1114112K
  class space    used 2841K, committed 3072K, reserved 1048576K
}

Dll operation events (7 events):
Event: 0.016 Loaded shared library C:\Program Files\Java\jdk-25\bin\java.dll
Event: 0.096 Loaded shared library C:\Program Files\Java\jdk-25\bin\net.dll
Event: 0.104 Loaded shared library C:\Program Files\Java\jdk-25\bin\nio.dll
Event: 0.117 Loaded shared library C:\Program Files\Java\jdk-25\bin\zip.dll
Event: 0.581 Loaded shared library C:\Program Files\Java\jdk-25\bin\jimage.dll
Event: 0.585 Loaded shared library C:\Users\user\.m2\wrapper\dists\apache-maven-3.9.12\59fe215c0ad6947fea90184bf7add084544567b927287592651fda3782e0e798\lib\jansi-native\Windows\x86_64\jansi.dll
Event: 0.655 Loaded shared library C:\Program Files\Java\jdk-25\bin\verify.dll

Deoptimization events (20 events):
Event: 18.443 Thread 0x000002520eee9110 DEOPT PACKING pc=0x00000252216c3ae0 sp=0x000000efa40fc990
Event: 18.443 Thread 0x000002520eee9110 DEOPT UNPACKING pc=0x000002522105f582 sp=0x000000efa40fc868 mode 2
Event: 18.446 Thread 0x000002520eee9110 Uncommon trap: trap_request=0xffffff45 fr.pc=0x00000252216671c0 relative=0x0000000000000240
Event: 18.446 Thread 0x000002520eee9110 Uncommon trap: reason=unstable_if action=reinterpret pc=0x00000252216671c0 method=java.util.regex.Matcher.reset()Ljava/util/regex/Matcher; @ 71 c2
Event: 18.446 Thread 0x000002520eee9110 DEOPT PACKING pc=0x00000252216671c0 sp=0x000000efa40fc8f0
Event: 18.446 Thread 0x000002520eee9110 DEOPT UNPACKING pc=0x000002522105f582 sp=0x000000efa40fc878 mode 2
Event: 18.721 Thread 0x000002520eee9110 DEOPT PACKING pc=0x000002521a7a11ad sp=0x000000efa40fd230
Event: 18.721 Thread 0x000002520eee9110 DEOPT UNPACKING pc=0x0000025220f91702 sp=0x000000efa40fc718 mode 0
Event: 18.844 Thread 0x000002520eee9110 DEOPT PACKING pc=0x000002521a7a11ad sp=0x000000efa40fd230
Event: 18.844 Thread 0x000002520eee9110 DEOPT UNPACKING pc=0x0000025220f91702 sp=0x000000efa40fc718 mode 0
Event: 18.962 Thread 0x000002520eee9110 Uncommon trap: trap_request=0xfffffff4 fr.pc=0x000002522177c584 relative=0x0000000000000304
Event: 18.962 Thread 0x000002520eee9110 Uncommon trap: reason=null_check action=make_not_entrant pc=0x000002522177c584 method=java.util.Arrays.fill([Ljava/lang/Object;Ljava/lang/Object;)V @ 13 c2
Event: 18.962 Thread 0x000002520eee9110 DEOPT PACKING pc=0x000002522177c584 sp=0x000000efa40fdb10
Event: 18.962 Thread 0x000002520eee9110 DEOPT UNPACKING pc=0x000002522105f582 sp=0x000000efa40fdab0 mode 2
Event: 18.966 Thread 0x000002520eee9110 Uncommon trap: trap_request=0xffffff45 fr.pc=0x00000252216d2ce4 relative=0x00000000000001e4
Event: 18.966 Thread 0x000002520eee9110 Uncommon trap: reason=unstable_if action=reinterpret pc=0x00000252216d2ce4 method=java.util.HashMap$HashIterator.<init>(Ljava/util/HashMap;)V @ 50 c2
Event: 18.966 Thread 0x000002520eee9110 DEOPT PACKING pc=0x00000252216d2ce4 sp=0x000000efa40fd9e0
Event: 18.966 Thread 0x000002520eee9110 DEOPT UNPACKING pc=0x000002522105f582 sp=0x000000efa40fd998 mode 2
Event: 19.273 Thread 0x000002520eee9110 DEOPT PACKING pc=0x000002521a7a11ad sp=0x000000efa40fd260
Event: 19.273 Thread 0x000002520eee9110 DEOPT UNPACKING pc=0x0000025220f91702 sp=0x000000efa40fc748 mode 0

Classes loaded (20 events):
Event: 17.271 Loading class java/util/IdentityHashMap$EntryIterator$Entry
Event: 17.271 Loading class java/util/IdentityHashMap$EntryIterator$Entry done
Event: 17.303 Loading class java/util/function/UnaryOperator
Event: 17.304 Loading class java/util/function/UnaryOperator done
Event: 17.353 Loading class java/util/regex/Pattern$Caret
Event: 17.353 Loading class java/util/regex/Pattern$Caret done
Event: 17.626 Loading class java/util/regex/Pattern$SliceI
Event: 17.626 Loading class java/util/regex/Pattern$SliceI done
Event: 17.633 Loading class java/util/regex/Pattern$Loop
Event: 17.633 Loading class java/util/regex/Pattern$Loop done
Event: 17.633 Loading class java/util/regex/Pattern$Prolog
Event: 17.633 Loading class java/util/regex/Pattern$Prolog done
Event: 17.722 Loading class java/lang/invoke/MethodHandleImpl$ArrayAccessor
Event: 17.722 Loading class java/lang/invoke/MethodHandleImpl$ArrayAccessor done
Event: 17.722 Loading class java/lang/invoke/MethodHandleImpl$ArrayAccessor$1
Event: 17.723 Loading class java/lang/invoke/MethodHandleImpl$ArrayAccessor$1 done
Event: 17.746 Loading class java/lang/invoke/BoundMethodHandle$Species_LLLLLL
Event: 17.746 Loading class java/lang/invoke/BoundMethodHandle$Species_LLLLLL done
Event: 17.752 Loading class java/lang/invoke/BoundMethodHandle$Species_LLLLLLL
Event: 17.752 Loading class java/lang/invoke/BoundMethodHandle$Species_LLLLLLL done

Classes unloaded (0 events):
No events

Classes redefined (0 events):
No events

Internal exceptions (20 events):
Event: 17.711 Thread 0x000002520eee9110 Exception <a 'java/lang/NoSuchMethodError'{0x00000000a7e00438}: 'java.lang.Object java.lang.invoke.DelegatingMethodHandle$Holder.reinvoke_L(java.lang.Object, java.lang.Object, long, java.lang.Object)'> (0x00000000a7e00438) 
thrown [s\open\src\hotspot\share\interpreter\linkResolver.cpp, line 804]
Event: 17.717 Thread 0x000002520eee9110 Exception <a 'java/lang/NoSuchMethodError'{0x00000000a7e2d4f8}: 'java.lang.Object java.lang.invoke.DirectMethodHandle$Holder.invokeVirtual(java.lang.Object, java.lang.Object, java.lang.Object, java.lang.Object, java.lang.Object, java.lang.Object)'> (0x00000000a7e2d4f8) 
thrown [s\open\src\hotspot\share\interpreter\linkResolver.cpp, line 804]
Event: 17.723 Thread 0x000002520eee9110 Exception <a 'java/lang/NoSuchMethodError'{0x00000000a7e54048}: 'java.lang.Object java.lang.invoke.DirectMethodHandle$Holder.invokeStatic(java.lang.Object, java.lang.Object, int)'> (0x00000000a7e54048) 
thrown [s\open\src\hotspot\share\interpreter\linkResolver.cpp, line 804]
Event: 17.725 Thread 0x000002520eee9110 Exception <a 'java/lang/NoSuchMethodError'{0x00000000a7e5caa8}: 'void java.lang.invoke.DirectMethodHandle$Holder.invokeStatic(java.lang.Object, java.lang.Object, int, java.lang.Object)'> (0x00000000a7e5caa8) 
thrown [s\open\src\hotspot\share\interpreter\linkResolver.cpp, line 804]
Event: 17.726 Thread 0x000002520eee9110 Exception <a 'java/lang/NoSuchMethodError'{0x00000000a7e6cf98}: 'void java.lang.invoke.DelegatingMethodHandle$Holder.delegate(java.lang.Object, java.lang.Object, int, java.lang.Object)'> (0x00000000a7e6cf98) 
thrown [s\open\src\hotspot\share\interpreter\linkResolver.cpp, line 804]
Event: 17.731 Thread 0x000002520eee9110 Exception <a 'java/lang/NoSuchMethodError'{0x00000000a7e91ab8}: 'java.lang.Object java.lang.invoke.DirectMethodHandle$Holder.invokeVirtual(java.lang.Object, java.lang.Object, java.lang.Object, java.lang.Object)'> (0x00000000a7e91ab8) 
thrown [s\open\src\hotspot\share\interpreter\linkResolver.cpp, line 804]
Event: 17.739 Thread 0x000002520eee9110 Exception <a 'java/lang/NoSuchMethodError'{0x00000000a7eccf40}: 'java.lang.Object java.lang.invoke.DirectMethodHandle$Holder.invokeVirtual(java.lang.Object, java.lang.Object, java.lang.Object, java.lang.Object, java.lang.Object, java.lang.Object, java.lang.Object, java.lang.Object, java.lang.Object, java.lang.Object)'> (0x00000000a7eccf40) 
thrown [s\open\src\hotspot\share\interpreter\linkResolver.cpp, line 804]
Event: 17.749 Thread 0x000002520eee9110 Exception <a 'java/lang/NoSuchMethodError'{0x00000000a7d109e8}: 'java.lang.Object java.lang.invoke.DirectMethodHandle$Holder.invokeStatic(java.lang.Object, java.lang.Object, java.lang.Object, java.lang.Object, java.lang.Object, java.lang.Object, java.lang.Object, java.lang.Object, java.lang.Object)'> (0x00000000a7d109e8) 
thrown [s\open\src\hotspot\share\interpreter\linkResolver.cpp, line 804]
Event: 17.754 Thread 0x000002520eee9110 Exception <a 'java/lang/NoSuchMethodError'{0x00000000a7d42d68}: 'java.lang.Object java.lang.invoke.DirectMethodHandle$Holder.invokeStatic(java.lang.Object, java.lang.Object, java.lang.Object, java.lang.Object, java.lang.Object, java.lang.Object, java.lang.Object, java.lang.Object, java.lang.Object, java.lang.Object)'> (0x00000000a7d42d68) 
thrown [s\open\src\hotspot\share\interpreter\linkResolver.cpp, line 804]
Event: 17.802 Thread 0x000002520eee9110 Exception <a 'java/lang/NoSuchMethodError'{0x00000000a7df8d88}: 'void java.lang.invoke.DirectMethodHandle$Holder.invokeVirtual(java.lang.Object, java.lang.Object, java.lang.Object, java.lang.Object)'> (0x00000000a7df8d88) 
thrown [s\open\src\hotspot\share\interpreter\linkResolver.cpp, line 804]
Event: 17.819 Thread 0x000002520eee9110 Exception <a 'java/lang/NoSuchMethodError'{0x00000000a7c4ece0}: 'java.lang.Object java.lang.invoke.DirectMethodHandle$Holder.invokeVirtual(java.lang.Object, java.lang.Object, long)'> (0x00000000a7c4ece0) 
thrown [s\open\src\hotspot\share\interpreter\linkResolver.cpp, line 804]
Event: 17.822 Thread 0x000002520eee9110 Exception <a 'java/lang/NoSuchMethodError'{0x00000000a7c6ef60}: 'java.lang.Object java.lang.invoke.DirectMethodHandle$Holder.invokeVirtual(java.lang.Object, java.lang.Object, java.lang.Object, java.lang.Object, java.lang.Object, java.lang.Object, java.lang.Object, java.lang.Object)'> (0x00000000a7c6ef60) 
thrown [s\open\src\hotspot\share\interpreter\linkResolver.cpp, line 804]
Event: 17.836 Thread 0x000002520eee9110 Implicit null exception at 0x00000252216af72d to 0x00000252216af890
Event: 17.904 Thread 0x000002520eee9110 Exception <a 'java/lang/NoSuchMethodError'{0x00000000a7a67910}: 'java.lang.Object java.lang.invoke.DirectMethodHandle$Holder.invokeVirtual(java.lang.Object, java.lang.Object, java.lang.Object, java.lang.Object, java.lang.Object, java.lang.Object, java.lang.Object)'> (0x00000000a7a67910) 
thrown [s\open\src\hotspot\share\interpreter\linkResolver.cpp, line 804]
Event: 17.927 Thread 0x000002520eee9110 Exception <a 'java/lang/NoSuchMethodError'{0x00000000a7adc630}: 'java.lang.Object java.lang.invoke.DirectMethodHandle$Holder.invokeVirtual(java.lang.Object, java.lang.Object, java.lang.Object, java.lang.Object, java.lang.Object)'> (0x00000000a7adc630) 
thrown [s\open\src\hotspot\share\interpreter\linkResolver.cpp, line 804]
Event: 17.931 Thread 0x000002520eee9110 Exception <a 'java/lang/NoSuchMethodError'{0x00000000a7aff490}: 'java.lang.Object java.lang.invoke.Invokers$Holder.invokeExact_MT(java.lang.Object, java.lang.Object, java.lang.Object, java.lang.Object, java.lang.Object, java.lang.Object)'> (0x00000000a7aff490) 
thrown [s\open\src\hotspot\share\interpreter\linkResolver.cpp, line 804]
Event: 18.156 Thread 0x000002520eee9110 Implicit null exception at 0x00000252217a8f75 to 0x00000252217a92d4
Event: 18.962 Thread 0x000002520eee9110 Implicit null exception at 0x000002522177c2b6 to 0x000002522177c574
Event: 18.973 Thread 0x000002520eee9110 Exception <a 'sun/nio/fs/WindowsException'{0x00000000a76ad5d8}> (0x00000000a76ad5d8) 
thrown [s\open\src\hotspot\share\prims\jni.cpp, line 516]
Event: 18.976 Thread 0x000002520eee9110 Exception <a 'sun/nio/fs/WindowsException'{0x00000000a76ae150}> (0x00000000a76ae150) 
thrown [s\open\src\hotspot\share\prims\jni.cpp, line 516]

VM Operations (20 events):
Event: 11.952 Executing safepoint VM operation: G1PauseRemark
Event: 11.962 Executing safepoint VM operation: G1PauseRemark done
Event: 11.969 Executing safepoint VM operation: G1PauseCleanup
Event: 11.969 Executing safepoint VM operation: G1PauseCleanup done
Event: 12.670 Executing non-safepoint VM operation: HandshakeAllThreads (Deoptimize)
Event: 12.670 Executing non-safepoint VM operation: HandshakeAllThreads (Deoptimize) done
Event: 13.637 Executing non-safepoint VM operation: HandshakeAllThreads (Deoptimize)
Event: 13.637 Executing non-safepoint VM operation: HandshakeAllThreads (Deoptimize) done
Event: 14.289 Executing safepoint VM operation: G1CollectForAllocation (G1 Evacuation Pause)
Event: 14.322 Executing safepoint VM operation: G1CollectForAllocation (G1 Evacuation Pause) done
Event: 15.171 Executing non-safepoint VM operation: HandshakeAllThreads (Deoptimize)
Event: 15.171 Executing non-safepoint VM operation: HandshakeAllThreads (Deoptimize) done
Event: 15.597 Executing non-safepoint VM operation: HandshakeAllThreads (Deoptimize)
Event: 15.597 Executing non-safepoint VM operation: HandshakeAllThreads (Deoptimize) done
Event: 17.155 Executing safepoint VM operation: G1CollectForAllocation (G1 Evacuation Pause)
Event: 17.175 Executing safepoint VM operation: G1CollectForAllocation (G1 Evacuation Pause) done
Event: 17.893 Executing non-safepoint VM operation: HandshakeAllThreads (Deoptimize)
Event: 17.893 Executing non-safepoint VM operation: HandshakeAllThreads (Deoptimize) done
Event: 18.586 Executing safepoint VM operation: G1CollectForAllocation (G1 Evacuation Pause)
Event: 18.598 Executing safepoint VM operation: G1CollectForAllocation (G1 Evacuation Pause) done

Memory protections (0 events):
No events

Nmethod flushes (0 events):
No events

Events (20 events):
Event: 0.061 Thread 0x000002520eee9110 Thread added: 0x000002522d4651a0
Event: 0.061 Thread 0x000002520eee9110 Thread added: 0x000002522d47be50
Event: 0.082 Thread 0x000002520eee9110 Thread added: 0x000002522d5de6c0
Event: 0.087 Thread 0x000002520eee9110 Thread added: 0x000002522d5f21a0
Event: 0.570 Thread 0x000002520eee9110 Thread added: 0x0000025232019400
Event: 0.610 Thread 0x0000025232019400 Thread exited: 0x0000025232019400
Event: 5.769 Thread 0x000002520eee9110 Thread added: 0x000002522d4f54a0
Event: 5.935 Thread 0x000002522d47be50 Thread added: 0x00000252320b5ac0
Event: 6.086 Thread 0x000002522d47be50 Thread added: 0x00000252320bc390
Event: 6.727 Thread 0x00000252320bc390 Thread exited: 0x00000252320bc390
Event: 9.525 Thread 0x00000252320b5ac0 Thread exited: 0x00000252320b5ac0
Event: 9.800 Thread 0x000002522d4651a0 Thread added: 0x0000025232476040
Event: 9.969 Thread 0x000002522d47be50 Thread added: 0x000002523247a0c0
Event: 12.010 Thread 0x000002523247a0c0 Thread exited: 0x000002523247a0c0
Event: 12.554 Thread 0x000002522d47be50 Thread added: 0x000002523247a0c0
Event: 13.899 Thread 0x000002523247a0c0 Thread exited: 0x000002523247a0c0
Event: 14.861 Thread 0x000002522d47be50 Thread added: 0x000002523247c100
Event: 15.353 Thread 0x000002523247c100 Thread exited: 0x000002523247c100
Event: 15.389 Thread 0x0000025232476040 Thread exited: 0x0000025232476040
Event: 17.575 Thread 0x000002522d47be50 Thread added: 0x000002523247c910


Dynamic libraries:
0x00007ff6f1540000 - 0x00007ff6f1550000 	C:\Program Files\Java\jdk-25\bin\java.exe
0x00007ff924360000 - 0x00007ff9245c7000 	C:\Windows\SYSTEM32\ntdll.dll
0x00007ff922c80000 - 0x00007ff922d49000 	C:\Windows\System32\KERNEL32.DLL
0x00007ff921bd0000 - 0x00007ff921fbf000 	C:\Windows\System32\KERNELBASE.dll
0x00007ff9218e0000 - 0x00007ff921a2b000 	C:\Windows\System32\ucrtbase.dll
0x00007ff902970000 - 0x00007ff90298e000 	C:\Program Files\Java\jdk-25\bin\VCRUNTIME140.dll
0x00007ff90dae0000 - 0x00007ff90daf7000 	C:\Program Files\Java\jdk-25\bin\jli.dll
0x00007ff922d60000 - 0x00007ff922f25000 	C:\Windows\System32\USER32.dll
0x00007ff921a30000 - 0x00007ff921a57000 	C:\Windows\System32\win32u.dll
0x00007ff9093e0000 - 0x00007ff909673000 	C:\Windows\WinSxS\amd64_microsoft.windows.common-controls_6595b64144ccf1df_6.0.26100.7309_none_3e05feeae336a044\COMCTL32.dll
0x00007ff922590000 - 0x00007ff9225bb000 	C:\Windows\System32\GDI32.dll
0x00007ff9236f0000 - 0x00007ff923799000 	C:\Windows\System32\msvcrt.dll
0x00007ff921fd0000 - 0x00007ff9220fc000 	C:\Windows\System32\gdi32full.dll
0x00007ff921570000 - 0x00007ff921613000 	C:\Windows\System32\msvcp_win.dll
0x00007ff922fc0000 - 0x00007ff922ff1000 	C:\Windows\System32\IMM32.DLL
0x00007ff91c480000 - 0x00007ff91c48c000 	C:\Program Files\Java\jdk-25\bin\vcruntime140_1.dll
0x00007ff8f97f0000 - 0x00007ff8f987d000 	C:\Program Files\Java\jdk-25\bin\msvcp140.dll
0x00007ff86a100000 - 0x00007ff86af5f000 	C:\Program Files\Java\jdk-25\bin\server\jvm.dll
0x00007ff9237a0000 - 0x00007ff923854000 	C:\Windows\System32\ADVAPI32.dll
0x00007ff923000000 - 0x00007ff9230a6000 	C:\Windows\System32\sechost.dll
0x00007ff922620000 - 0x00007ff922738000 	C:\Windows\System32\RPCRT4.dll
0x00007ff922be0000 - 0x00007ff922c54000 	C:\Windows\System32\WS2_32.dll
0x00007ff9159e0000 - 0x00007ff9159eb000 	C:\Windows\SYSTEM32\VERSION.dll
0x00007ff916fb0000 - 0x00007ff916fe5000 	C:\Windows\SYSTEM32\WINMM.dll
0x00007ff921310000 - 0x00007ff92136e000 	C:\Windows\SYSTEM32\POWRPROF.dll
0x00007ff9212f0000 - 0x00007ff921304000 	C:\Windows\SYSTEM32\UMPDC.dll
0x00007ff920220000 - 0x00007ff92023b000 	C:\Windows\SYSTEM32\kernel.appcore.dll
0x00007ff916a60000 - 0x00007ff916a6a000 	C:\Program Files\Java\jdk-25\bin\jimage.dll
0x00007ff912b40000 - 0x00007ff912d82000 	C:\Windows\SYSTEM32\DBGHELP.DLL
0x00007ff922200000 - 0x00007ff922585000 	C:\Windows\System32\combase.dll
0x00007ff923470000 - 0x00007ff923546000 	C:\Windows\System32\OLEAUT32.dll
0x00007ff90abd0000 - 0x00007ff90ac0c000 	C:\Windows\SYSTEM32\dbgcore.DLL
0x00007ff921830000 - 0x00007ff9218d5000 	C:\Windows\System32\bcryptPrimitives.dll
0x00007ff8f97c0000 - 0x00007ff8f97df000 	C:\Program Files\Java\jdk-25\bin\java.dll
0x00007ff923550000 - 0x00007ff9236e7000 	C:\Windows\System32\ole32.dll
0x00007ff923860000 - 0x00007ff923fb3000 	C:\Windows\System32\SHELL32.dll
0x00007ff921a60000 - 0x00007ff921bca000 	C:\Windows\System32\wintypes.dll
0x00007ff91f070000 - 0x00007ff91f8ce000 	C:\Windows\SYSTEM32\windows.storage.dll
0x00007ff923260000 - 0x00007ff923355000 	C:\Windows\System32\SHCORE.dll
0x00007ff922180000 - 0x00007ff9221e6000 	C:\Windows\System32\shlwapi.dll
0x00007ff9213d0000 - 0x00007ff9213f9000 	C:\Windows\SYSTEM32\profapi.dll
0x00007ff8f9780000 - 0x00007ff8f9792000 	C:\Program Files\Java\jdk-25\bin\net.dll
0x00007ff920770000 - 0x00007ff9207db000 	C:\Windows\system32\mswsock.dll
0x00007ff8f9760000 - 0x00007ff8f9776000 	C:\Program Files\Java\jdk-25\bin\nio.dll
0x00007ff8f97a0000 - 0x00007ff8f97b7000 	C:\Program Files\Java\jdk-25\bin\zip.dll
0x00007ff901130000 - 0x00007ff901154000 	C:\Users\user\.m2\wrapper\dists\apache-maven-3.9.12\59fe215c0ad6947fea90184bf7add084544567b927287592651fda3782e0e798\lib\jansi-native\Windows\x86_64\jansi.dll
0x00007ff8f9750000 - 0x00007ff8f9760000 	C:\Program Files\Java\jdk-25\bin\verify.dll

JVMTI agents: none

dbghelp: loaded successfully - version: 4.0.5 - missing functions: none
symbol engine: initialized successfully - sym options: 0x614 - pdb path: .;C:\Program Files\Java\jdk-25\bin;C:\Windows\SYSTEM32;C:\Windows\WinSxS\amd64_microsoft.windows.common-controls_6595b64144ccf1df_6.0.26100.7309_none_3e05feeae336a044;C:\Program Files\Java\jdk-25\bin\server;C:\Users\user\.m2\wrapper\dists\apache-maven-3.9.12\59fe215c0ad6947fea90184bf7add084544567b927287592651fda3782e0e798\lib\jansi-native\Windows\x86_64

VM Arguments:
jvm_args: --enable-native-access=ALL-UNNAMED -Dclassworlds.conf=C:\Users\user\.m2\wrapper\dists\apache-maven-3.9.12\59fe215c0ad6947fea90184bf7add084544567b927287592651fda3782e0e798\bin\m2.conf -Dmaven.home=C:\Users\user\.m2\wrapper\dists\apache-maven-3.9.12\59fe215c0ad6947fea90184bf7add084544567b927287592651fda3782e0e798 -Dlibrary.jansi.path=C:\Users\user\.m2\wrapper\dists\apache-maven-3.9.12\59fe215c0ad6947fea90184bf7add084544567b927287592651fda3782e0e798\lib\jansi-native -Dmaven.multiModuleProjectDirectory=C:\Users\user\OneDrive\Desktop\Ciclo 2025-II\Taller de Desarrollo\TDUNU2025\MsTramiteTesis 
java_command: org.codehaus.plexus.classworlds.launcher.Launcher compile
java_class_path (initial): C:\Users\user\.m2\wrapper\dists\apache-maven-3.9.12\59fe215c0ad6947fea90184bf7add084544567b927287592651fda3782e0e798\boot\plexus-classworlds-2.9.0.jar
Launcher Type: SUN_STANDARD

[Global flags]
     intx CICompilerCount                          = 4                                         {product} {ergonomic}
     uint ConcGCThreads                            = 2                                         {product} {ergonomic}
     uint G1ConcRefinementThreads                  = 8                                         {product} {ergonomic}
   size_t G1HeapRegionSize                         = 1048576                                   {product} {ergonomic}
   size_t InitialHeapSize                          = 98566144                                  {product} {ergonomic}
   size_t MarkStackSize                            = 4194304                                   {product} {ergonomic}
   size_t MarkStackSizeMax                         = 536870912                                 {product} {ergonomic}
   size_t MaxHeapSize                              = 1564475392                                {product} {ergonomic}
   size_t MaxNewSize                               = 938475520                                 {product} {ergonomic}
   size_t MinHeapDeltaBytes                        = 1048576                                   {product} {ergonomic}
   size_t MinHeapSize                              = 8388608                                   {product} {ergonomic}
    uintx NonNMethodCodeHeapSize                   = 5832704                                {pd product} {ergonomic}
    uintx NonProfiledCodeHeapSize                  = 122945536                              {pd product} {ergonomic}
    uintx ProfiledCodeHeapSize                     = 122880000                              {pd product} {ergonomic}
    uintx ReservedCodeCacheSize                    = 251658240                              {pd product} {ergonomic}
     bool SegmentedCodeCache                       = true                                      {product} {ergonomic}
   size_t SoftMaxHeapSize                          = 1564475392                             {manageable} {ergonomic}
     bool UseCompressedOops                        = true                           {product lp64_product} {ergonomic}
     bool UseG1GC                                  = true                                      {product} {ergonomic}
     bool UseLargePagesIndividualAllocation        = false                                  {pd product} {ergonomic}

Logging:
Log output configuration:
 #0: stdout all=warning uptime,level,tags foldmultilines=false
 #1: stderr all=off uptime,level,tags foldmultilines=false

Release file:
IMPLEMENTOR="Oracle Corporation" 
JAVA_RUNTIME_VERSION="25.0.1+8-LTS-27" 
JAVA_VERSION="25.0.1" 
JAVA_VERSION_DATE="2025-10-21" 
LIBC="default" 
MODULES="java.base java.compiler java.datatransfer java.xml java.prefs java.desktop java.instrument java.logging java.management java.security.sasl java.naming java.rmi java.management.rmi java.net.http java.scripting java.security.jgss java.transaction.xa java.sql java.sql.rowset java.xml.crypto java.se java.smartcardio jdk.accessibility jdk.internal.jvmstat jdk.attach jdk.charsets jdk.internal.opt jdk.zipfs jdk.compiler jdk.crypto.cryptoki jdk.crypto.ec jdk.crypto.mscapi jdk.dynalink jdk.internal.ed jdk.editpad jdk.internal.vm.ci jdk.graal.compiler jdk.graal.compiler.management jdk.hotspot.agent jdk.httpserver jdk.incubator.vector jdk.internal.le jdk.internal.md jdk.jartool jdk.javadoc jdk.jcmd jdk.management jdk.management.agent jdk.jconsole jdk.jdeps jdk.jdwp.agent jdk.jdi jdk.jfr jdk.jlink jdk.jpackage jdk.jshell jdk.jsobject jdk.jstatd jdk.localedata jdk.management.jfr jdk.naming.dns jdk.naming.rmi jdk.net jdk.nio.mapmode jdk.sctp jdk.security.auth jdk.security.jgss jdk.unsupported jdk.unsupported.desktop jdk.xml.dom" 
OS_ARCH="x86_64" 
OS_NAME="Windows" 
SOURCE=".:git:862c85bc42b7 open:git:78770bfaefd2" 

Environment Variables:
JAVA_HOME=C:\Program Files\Java\jdk-25
CLASSPATH=C:\LINGO64_21\Lingo21.jar
PATH=C:\Program Files\Java\jdk-25\bin;C:\Program Files\Eclipse Adoptium\jdk-21.0.5.11-hotspot\bin;C:\Program Files\Java\jdk-21\bin;C:\Program Files\Rockwell Software\RSCommon;C:\Program Files\Common Files\Oracle\Java\javapath;C:\Program Files (x86)\Common Files\Oracle\Java\java8path;C:\Program Files (x86)\Common Files\Oracle\Java\javapath;C:\Windows\system32;C:\Windows;C:\Windows\System32\Wbem;C:\Windows\System32\WindowsPowerShell\v1.0\;C:\Windows\System32\OpenSSH\;C:\Program Files (x86)\Microsoft SQL Server\160\Tools\Binn\;C:\Program Files\Microsoft SQL Server\160\Tools\Binn\;C:\Program Files\Microsoft SQL Server\Client SDK\ODBC\170\Tools\Binn\;C:\Program Files\Microsoft SQL Server\160\DTS\Binn\;C:\Program Files (x86)\Microsoft SQL Server\160\DTS\Binn\;C:\Program Files (x86)\Windows Kits\10\Windows Performance Toolkit\;C:\Program Files\nodejs\;C:\LINGO64_21\;C:\Program Files\Docker\Docker\resources\bin;C:\Program Files\Git\cmd;C:\Program Files\dotnet\;C:\Users\user\AppData\Local\Programs\Python\Python310\Scripts\;C:\Users\user\AppData\Local\Programs\Python\Python310\;C:\Users\user\AppData\Local\Microsoft\WindowsApps;C:\Users\user\.dotnet\tools;C:\Users\user\AppData\Local\GitHubDesktop\bin;C:\Users\user\AppData\Roaming\npm;C:\Program Files\JetBrains\IntelliJ IDEA 2025.1\bin;;C:\Users\user\AppData\Local\JetBrains\Toolbox\scripts;C:\Users\user\AppData\Local\Programs\Microsoft VS Code\bin;C:\ProgramData\user\GitHubDesktop\bin;C:\Users\user\AppData\Local\Programs\Antigravity\bin
USERNAME=user
LANG=es_ES.UTF-8
OS=Windows_NT
PROCESSOR_IDENTIFIER=AMD64 Family 23 Model 160 Stepping 0, AuthenticAMD
TMP=C:\Users\user\AppData\Local\Temp
TEMP=C:\Users\user\AppData\Local\Temp




Compilation memory statistics disabled.

Periodic native trim disabled

---------------  S Y S T E M  ---------------

OS:
 Windows 11 , 64 bit Build 26100 (10.0.26100.7309)
OS uptime: 0 days 13:56 hours
Hyper-V role detected

CPU: total 8 (initial active 8) (8 cores per cpu, 2 threads per core) family 23 model 160 stepping 0 microcode 0x8a0000a, cx8, cmov, fxsr, ht, mmx, 3dnowpref, sse, sse2, sse3, ssse3, sse4a, sse4.1, sse4.2, popcnt, lzcnt, tsc, tscinvbit, avx, avx2, aes, clmul, bmi1, bmi2, adx, sha, fma, vzeroupper, clflush, clflushopt, clwb, hv, rdtscp, rdpid, f16c
Processor Information for processor 0
  Max Mhz: 2801, Current Mhz: 2801, Mhz Limit: 2801
Processor Information for processor 1
  Max Mhz: 2801, Current Mhz: 2801, Mhz Limit: 2801
Processor Information for processor 2
  Max Mhz: 2801, Current Mhz: 2801, Mhz Limit: 2801
Processor Information for processor 3
  Max Mhz: 2801, Current Mhz: 2246, Mhz Limit: 2801
Processor Information for processor 4
  Max Mhz: 2801, Current Mhz: 2246, Mhz Limit: 2801
Processor Information for processor 5
  Max Mhz: 2801, Current Mhz: 2801, Mhz Limit: 2801
Processor Information for processor 6
  Max Mhz: 2801, Current Mhz: 2246, Mhz Limit: 2801
Processor Information for processor 7
  Max Mhz: 2801, Current Mhz: 2246, Mhz Limit: 2801

Memory: 4k page, system-wide physical 5965M (508M free)
TotalPageFile size 22349M (AvailPageFile size 1M)
current process WorkingSet (physical memory assigned to process): 275M, peak: 282M
current process commit charge ("private bytes"): 308M, peak: 326M

vm_info: Java HotSpot(TM) 64-Bit Server VM (25.0.1+8-LTS-27) for windows-amd64 JRE (25.0.1+8-LTS-27), built on 2025-09-25T16:41:16Z with unknown MS VC++:1943

END.
