#
# There is insufficient memory for the Java Runtime Environment to continue.
# Native memory allocation (mmap) failed to map 98566144 bytes. Error detail: G1 virtual space
# Possible reasons:
#   The system is out of physical RAM or swap space
#   This process is running with CompressedOops enabled, and the Java Heap may be blocking the growth of the native heap
# Possible solutions:
#   Reduce memory load on the system
#   Increase physical memory or swap space
#   Check if swap backing store is full
#   Decrease Java heap size (-Xmx/-Xms)
#   Decrease number of Java threads
#   Decrease Java thread stack sizes (-Xss)
#   Set larger code cache with -XX:ReservedCodeCacheSize=
#   JVM is running with Unscaled Compressed Oops mode in which the Java heap is
#     placed in the first 4GB address space. The Java Heap base address is the
#     maximum limit for the native heap growth. Please use -XX:HeapBaseMinAddress
#     to set the Java Heap base and to place the Java Heap above 4GB virtual address.
# This output file may be truncated or incomplete.
#
#  Out of Memory Error (os_windows.cpp:3554), pid=10020, tid=13008
#
# JRE version:  (25.0.1+8) (build )
# Java VM: Java HotSpot(TM) 64-Bit Server VM (25.0.1+8-LTS-27, mixed mode, sharing, tiered, compressed oops, compressed class ptrs, g1 gc, windows-amd64)
# No core dump will be written. Minidumps are not enabled by default on client versions of Windows
#

---------------  S U M M A R Y ------------

Command Line: -Dclassworlds.conf=C:\Users\user\.m2\wrapper\dists\apache-maven-3.9.12\59fe215c0ad6947fea90184bf7add084544567b927287592651fda3782e0e798\bin\m2.conf -Dmaven.home=C:\Users\user\.m2\wrapper\dists\apache-maven-3.9.12\59fe215c0ad6947fea90184bf7add084544567b927287592651fda3782e0e798 -Dlibrary.jansi.path=C:\Users\user\.m2\wrapper\dists\apache-maven-3.9.12\59fe215c0ad6947fea90184bf7add084544567b927287592651fda3782e0e798\lib\jansi-native -Dmaven.multiModuleProjectDirectory=C:\Users\user\OneDrive\Desktop\Ciclo 2025-II\Taller de Desarrollo\TDUNU2025\MsTramiteTesis org.codehaus.plexus.classworlds.launcher.Launcher compile

Host: AMD Ryzen 5 7520U with Radeon Graphics         , 8 cores, 5G,  Windows 11 , 64 bit Build 26100 (10.0.26100.7309)
Time: Tue Jan  6 23:40:29 2026 Hora est. Pacífico, Sudamérica elapsed time: 2.050194 seconds (0d 0h 0m 2s)

---------------  T H R E A D  ---------------

Current thread (0x00000202abeb8da0):  JavaThread "Unknown thread" [_thread_in_vm, id=13008, stack(0x0000003218800000,0x0000003218900000) (1024K)]

Stack: [0x0000003218800000,0x0000003218900000]
Native frames: (J=compiled Java code, j=interpreted, Vv=VM code, C=native code)
V  [jvm.dll+0x7a6b59]  (no source info available)
V  [jvm.dll+0x77290d]  (no source info available)
V  [jvm.dll+0x966153]  (no source info available)
V  [jvm.dll+0x968751]  (no source info available)
V  [jvm.dll+0x968e53]  (no source info available)
V  [jvm.dll+0x2fc756]  (no source info available)
V  [jvm.dll+0x7a2d85]  (no source info available)
V  [jvm.dll+0x796197]  (no source info available)
V  [jvm.dll+0x3f4698]  (no source info available)
V  [jvm.dll+0x3fc5b6]  (no source info available)
V  [jvm.dll+0x3e8c8e]  (no source info available)
V  [jvm.dll+0x3e8f48]  (no source info available)
V  [jvm.dll+0x3c0045]  (no source info available)
V  [jvm.dll+0x3c0cce]  (no source info available)
V  [jvm.dll+0x92c837]  (no source info available)
V  [jvm.dll+0x458bc2]  (no source info available)
V  [jvm.dll+0x9101e2]  (no source info available)
V  [jvm.dll+0x4f9061]  (no source info available)
V  [jvm.dll+0x4fa8f1]  (no source info available)
C  [jli.dll+0x543e]  (no source info available)
C  [ucrtbase.dll+0x37b0]  (no source info available)
C  [KERNEL32.DLL+0x2e8d7]  (no source info available)
C  [ntdll.dll+0x8c53c]  (no source info available)

Lock stack of current Java thread (top to bottom):


---------------  P R O C E S S  ---------------

Threads class SMR info:
_java_thread_list=0x00007ff86adf5308, length=0, elements={
}

Java Threads: ( => current thread )
Total: 0

Other Threads:
  0x00000202ae36a8b0 WorkerThread "GC Thread#0"                     [id=12940, stack(0x0000003218900000,0x0000003218a00000) (1024K)]
  0x00000202ae37d950 ConcurrentGCThread "G1 Main Marker"            [id=18884, stack(0x0000003218a00000,0x0000003218b00000) (1024K)]
  0x00000202ae381240 WorkerThread "G1 Conc#0"                       [id=11464, stack(0x0000003218b00000,0x0000003218c00000) (1024K)]

[error occurred during error reporting (printing all threads), id 0xc0000005, EXCEPTION_ACCESS_VIOLATION (0xc0000005) at pc=0x00007ff86a4d4c2a]
VM state: not at safepoint (not fully initialized)

VM Mutex/Monitor currently owned by a thread:  ([mutex/lock_event])
[0x00007ff86ae79668] Heap_lock - owner thread: 0x00000202abeb8da0

Heap address: 0x00000000a2c00000, size: 1492 MB, Compressed Oops mode: 32-bit

CDS archive(s) mapped at: [0x0000000000000000-0x0000000000000000-0x0000000000000000), size 0, SharedBaseAddress: 0x0000000800000000, ArchiveRelocationMode: 1.
UseCompressedClassPointers 1, UseCompactObjectHeaders 0
Narrow klass pointer bits 32, Max shift 3
Narrow klass base: 0xffffffffffffffff, Narrow klass shift: -1
Encoding Range: [0xffffffffffffffff - 0x000000007fffffff), (2147483648 bytes)
Klass Range:    [0x0000000000000000 - 0x0000000000000000), (0 bytes)
Klass ID Range:  [4294967295 - 0) (1)
No protection zone.

GC Precious Log:
 CardTable entry size: 512
 Card Set container configuration: InlinePtr #cards 5 size 8 Array Of Cards #cards 10 size 36 Howl #buckets 4 coarsen threshold 1843 Howl Bitmap #cards 512 size 80 coarsen threshold 460 Card regions per heap region 1 cards per card region 2048

Heap:
 garbage-first heap   total reserved 1527808K, committed 0K, used 0K [0x00000000a2c00000, 0x0000000100000000)
  region size 1024K, 0 young (0K), 0 survivors (0K)

Heap Regions: E=young(eden), S=young(survivor), O=old, HS=humongous(starts), HC=humongous(continues), CS=collection set, F=free, TAMS=top-at-mark-start, PB=parsable bottom

Card table byte_map: [0x00000202c61c0000,0x00000202c64b0000] _byte_map_base: 0x00000202c5caa000

Marking Bits: (CMBitMap*) 0x00000202ae36b850
 Bits: [0x00000202c64b0000, 0x00000202c7c00000)

GC Heap Usage History (0 events):
No events

Metaspace Usage History (0 events):
No events

Dll operation events (1 events):
Event: 0.015 Loaded shared library C:\Program Files\Java\jdk-25\bin\java.dll

Deoptimization events (0 events):
No events

Classes loaded (0 events):
No events

Classes unloaded (0 events):
No events

Classes redefined (0 events):
No events

Internal exceptions (0 events):
No events

VM Operations (0 events):
No events

Memory protections (0 events):
No events

Nmethod flushes (0 events):
No events

Events (0 events):
No events


Dynamic libraries:
0x00007ff6f1540000 - 0x00007ff6f1550000 	C:\Program Files\Java\jdk-25\bin\java.exe
0x00007ff924360000 - 0x00007ff9245c7000 	C:\Windows\SYSTEM32\ntdll.dll
0x00007ff922c80000 - 0x00007ff922d49000 	C:\Windows\System32\KERNEL32.DLL
0x00007ff921bd0000 - 0x00007ff921fbf000 	C:\Windows\System32\KERNELBASE.dll
0x00007ff9218e0000 - 0x00007ff921a2b000 	C:\Windows\System32\ucrtbase.dll
0x00007ff902970000 - 0x00007ff90298e000 	C:\Program Files\Java\jdk-25\bin\VCRUNTIME140.dll
0x00007ff90dae0000 - 0x00007ff90daf7000 	C:\Program Files\Java\jdk-25\bin\jli.dll
0x00007ff922d60000 - 0x00007ff922f25000 	C:\Windows\System32\USER32.dll
0x00007ff9093e0000 - 0x00007ff909673000 	C:\Windows\WinSxS\amd64_microsoft.windows.common-controls_6595b64144ccf1df_6.0.26100.7309_none_3e05feeae336a044\COMCTL32.dll
0x00007ff921a30000 - 0x00007ff921a57000 	C:\Windows\System32\win32u.dll
0x00007ff9236f0000 - 0x00007ff923799000 	C:\Windows\System32\msvcrt.dll
0x00007ff922590000 - 0x00007ff9225bb000 	C:\Windows\System32\GDI32.dll
0x00007ff921fd0000 - 0x00007ff9220fc000 	C:\Windows\System32\gdi32full.dll
0x00007ff921570000 - 0x00007ff921613000 	C:\Windows\System32\msvcp_win.dll
0x00007ff922fc0000 - 0x00007ff922ff1000 	C:\Windows\System32\IMM32.DLL
0x00007ff91c480000 - 0x00007ff91c48c000 	C:\Program Files\Java\jdk-25\bin\vcruntime140_1.dll
0x00007ff8f97f0000 - 0x00007ff8f987d000 	C:\Program Files\Java\jdk-25\bin\msvcp140.dll
0x00007ff86a100000 - 0x00007ff86af5f000 	C:\Program Files\Java\jdk-25\bin\server\jvm.dll
0x00007ff9237a0000 - 0x00007ff923854000 	C:\Windows\System32\ADVAPI32.dll
0x00007ff923000000 - 0x00007ff9230a6000 	C:\Windows\System32\sechost.dll
0x00007ff922620000 - 0x00007ff922738000 	C:\Windows\System32\RPCRT4.dll
0x00007ff922be0000 - 0x00007ff922c54000 	C:\Windows\System32\WS2_32.dll
0x00007ff921310000 - 0x00007ff92136e000 	C:\Windows\SYSTEM32\POWRPROF.dll
0x00007ff9159e0000 - 0x00007ff9159eb000 	C:\Windows\SYSTEM32\VERSION.dll
0x00007ff916fb0000 - 0x00007ff916fe5000 	C:\Windows\SYSTEM32\WINMM.dll
0x00007ff9212f0000 - 0x00007ff921304000 	C:\Windows\SYSTEM32\UMPDC.dll
0x00007ff920220000 - 0x00007ff92023b000 	C:\Windows\SYSTEM32\kernel.appcore.dll
0x00007ff916a60000 - 0x00007ff916a6a000 	C:\Program Files\Java\jdk-25\bin\jimage.dll
0x00007ff912b40000 - 0x00007ff912d82000 	C:\Windows\SYSTEM32\DBGHELP.DLL
0x00007ff922200000 - 0x00007ff922585000 	C:\Windows\System32\combase.dll
0x00007ff923470000 - 0x00007ff923546000 	C:\Windows\System32\OLEAUT32.dll
0x00007ff90abd0000 - 0x00007ff90ac0c000 	C:\Windows\SYSTEM32\dbgcore.DLL
0x00007ff921830000 - 0x00007ff9218d5000 	C:\Windows\System32\bcryptPrimitives.dll
0x00007ff8f97c0000 - 0x00007ff8f97df000 	C:\Program Files\Java\jdk-25\bin\java.dll
0x00007ff923550000 - 0x00007ff9236e7000 	C:\Windows\System32\ole32.dll
0x00007ff923860000 - 0x00007ff923fb3000 	C:\Windows\System32\SHELL32.dll
0x00007ff921a60000 - 0x00007ff921bca000 	C:\Windows\System32\wintypes.dll

JVMTI agents: none

dbghelp: loaded successfully - version: 4.0.5 - missing functions: none
symbol engine: initialized successfully - sym options: 0x614 - pdb path: .;C:\Program Files\Java\jdk-25\bin;C:\Windows\SYSTEM32;C:\Windows\WinSxS\amd64_microsoft.windows.common-controls_6595b64144ccf1df_6.0.26100.7309_none_3e05feeae336a044;C:\Program Files\Java\jdk-25\bin\server

VM Arguments:
jvm_args: -Dclassworlds.conf=C:\Users\user\.m2\wrapper\dists\apache-maven-3.9.12\59fe215c0ad6947fea90184bf7add084544567b927287592651fda3782e0e798\bin\m2.conf -Dmaven.home=C:\Users\user\.m2\wrapper\dists\apache-maven-3.9.12\59fe215c0ad6947fea90184bf7add084544567b927287592651fda3782e0e798 -Dlibrary.jansi.path=C:\Users\user\.m2\wrapper\dists\apache-maven-3.9.12\59fe215c0ad6947fea90184bf7add084544567b927287592651fda3782e0e798\lib\jansi-native -Dmaven.multiModuleProjectDirectory=C:\Users\user\OneDrive\Desktop\Ciclo 2025-II\Taller de Desarrollo\TDUNU2025\MsTramiteTesis 
java_command: org.codehaus.plexus.classworlds.launcher.Launcher compile
java_class_path (initial): C:\Users\user\.m2\wrapper\dists\apache-maven-3.9.12\59fe215c0ad6947fea90184bf7add084544567b927287592651fda3782e0e798\boot\plexus-classworlds-2.9.0.jar
Launcher Type: SUN_STANDARD

[Global flags]
     intx CICompilerCount                          = 4                                         {product} {ergonomic}
     uint ConcGCThreads                            = 2                                         {product} {ergonomic}
     uint G1ConcRefinementThreads                  = 8                                         {product} {ergonomic}
   size_t G1HeapRegionSize                         = 1048576                                   {product} {ergonomic}
   size_t InitialHeapSize                          = 98566144                                  {product} {ergonomic}
   size_t MarkStackSize                            = 4194304                                   {product} {ergonomic}
   size_t MarkStackSizeMax                         = 536870912                                 {product} {ergonomic}
   size_t MaxHeapSize                              = 1564475392                                {product} {ergonomic}
   size_t MinHeapDeltaBytes                        = 1048576                                   {product} {ergonomic}
   size_t MinHeapSize                              = 8388608                                   {product} {ergonomic}
    uintx NonNMethodCodeHeapSize                   = 5832704                                {pd product} {ergonomic}
    uintx NonProfiledCodeHeapSize                  = 122945536                              {pd product} {ergonomic}
    uintx ProfiledCodeHeapSize                     = 122880000                              {pd product} {ergonomic}
    uintx ReservedCodeCacheSize                    = 251658240                              {pd product} {ergonomic}
     bool SegmentedCodeCache                       = true                                      {product} {ergonomic}
   size_t SoftMaxHeapSize                          = 1564475392                             {manageable} {ergonomic}
     bool UseCompressedOops                        = true                           {product lp64_product} {ergonomic}
     bool UseG1GC                                  = true                                      {product} {ergonomic}
     bool UseLargePagesIndividualAllocation        = false                                  {pd product} {ergonomic}

Logging:
Log output configuration:
 #0: stdout all=warning uptime,level,tags foldmultilines=false
 #1: stderr all=off uptime,level,tags foldmultilines=false

Release file:
<release file has not been read>
Environment Variables:
JAVA_HOME=C:\Program Files\Java\jdk-25
CLASSPATH=C:\LINGO64_21\Lingo21.jar
PATH=C:\Program Files\Java\jdk-25\bin;C:\Program Files\Eclipse Adoptium\jdk-21.0.5.11-hotspot\bin;C:\Program Files\Java\jdk-21\bin;C:\Program Files\Rockwell Software\RSCommon;C:\Program Files\Common Files\Oracle\Java\javapath;C:\Program Files (x86)\Common Files\Oracle\Java\java8path;C:\Program Files (x86)\Common Files\Oracle\Java\javapath;C:\Windows\system32;C:\Windows;C:\Windows\System32\Wbem;C:\Windows\System32\WindowsPowerShell\v1.0\;C:\Windows\System32\OpenSSH\;C:\Program Files (x86)\Microsoft SQL Server\160\Tools\Binn\;C:\Program Files\Microsoft SQL Server\160\Tools\Binn\;C:\Program Files\Microsoft SQL Server\Client SDK\ODBC\170\Tools\Binn\;C:\Program Files\Microsoft SQL Server\160\DTS\Binn\;C:\Program Files (x86)\Microsoft SQL Server\160\DTS\Binn\;C:\Program Files (x86)\Windows Kits\10\Windows Performance Toolkit\;C:\Program Files\nodejs\;C:\LINGO64_21\;C:\Program Files\Docker\Docker\resources\bin;C:\Program Files\Git\cmd;C:\Program Files\dotnet\;C:\Users\user\AppData\Local\Programs\Python\Python310\Scripts\;C:\Users\user\AppData\Local\Programs\Python\Python310\;C:\Users\user\AppData\Local\Microsoft\WindowsApps;C:\Users\user\.dotnet\tools;C:\Users\user\AppData\Local\GitHubDesktop\bin;C:\Users\user\AppData\Roaming\npm;C:\Program Files\JetBrains\IntelliJ IDEA 2025.1\bin;;C:\Users\user\AppData\Local\JetBrains\Toolbox\scripts;C:\Users\user\AppData\Local\Programs\Microsoft VS Code\bin;C:\ProgramData\user\GitHubDesktop\bin;C:\Users\user\AppData\Local\Programs\Antigravity\bin
USERNAME=user
LANG=es_ES.UTF-8
OS=Windows_NT
PROCESSOR_IDENTIFIER=AMD64 Family 23 Model 160 Stepping 0, AuthenticAMD
TMP=C:\Users\user\AppData\Local\Temp
TEMP=C:\Users\user\AppData\Local\Temp




Compilation memory statistics disabled.

Periodic native trim disabled

---------------  S Y S T E M  ---------------

OS:
 Windows 11 , 64 bit Build 26100 (10.0.26100.7309)
OS uptime: 0 days 13:59 hours
Hyper-V role detected

CPU: total 8 (initial active 8) (8 cores per cpu, 2 threads per core) family 23 model 160 stepping 0 microcode 0x8a0000a, cx8, cmov, fxsr, ht, mmx, 3dnowpref, sse, sse2, sse3, ssse3, sse4a, sse4.1, sse4.2, popcnt, lzcnt, tsc, tscinvbit, avx, avx2, aes, clmul, bmi1, bmi2, adx, sha, fma, vzeroupper, clflush, clflushopt, clwb, hv, rdtscp, rdpid, f16c
Processor Information for the first 8 processors :
  Max Mhz: 2801, Current Mhz: 2801, Mhz Limit: 2801

Memory: 4k page, system-wide physical 5965M (367M free)
TotalPageFile size 22349M (AvailPageFile size 67M)
current process WorkingSet (physical memory assigned to process): 13M, peak: 13M
current process commit charge ("private bytes"): 60M, peak: 154M

vm_info: Java HotSpot(TM) 64-Bit Server VM (25.0.1+8-LTS-27) for windows-amd64 JRE (25.0.1+8-LTS-27), built on 2025-09-25T16:41:16Z with unknown MS VC++:1943

END.
