2026-01-15 18:54:59 [main] INFO  t.M.MsAsistenciaApplication - Starting MsAsistenciaApplication using Java 25.0.1 with PID 8884 (D:\Desktop\MsAsistencia\MsAsistencia\target\classes started by Raphael in D:\Desktop\MsAsistencia\MsAsistencia)
2026-01-15 18:54:59 [main] DEBUG t.M.MsAsistenciaApplication - Running with Spring Boot v4.0.0, Spring v7.0.1
2026-01-15 18:54:59 [main] INFO  t.M.MsAsistenciaApplication - No active profile set, falling back to 1 default profile: "default"
2026-01-15 18:55:01 [background-preinit] INFO  o.h.validator.internal.util.Version - HV000001: Hibernate Validator 9.0.1.Final
2026-01-15 18:55:02 [main] INFO  o.s.d.r.c.RepositoryConfigurationDelegate - Bootstrapping Spring Data JPA repositories in DEFAULT mode.
2026-01-15 18:55:02 [main] INFO  o.s.d.r.c.RepositoryConfigurationDelegate - Finished Spring Data repository scanning in 166 ms. Found 2 JPA repository interfaces.
2026-01-15 18:55:04 [main] INFO  o.s.boot.tomcat.TomcatWebServer - Tomcat initialized with port 82 (http)
2026-01-15 18:55:04 [main] INFO  o.a.coyote.http11.Http11NioProtocol - Initializing ProtocolHandler ["http-nio-82"]
2026-01-15 18:55:04 [main] INFO  o.a.catalina.core.StandardService - Starting service [Tomcat]
2026-01-15 18:55:04 [main] INFO  o.a.catalina.core.StandardEngine - Starting Servlet engine: [Apache Tomcat/11.0.14]
2026-01-15 18:55:04 [main] INFO  o.s.b.w.c.s.WebApplicationContextInitializer - Root WebApplicationContext: initialization completed in 4624 ms
2026-01-15 18:55:05 [main] INFO  o.h.jpa.internal.util.LogHelper - HHH000204: Processing PersistenceUnitInfo [name: default]
2026-01-15 18:55:05 [main] INFO  org.hibernate.Version - HHH000412: Hibernate ORM core version 7.1.8.Final
2026-01-15 18:55:06 [main] INFO  o.s.o.j.p.SpringPersistenceUnitInfo - No LoadTimeWeaver setup: ignoring JPA class transformer
2026-01-15 18:55:06 [main] INFO  com.zaxxer.hikari.HikariDataSource - HikariPool-1 - Starting...
2026-01-15 18:55:07 [main] INFO  com.zaxxer.hikari.pool.HikariPool - HikariPool-1 - Added connection com.mysql.cj.jdbc.ConnectionImpl@8e3449e
2026-01-15 18:55:07 [main] INFO  com.zaxxer.hikari.HikariDataSource - HikariPool-1 - Start completed.
2026-01-15 18:55:07 [main] WARN  org.hibernate.orm.deprecation - HHH90000025: MySQLDialect does not need to be specified explicitly using 'hibernate.dialect' (remove the property setting and it will be selected by default)
2026-01-15 18:55:07 [main] INFO  o.hibernate.orm.connections.pooling - HHH10001005: Database info:
	Database JDBC URL [jdbc:mysql://localhost:3309/db_asistencia]
	Database driver: MySQL Connector/J
	Database dialect: MySQLDialect
	Database version: 8.0.26
	Default catalog/schema: db_asistencia/undefined
	Autocommit mode: undefined/unknown
	Isolation level: REPEATABLE_READ [default REPEATABLE_READ]
	JDBC fetch size: none
	Pool: DatasourceConnectionProviderImpl
	Minimum pool size: undefined/unknown
	Maximum pool size: undefined/unknown
2026-01-15 18:55:10 [main] INFO  o.h.e.t.j.p.i.JtaPlatformInitiator - HHH000489: No JTA platform available (set 'hibernate.transaction.jta.platform' to enable JTA platform integration)
2026-01-15 18:55:10 [main] DEBUG org.hibernate.SQL - 
    alter table asistencia 
       add column entidad_id integer
2026-01-15 18:55:10 [main] DEBUG org.hibernate.SQL - 
    alter table asistencia 
       add column evento_id integer
2026-01-15 18:55:10 [main] DEBUG org.hibernate.SQL - 
    alter table asistencia 
       add column fecha_hora datetime(6)
2026-01-15 18:55:10 [main] DEBUG org.hibernate.SQL - 
    alter table asistencia 
       add column fecha_registro datetime(6)
2026-01-15 18:55:11 [main] DEBUG org.hibernate.SQL - 
    alter table asistencia 
       add column sistema_origen varchar(50)
2026-01-15 18:55:11 [main] DEBUG org.hibernate.SQL - 
    alter table asistencia 
       add column tipo_entidad varchar(50)
2026-01-15 18:55:11 [main] DEBUG org.hibernate.SQL - 
    alter table asistencia 
       add column tipo_evento varchar(50)
2026-01-15 18:55:11 [main] DEBUG org.hibernate.SQL - 
    alter table asistencia 
       add column usuario_registro varchar(100)
2026-01-15 18:55:11 [main] DEBUG org.hibernate.SQL - 
    create table asistencia_alumno (
        id integer not null auto_increment,
        alumno_id integer,
        curso_id integer,
        estado varchar(20),
        fecha date,
        fecha_registro datetime(6),
        hora_entrada datetime(6),
        hora_salida datetime(6),
        justificacion varchar(500),
        observaciones varchar(500),
        seccion_id integer,
        usuario_registro varchar(100),
        primary key (id)
    ) engine=InnoDB
2026-01-15 18:55:11 [main] INFO  o.s.o.j.LocalContainerEntityManagerFactoryBean - Initialized JPA EntityManagerFactory for persistence unit 'default'
2026-01-15 18:55:11 [main] INFO  o.s.d.j.r.q.QueryEnhancerFactories - Hibernate is in classpath; If applicable, HQL parser will be used.
2026-01-15 18:55:12 [main] WARN  o.s.b.w.s.s.c.AnnotationConfigServletWebServerApplicationContext - Exception encountered during context initialization - cancelling refresh attempt: org.springframework.beans.factory.UnsatisfiedDependencyException: Error creating bean with name 'kafkaProducerService' defined in file [D:\Desktop\MsAsistencia\MsAsistencia\target\classes\tdunu\MsAsistencia\kafka\KafkaProducerService.class]: Unsatisfied dependency expressed through constructor parameter 0: No qualifying bean of type 'org.springframework.kafka.core.KafkaTemplate<java.lang.String, java.lang.Object>' available: expected at least 1 bean which qualifies as autowire candidate. Dependency annotations: {}
2026-01-15 18:55:12 [main] INFO  o.s.o.j.LocalContainerEntityManagerFactoryBean - Closing JPA EntityManagerFactory for persistence unit 'default'
2026-01-15 18:55:12 [main] INFO  com.zaxxer.hikari.HikariDataSource - HikariPool-1 - Shutdown initiated...
2026-01-15 18:55:12 [main] INFO  com.zaxxer.hikari.HikariDataSource - HikariPool-1 - Shutdown completed.
2026-01-15 18:55:12 [main] INFO  o.a.catalina.core.StandardService - Stopping service [Tomcat]
2026-01-15 18:55:12 [main] INFO  o.s.b.a.l.ConditionEvaluationReportLogger - 

Error starting ApplicationContext. To display the condition evaluation report re-run your application with 'debug' enabled.
2026-01-15 18:55:12 [main] ERROR o.s.b.d.LoggingFailureAnalysisReporter - 

***************************
APPLICATION FAILED TO START
***************************

Description:

Parameter 0 of constructor in tdunu.MsAsistencia.kafka.KafkaProducerService required a bean of type 'org.springframework.kafka.core.KafkaTemplate' that could not be found.


Action:

Consider defining a bean of type 'org.springframework.kafka.core.KafkaTemplate' in your configuration.

2026-01-15 18:57:56 [main] INFO  t.M.MsAsistenciaApplication - Starting MsAsistenciaApplication using Java 25.0.1 with PID 2504 (D:\Desktop\MsAsistencia\MsAsistencia\target\classes started by Raphael in D:\Desktop\MsAsistencia\MsAsistencia)
2026-01-15 18:57:56 [main] DEBUG t.M.MsAsistenciaApplication - Running with Spring Boot v4.0.0, Spring v7.0.1
2026-01-15 18:57:56 [main] INFO  t.M.MsAsistenciaApplication - No active profile set, falling back to 1 default profile: "default"
2026-01-15 18:57:58 [background-preinit] INFO  o.h.validator.internal.util.Version - HV000001: Hibernate Validator 9.0.1.Final
2026-01-15 18:57:59 [main] INFO  o.s.d.r.c.RepositoryConfigurationDelegate - Bootstrapping Spring Data JPA repositories in DEFAULT mode.
2026-01-15 18:58:00 [main] INFO  o.s.d.r.c.RepositoryConfigurationDelegate - Finished Spring Data repository scanning in 249 ms. Found 2 JPA repository interfaces.
2026-01-15 18:58:01 [main] INFO  o.s.boot.tomcat.TomcatWebServer - Tomcat initialized with port 82 (http)
2026-01-15 18:58:01 [main] INFO  o.a.coyote.http11.Http11NioProtocol - Initializing ProtocolHandler ["http-nio-82"]
2026-01-15 18:58:01 [main] INFO  o.a.catalina.core.StandardService - Starting service [Tomcat]
2026-01-15 18:58:01 [main] INFO  o.a.catalina.core.StandardEngine - Starting Servlet engine: [Apache Tomcat/11.0.14]
2026-01-15 18:58:02 [main] INFO  o.s.b.w.c.s.WebApplicationContextInitializer - Root WebApplicationContext: initialization completed in 5046 ms
2026-01-15 18:58:02 [main] INFO  o.h.jpa.internal.util.LogHelper - HHH000204: Processing PersistenceUnitInfo [name: default]
2026-01-15 18:58:02 [main] INFO  org.hibernate.Version - HHH000412: Hibernate ORM core version 7.1.8.Final
2026-01-15 18:58:03 [main] INFO  o.s.o.j.p.SpringPersistenceUnitInfo - No LoadTimeWeaver setup: ignoring JPA class transformer
2026-01-15 18:58:03 [main] INFO  com.zaxxer.hikari.HikariDataSource - HikariPool-1 - Starting...
2026-01-15 18:58:04 [main] INFO  com.zaxxer.hikari.pool.HikariPool - HikariPool-1 - Added connection com.mysql.cj.jdbc.ConnectionImpl@5740ad76
2026-01-15 18:58:04 [main] INFO  com.zaxxer.hikari.HikariDataSource - HikariPool-1 - Start completed.
2026-01-15 18:58:04 [main] WARN  org.hibernate.orm.deprecation - HHH90000025: MySQLDialect does not need to be specified explicitly using 'hibernate.dialect' (remove the property setting and it will be selected by default)
2026-01-15 18:58:04 [main] INFO  o.hibernate.orm.connections.pooling - HHH10001005: Database info:
	Database JDBC URL [jdbc:mysql://localhost:3309/db_asistencia]
	Database driver: MySQL Connector/J
	Database dialect: MySQLDialect
	Database version: 8.0.26
	Default catalog/schema: db_asistencia/undefined
	Autocommit mode: undefined/unknown
	Isolation level: REPEATABLE_READ [default REPEATABLE_READ]
	JDBC fetch size: none
	Pool: DatasourceConnectionProviderImpl
	Minimum pool size: undefined/unknown
	Maximum pool size: undefined/unknown
2026-01-15 18:58:06 [main] INFO  o.h.e.t.j.p.i.JtaPlatformInitiator - HHH000489: No JTA platform available (set 'hibernate.transaction.jta.platform' to enable JTA platform integration)
2026-01-15 18:58:06 [main] INFO  o.s.o.j.LocalContainerEntityManagerFactoryBean - Initialized JPA EntityManagerFactory for persistence unit 'default'
2026-01-15 18:58:07 [main] INFO  o.s.d.j.r.q.QueryEnhancerFactories - Hibernate is in classpath; If applicable, HQL parser will be used.
2026-01-15 18:58:08 [main] WARN  o.s.b.j.a.JpaBaseConfiguration$JpaWebConfiguration - spring.jpa.open-in-view is enabled by default. Therefore, database queries may be performed during view rendering. Explicitly configure spring.jpa.open-in-view to disable this warning
2026-01-15 18:58:09 [main] INFO  o.a.coyote.http11.Http11NioProtocol - Starting ProtocolHandler ["http-nio-82"]
2026-01-15 18:58:09 [main] INFO  o.s.boot.tomcat.TomcatWebServer - Tomcat started on port 82 (http) with context path '/'
2026-01-15 18:58:09 [main] INFO  o.a.k.common.config.AbstractConfig - ConsumerConfig values: 
	allow.auto.create.topics = true
	auto.commit.interval.ms = 5000
	auto.offset.reset = earliest
	bootstrap.servers = [localhost:9092]
	check.crcs = true
	client.dns.lookup = use_all_dns_ips
	client.id = consumer-asistencia-group-1
	client.rack = 
	connections.max.idle.ms = 540000
	default.api.timeout.ms = 60000
	enable.auto.commit = false
	enable.metrics.push = true
	exclude.internal.topics = true
	fetch.max.bytes = 52428800
	fetch.max.wait.ms = 500
	fetch.min.bytes = 1
	group.id = asistencia-group
	group.instance.id = null
	group.protocol = classic
	group.remote.assignor = null
	heartbeat.interval.ms = 3000
	interceptor.classes = []
	internal.leave.group.on.close = true
	internal.throw.on.fetch.stable.offset.unsupported = false
	isolation.level = read_uncommitted
	key.deserializer = class org.apache.kafka.common.serialization.StringDeserializer
	max.partition.fetch.bytes = 1048576
	max.poll.interval.ms = 300000
	max.poll.records = 500
	metadata.max.age.ms = 300000
	metadata.recovery.rebootstrap.trigger.ms = 300000
	metadata.recovery.strategy = rebootstrap
	metric.reporters = [org.apache.kafka.common.metrics.JmxReporter]
	metrics.num.samples = 2
	metrics.recording.level = INFO
	metrics.sample.window.ms = 30000
	partition.assignment.strategy = [class org.apache.kafka.clients.consumer.RangeAssignor, class org.apache.kafka.clients.consumer.CooperativeStickyAssignor]
	receive.buffer.bytes = 65536
	reconnect.backoff.max.ms = 1000
	reconnect.backoff.ms = 50
	request.timeout.ms = 30000
	retry.backoff.max.ms = 1000
	retry.backoff.ms = 100
	sasl.client.callback.handler.class = null
	sasl.jaas.config = null
	sasl.kerberos.kinit.cmd = /usr/bin/kinit
	sasl.kerberos.min.time.before.relogin = 60000
	sasl.kerberos.service.name = null
	sasl.kerberos.ticket.renew.jitter = 0.05
	sasl.kerberos.ticket.renew.window.factor = 0.8
	sasl.login.callback.handler.class = null
	sasl.login.class = null
	sasl.login.connect.timeout.ms = null
	sasl.login.read.timeout.ms = null
	sasl.login.refresh.buffer.seconds = 300
	sasl.login.refresh.min.period.seconds = 60
	sasl.login.refresh.window.factor = 0.8
	sasl.login.refresh.window.jitter = 0.05
	sasl.login.retry.backoff.max.ms = 10000
	sasl.login.retry.backoff.ms = 100
	sasl.mechanism = GSSAPI
	sasl.oauthbearer.assertion.algorithm = RS256
	sasl.oauthbearer.assertion.claim.aud = null
	sasl.oauthbearer.assertion.claim.exp.seconds = 300
	sasl.oauthbearer.assertion.claim.iss = null
	sasl.oauthbearer.assertion.claim.jti.include = false
	sasl.oauthbearer.assertion.claim.nbf.seconds = 60
	sasl.oauthbearer.assertion.claim.sub = null
	sasl.oauthbearer.assertion.file = null
	sasl.oauthbearer.assertion.private.key.file = null
	sasl.oauthbearer.assertion.private.key.passphrase = null
	sasl.oauthbearer.assertion.template.file = null
	sasl.oauthbearer.client.credentials.client.id = null
	sasl.oauthbearer.client.credentials.client.secret = null
	sasl.oauthbearer.clock.skew.seconds = 30
	sasl.oauthbearer.expected.audience = null
	sasl.oauthbearer.expected.issuer = null
	sasl.oauthbearer.header.urlencode = false
	sasl.oauthbearer.jwks.endpoint.refresh.ms = 3600000
	sasl.oauthbearer.jwks.endpoint.retry.backoff.max.ms = 10000
	sasl.oauthbearer.jwks.endpoint.retry.backoff.ms = 100
	sasl.oauthbearer.jwks.endpoint.url = null
	sasl.oauthbearer.jwt.retriever.class = class org.apache.kafka.common.security.oauthbearer.DefaultJwtRetriever
	sasl.oauthbearer.jwt.validator.class = class org.apache.kafka.common.security.oauthbearer.DefaultJwtValidator
	sasl.oauthbearer.scope = null
	sasl.oauthbearer.scope.claim.name = scope
	sasl.oauthbearer.sub.claim.name = sub
	sasl.oauthbearer.token.endpoint.url = null
	security.protocol = PLAINTEXT
	security.providers = null
	send.buffer.bytes = 131072
	session.timeout.ms = 45000
	share.acknowledgement.mode = implicit
	socket.connection.setup.timeout.max.ms = 30000
	socket.connection.setup.timeout.ms = 10000
	ssl.cipher.suites = null
	ssl.enabled.protocols = [TLSv1.2, TLSv1.3]
	ssl.endpoint.identification.algorithm = https
	ssl.engine.factory.class = null
	ssl.key.password = null
	ssl.keymanager.algorithm = SunX509
	ssl.keystore.certificate.chain = null
	ssl.keystore.key = null
	ssl.keystore.location = null
	ssl.keystore.password = null
	ssl.keystore.type = JKS
	ssl.protocol = TLSv1.3
	ssl.provider = null
	ssl.secure.random.implementation = null
	ssl.trustmanager.algorithm = PKIX
	ssl.truststore.certificates = null
	ssl.truststore.location = null
	ssl.truststore.password = null
	ssl.truststore.type = JKS
	value.deserializer = class org.springframework.kafka.support.serializer.JsonDeserializer

2026-01-15 18:58:09 [main] INFO  o.a.k.c.t.i.KafkaMetricsCollector - initializing Kafka metrics collector
2026-01-15 18:58:10 [main] INFO  o.a.kafka.common.utils.AppInfoParser - Kafka version: 4.1.1
2026-01-15 18:58:10 [main] INFO  o.a.kafka.common.utils.AppInfoParser - Kafka commitId: be816b82d25370ce
2026-01-15 18:58:10 [main] INFO  o.a.kafka.common.utils.AppInfoParser - Kafka startTimeMs: 1768521490391
2026-01-15 18:58:10 [main] INFO  o.a.k.c.c.i.ClassicKafkaConsumer - [Consumer clientId=consumer-asistencia-group-1, groupId=asistencia-group] Subscribed to topic(s): catalogo-actualizado
2026-01-15 18:58:10 [main] INFO  t.M.MsAsistenciaApplication - Started MsAsistenciaApplication in 15.057 seconds (process running for 16.194)
2026-01-15 18:58:11 [org.springframework.kafka.KafkaListenerEndpointContainer#0-0-C-1] INFO  org.apache.kafka.clients.Metadata - [Consumer clientId=consumer-asistencia-group-1, groupId=asistencia-group] Cluster ID: 8bayFnYJSPOjsQB6bjAP_w
2026-01-15 18:58:11 [org.springframework.kafka.KafkaListenerEndpointContainer#0-0-C-1] INFO  o.a.k.c.c.i.ConsumerCoordinator - [Consumer clientId=consumer-asistencia-group-1, groupId=asistencia-group] Discovered group coordinator 127.0.0.1:9092 (id: 2147483647 rack: null isFenced: false)
2026-01-15 18:58:11 [org.springframework.kafka.KafkaListenerEndpointContainer#0-0-C-1] INFO  o.a.k.c.c.i.ConsumerCoordinator - [Consumer clientId=consumer-asistencia-group-1, groupId=asistencia-group] (Re-)joining group
2026-01-15 18:58:11 [org.springframework.kafka.KafkaListenerEndpointContainer#0-0-C-1] INFO  o.a.k.c.c.i.ConsumerCoordinator - [Consumer clientId=consumer-asistencia-group-1, groupId=asistencia-group] Request joining group due to: need to re-join with the given member-id: consumer-asistencia-group-1-8cd52dbd-b15d-4fb8-a830-8fdfcb8a1ee0
2026-01-15 18:58:11 [org.springframework.kafka.KafkaListenerEndpointContainer#0-0-C-1] INFO  o.a.k.c.c.i.ConsumerCoordinator - [Consumer clientId=consumer-asistencia-group-1, groupId=asistencia-group] (Re-)joining group
2026-01-15 18:58:11 [org.springframework.kafka.KafkaListenerEndpointContainer#0-0-C-1] INFO  o.a.k.c.c.i.ConsumerCoordinator - [Consumer clientId=consumer-asistencia-group-1, groupId=asistencia-group] Successfully joined group with generation Generation{generationId=1, memberId='consumer-asistencia-group-1-8cd52dbd-b15d-4fb8-a830-8fdfcb8a1ee0', protocol='range'}
2026-01-15 18:58:11 [org.springframework.kafka.KafkaListenerEndpointContainer#0-0-C-1] INFO  o.a.k.c.c.i.ConsumerCoordinator - [Consumer clientId=consumer-asistencia-group-1, groupId=asistencia-group] Finished assignment for group at generation 1: {consumer-asistencia-group-1-8cd52dbd-b15d-4fb8-a830-8fdfcb8a1ee0=Assignment(partitions=[catalogo-actualizado-0, catalogo-actualizado-1, catalogo-actualizado-2])}
2026-01-15 18:58:11 [org.springframework.kafka.KafkaListenerEndpointContainer#0-0-C-1] INFO  o.a.k.c.c.i.ConsumerCoordinator - [Consumer clientId=consumer-asistencia-group-1, groupId=asistencia-group] Successfully synced group in generation Generation{generationId=1, memberId='consumer-asistencia-group-1-8cd52dbd-b15d-4fb8-a830-8fdfcb8a1ee0', protocol='range'}
2026-01-15 18:58:11 [org.springframework.kafka.KafkaListenerEndpointContainer#0-0-C-1] INFO  o.a.k.c.c.i.ConsumerCoordinator - [Consumer clientId=consumer-asistencia-group-1, groupId=asistencia-group] Notifying assignor about the new Assignment(partitions=[catalogo-actualizado-0, catalogo-actualizado-1, catalogo-actualizado-2])
2026-01-15 18:58:11 [org.springframework.kafka.KafkaListenerEndpointContainer#0-0-C-1] INFO  o.a.k.c.c.i.ConsumerRebalanceListenerInvoker - [Consumer clientId=consumer-asistencia-group-1, groupId=asistencia-group] Adding newly assigned partitions: [catalogo-actualizado-0, catalogo-actualizado-1, catalogo-actualizado-2]
2026-01-15 18:58:11 [org.springframework.kafka.KafkaListenerEndpointContainer#0-0-C-1] INFO  o.a.k.c.c.i.ConsumerCoordinator - [Consumer clientId=consumer-asistencia-group-1, groupId=asistencia-group] Found no committed offset for partition catalogo-actualizado-2
2026-01-15 18:58:11 [org.springframework.kafka.KafkaListenerEndpointContainer#0-0-C-1] INFO  o.a.k.c.c.i.ConsumerCoordinator - [Consumer clientId=consumer-asistencia-group-1, groupId=asistencia-group] Found no committed offset for partition catalogo-actualizado-0
2026-01-15 18:58:11 [org.springframework.kafka.KafkaListenerEndpointContainer#0-0-C-1] INFO  o.a.k.c.c.i.ConsumerCoordinator - [Consumer clientId=consumer-asistencia-group-1, groupId=asistencia-group] Found no committed offset for partition catalogo-actualizado-1
2026-01-15 18:58:11 [org.springframework.kafka.KafkaListenerEndpointContainer#0-0-C-1] INFO  o.a.k.c.c.i.SubscriptionState - [Consumer clientId=consumer-asistencia-group-1, groupId=asistencia-group] Resetting offset for partition catalogo-actualizado-2 to position FetchPosition{offset=0, offsetEpoch=Optional.empty, currentLeader=LeaderAndEpoch{leader=Optional[127.0.0.1:9092 (id: 0 rack: null isFenced: false)], epoch=0}}.
2026-01-15 18:58:11 [org.springframework.kafka.KafkaListenerEndpointContainer#0-0-C-1] INFO  o.a.k.c.c.i.SubscriptionState - [Consumer clientId=consumer-asistencia-group-1, groupId=asistencia-group] Resetting offset for partition catalogo-actualizado-0 to position FetchPosition{offset=0, offsetEpoch=Optional.empty, currentLeader=LeaderAndEpoch{leader=Optional[127.0.0.1:9092 (id: 0 rack: null isFenced: false)], epoch=0}}.
2026-01-15 18:58:11 [org.springframework.kafka.KafkaListenerEndpointContainer#0-0-C-1] INFO  o.a.k.c.c.i.SubscriptionState - [Consumer clientId=consumer-asistencia-group-1, groupId=asistencia-group] Resetting offset for partition catalogo-actualizado-1 to position FetchPosition{offset=0, offsetEpoch=Optional.empty, currentLeader=LeaderAndEpoch{leader=Optional[127.0.0.1:9092 (id: 0 rack: null isFenced: false)], epoch=0}}.
2026-01-15 18:58:11 [org.springframework.kafka.KafkaListenerEndpointContainer#0-0-C-1] INFO  o.s.k.l.KafkaMessageListenerContainer - asistencia-group: partitions assigned: [catalogo-actualizado-0, catalogo-actualizado-1, catalogo-actualizado-2]
2026-01-15 18:58:11 [org.springframework.kafka.KafkaListenerEndpointContainer#0-0-C-1] INFO  t.M.kafka.KafkaConsumerService - ========================================
2026-01-15 18:58:11 [org.springframework.kafka.KafkaListenerEndpointContainer#0-0-C-1] INFO  t.M.kafka.KafkaConsumerService - MENSAJE RECIBIDO DE KAFKA
2026-01-15 18:58:11 [org.springframework.kafka.KafkaListenerEndpointContainer#0-0-C-1] INFO  t.M.kafka.KafkaConsumerService - Topic: catalogo-actualizado
2026-01-15 18:58:11 [org.springframework.kafka.KafkaListenerEndpointContainer#0-0-C-1] INFO  t.M.kafka.KafkaConsumerService - Contenido: {accion=CREADO, catalogoId=1, origen=MsCatalogo, nombre=Presente, timestamp=2026-01-15T17:17:56.803159400}
2026-01-15 18:58:11 [org.springframework.kafka.KafkaListenerEndpointContainer#0-0-C-1] INFO  t.M.kafka.KafkaConsumerService - Accion: CREADO
2026-01-15 18:58:11 [org.springframework.kafka.KafkaListenerEndpointContainer#0-0-C-1] INFO  t.M.kafka.KafkaConsumerService - CatalogoId: 1
2026-01-15 18:58:11 [org.springframework.kafka.KafkaListenerEndpointContainer#0-0-C-1] INFO  t.M.kafka.KafkaConsumerService - Nombre: Presente
2026-01-15 18:58:11 [org.springframework.kafka.KafkaListenerEndpointContainer#0-0-C-1] INFO  t.M.kafka.KafkaConsumerService - ========================================
2026-01-15 18:58:11 [org.springframework.kafka.KafkaListenerEndpointContainer#0-0-C-1] INFO  t.M.kafka.KafkaConsumerService - ========================================
2026-01-15 18:58:11 [org.springframework.kafka.KafkaListenerEndpointContainer#0-0-C-1] INFO  t.M.kafka.KafkaConsumerService - MENSAJE RECIBIDO DE KAFKA
2026-01-15 18:58:11 [org.springframework.kafka.KafkaListenerEndpointContainer#0-0-C-1] INFO  t.M.kafka.KafkaConsumerService - Topic: catalogo-actualizado
2026-01-15 18:58:11 [org.springframework.kafka.KafkaListenerEndpointContainer#0-0-C-1] INFO  t.M.kafka.KafkaConsumerService - Contenido: {accion=CREADO, catalogoId=2, origen=MsCatalogo, nombre=Falta, timestamp=2026-01-15T17:18:14.793063100}
2026-01-15 18:58:11 [org.springframework.kafka.KafkaListenerEndpointContainer#0-0-C-1] INFO  t.M.kafka.KafkaConsumerService - Accion: CREADO
2026-01-15 18:58:11 [org.springframework.kafka.KafkaListenerEndpointContainer#0-0-C-1] INFO  t.M.kafka.KafkaConsumerService - CatalogoId: 2
2026-01-15 18:58:11 [org.springframework.kafka.KafkaListenerEndpointContainer#0-0-C-1] INFO  t.M.kafka.KafkaConsumerService - Nombre: Falta
2026-01-15 18:58:11 [org.springframework.kafka.KafkaListenerEndpointContainer#0-0-C-1] INFO  t.M.kafka.KafkaConsumerService - ========================================
2026-01-15 18:58:11 [org.springframework.kafka.KafkaListenerEndpointContainer#0-0-C-1] INFO  t.M.kafka.KafkaConsumerService - ========================================
2026-01-15 18:58:11 [org.springframework.kafka.KafkaListenerEndpointContainer#0-0-C-1] INFO  t.M.kafka.KafkaConsumerService - MENSAJE RECIBIDO DE KAFKA
2026-01-15 18:58:11 [org.springframework.kafka.KafkaListenerEndpointContainer#0-0-C-1] INFO  t.M.kafka.KafkaConsumerService - Topic: catalogo-actualizado
2026-01-15 18:58:11 [org.springframework.kafka.KafkaListenerEndpointContainer#0-0-C-1] INFO  t.M.kafka.KafkaConsumerService - Contenido: {accion=CREADO, catalogoId=3, origen=MsCatalogo, nombre=Tardanza, timestamp=2026-01-15T17:18:22.938508400}
2026-01-15 18:58:11 [org.springframework.kafka.KafkaListenerEndpointContainer#0-0-C-1] INFO  t.M.kafka.KafkaConsumerService - Accion: CREADO
2026-01-15 18:58:11 [org.springframework.kafka.KafkaListenerEndpointContainer#0-0-C-1] INFO  t.M.kafka.KafkaConsumerService - CatalogoId: 3
2026-01-15 18:58:11 [org.springframework.kafka.KafkaListenerEndpointContainer#0-0-C-1] INFO  t.M.kafka.KafkaConsumerService - Nombre: Tardanza
2026-01-15 18:58:11 [org.springframework.kafka.KafkaListenerEndpointContainer#0-0-C-1] INFO  t.M.kafka.KafkaConsumerService - ========================================
2026-01-15 18:58:11 [org.springframework.kafka.KafkaListenerEndpointContainer#0-0-C-1] INFO  t.M.kafka.KafkaConsumerService - ========================================
2026-01-15 18:58:11 [org.springframework.kafka.KafkaListenerEndpointContainer#0-0-C-1] INFO  t.M.kafka.KafkaConsumerService - MENSAJE RECIBIDO DE KAFKA
2026-01-15 18:58:11 [org.springframework.kafka.KafkaListenerEndpointContainer#0-0-C-1] INFO  t.M.kafka.KafkaConsumerService - Topic: catalogo-actualizado
2026-01-15 18:58:11 [org.springframework.kafka.KafkaListenerEndpointContainer#0-0-C-1] INFO  t.M.kafka.KafkaConsumerService - Contenido: {accion=CREADO, catalogoId=4, origen=MsCatalogo, nombre=Justificado, timestamp=2026-01-15T17:18:32.818757}
2026-01-15 18:58:11 [org.springframework.kafka.KafkaListenerEndpointContainer#0-0-C-1] INFO  t.M.kafka.KafkaConsumerService - Accion: CREADO
2026-01-15 18:58:11 [org.springframework.kafka.KafkaListenerEndpointContainer#0-0-C-1] INFO  t.M.kafka.KafkaConsumerService - CatalogoId: 4
2026-01-15 18:58:11 [org.springframework.kafka.KafkaListenerEndpointContainer#0-0-C-1] INFO  t.M.kafka.KafkaConsumerService - Nombre: Justificado
2026-01-15 18:58:11 [org.springframework.kafka.KafkaListenerEndpointContainer#0-0-C-1] INFO  t.M.kafka.KafkaConsumerService - ========================================
2026-01-15 18:58:11 [org.springframework.kafka.KafkaListenerEndpointContainer#0-0-C-1] INFO  t.M.kafka.KafkaConsumerService - ========================================
2026-01-15 18:58:11 [org.springframework.kafka.KafkaListenerEndpointContainer#0-0-C-1] INFO  t.M.kafka.KafkaConsumerService - MENSAJE RECIBIDO DE KAFKA
2026-01-15 18:58:11 [org.springframework.kafka.KafkaListenerEndpointContainer#0-0-C-1] INFO  t.M.kafka.KafkaConsumerService - Topic: catalogo-actualizado
2026-01-15 18:58:11 [org.springframework.kafka.KafkaListenerEndpointContainer#0-0-C-1] INFO  t.M.kafka.KafkaConsumerService - Contenido: {accion=CREADO, catalogoId=5, origen=MsCatalogo, nombre=Centro Pre Universitario, timestamp=2026-01-15T17:18:42.687667300}
2026-01-15 18:58:11 [org.springframework.kafka.KafkaListenerEndpointContainer#0-0-C-1] INFO  t.M.kafka.KafkaConsumerService - Accion: CREADO
2026-01-15 18:58:11 [org.springframework.kafka.KafkaListenerEndpointContainer#0-0-C-1] INFO  t.M.kafka.KafkaConsumerService - CatalogoId: 5
2026-01-15 18:58:11 [org.springframework.kafka.KafkaListenerEndpointContainer#0-0-C-1] INFO  t.M.kafka.KafkaConsumerService - Nombre: Centro Pre Universitario
2026-01-15 18:58:11 [org.springframework.kafka.KafkaListenerEndpointContainer#0-0-C-1] INFO  t.M.kafka.KafkaConsumerService - ========================================
2026-01-15 18:58:11 [org.springframework.kafka.KafkaListenerEndpointContainer#0-0-C-1] INFO  t.M.kafka.KafkaConsumerService - ========================================
2026-01-15 18:58:11 [org.springframework.kafka.KafkaListenerEndpointContainer#0-0-C-1] INFO  t.M.kafka.KafkaConsumerService - MENSAJE RECIBIDO DE KAFKA
2026-01-15 18:58:11 [org.springframework.kafka.KafkaListenerEndpointContainer#0-0-C-1] INFO  t.M.kafka.KafkaConsumerService - Topic: catalogo-actualizado
2026-01-15 18:58:11 [org.springframework.kafka.KafkaListenerEndpointContainer#0-0-C-1] INFO  t.M.kafka.KafkaConsumerService - Contenido: {accion=CREADO, catalogoId=6, origen=MsCatalogo, nombre=Universidad, timestamp=2026-01-15T17:27:44.492851100}
2026-01-15 18:58:11 [org.springframework.kafka.KafkaListenerEndpointContainer#0-0-C-1] INFO  t.M.kafka.KafkaConsumerService - Accion: CREADO
2026-01-15 18:58:11 [org.springframework.kafka.KafkaListenerEndpointContainer#0-0-C-1] INFO  t.M.kafka.KafkaConsumerService - CatalogoId: 6
2026-01-15 18:58:11 [org.springframework.kafka.KafkaListenerEndpointContainer#0-0-C-1] INFO  t.M.kafka.KafkaConsumerService - Nombre: Universidad
2026-01-15 18:58:11 [org.springframework.kafka.KafkaListenerEndpointContainer#0-0-C-1] INFO  t.M.kafka.KafkaConsumerService - ========================================
2026-01-15 18:58:25 [http-nio-82-exec-1] INFO  o.a.c.c.C.[Tomcat].[localhost].[/] - Initializing Spring DispatcherServlet 'dispatcherServlet'
2026-01-15 18:58:25 [http-nio-82-exec-1] INFO  o.s.web.servlet.DispatcherServlet - Initializing Servlet 'dispatcherServlet'
2026-01-15 18:58:25 [http-nio-82-exec-1] INFO  o.s.web.servlet.DispatcherServlet - Completed initialization in 14 ms
2026-01-15 18:58:28 [http-nio-82-exec-5] INFO  o.s.api.AbstractOpenApiResource - Init duration for springdoc-openapi is: 1399 ms
