2025-12-11 22:24:58 INFO  Postgrado.postgrado.PostgradoApplication - Starting PostgradoApplication using Java 25.0.1 with PID 21416 (D:\TDUNU2025\postgrado\postgrado\target\classes started by MANUEL in D:\TDUNU2025)
2025-12-11 22:24:58 INFO  Postgrado.postgrado.PostgradoApplication - No active profile set, falling back to 1 default profile: "default"
2025-12-11 22:25:07 INFO  org.apache.catalina.core.StandardService - Starting service [Tomcat]
2025-12-11 22:25:07 INFO  org.apache.catalina.core.StandardEngine - Starting Servlet engine: [Apache Tomcat/11.0.14]
2025-12-11 22:25:07 INFO  org.hibernate.jpa.internal.util.LogHelper - HHH000204: Processing PersistenceUnitInfo [name: default]
2025-12-11 22:25:08 INFO  com.zaxxer.hikari.HikariDataSource - HikariPool-2 - Starting...
2025-12-11 22:25:09 INFO  com.zaxxer.hikari.pool.HikariPool - HikariPool-2 - Added connection com.mysql.cj.jdbc.ConnectionImpl@53f6ee56
2025-12-11 22:25:09 INFO  com.zaxxer.hikari.HikariDataSource - HikariPool-2 - Start completed.
2025-12-11 22:25:09 WARN  org.hibernate.orm.deprecation - HHH90000025: MySQLDialect does not need to be specified explicitly using 'hibernate.dialect' (remove the property setting and it will be selected by default)
2025-12-11 22:25:09 INFO  org.hibernate.orm.connections.pooling - HHH10001005: Database info:
	Database JDBC URL [jdbc:mysql://localhost:3310/db_ms_posgrado?createDatabaseIfNotExist=true&useSSL=false&serverTimezone=UTC]
	Database driver: MySQL Connector/J
	Database dialect: MySQLDialect
	Database version: 8.0.44
	Default catalog/schema: db_ms_posgrado/undefined
	Autocommit mode: undefined/unknown
	Isolation level: REPEATABLE_READ [default REPEATABLE_READ]
	JDBC fetch size: none
	Pool: DatasourceConnectionProviderImpl
	Minimum pool size: undefined/unknown
	Maximum pool size: undefined/unknown
2025-12-11 22:25:11 INFO  org.hibernate.engine.transaction.jta.platform.internal.JtaPlatformInitiator - HHH000489: No JTA platform available (set 'hibernate.transaction.jta.platform' to enable JTA platform integration)
2025-12-11 22:25:17 WARN  org.springframework.boot.jpa.autoconfigure.JpaBaseConfiguration$JpaWebConfiguration - spring.jpa.open-in-view is enabled by default. Therefore, database queries may be performed during view rendering. Explicitly configure spring.jpa.open-in-view to disable this warning
2025-12-11 22:25:22 INFO  Postgrado.postgrado.PostgradoApplication - Started PostgradoApplication in 27.408 seconds (process running for 1131.115)
2025-12-11 22:25:54 INFO  com.zaxxer.hikari.HikariDataSource - HikariPool-2 - Shutdown initiated...
2025-12-11 22:25:54 INFO  com.zaxxer.hikari.HikariDataSource - HikariPool-2 - Shutdown completed.
2025-12-11 22:25:55 INFO  Postgrado.postgrado.PostgradoApplication - Starting PostgradoApplication using Java 25.0.1 with PID 21416 (D:\TDUNU2025\postgrado\postgrado\target\classes started by MANUEL in D:\TDUNU2025)
2025-12-11 22:25:55 INFO  Postgrado.postgrado.PostgradoApplication - No active profile set, falling back to 1 default profile: "default"
2025-12-11 22:25:57 INFO  org.apache.catalina.core.StandardService - Starting service [Tomcat]
2025-12-11 22:25:57 INFO  org.apache.catalina.core.StandardEngine - Starting Servlet engine: [Apache Tomcat/11.0.14]
2025-12-11 22:25:58 INFO  org.hibernate.jpa.internal.util.LogHelper - HHH000204: Processing PersistenceUnitInfo [name: default]
2025-12-11 22:25:59 INFO  com.zaxxer.hikari.HikariDataSource - HikariPool-3 - Starting...
2025-12-11 22:25:59 INFO  com.zaxxer.hikari.pool.HikariPool - HikariPool-3 - Added connection com.mysql.cj.jdbc.ConnectionImpl@3f93c6dd
2025-12-11 22:26:00 INFO  com.zaxxer.hikari.HikariDataSource - HikariPool-3 - Start completed.
2025-12-11 22:26:00 WARN  org.hibernate.orm.deprecation - HHH90000025: MySQLDialect does not need to be specified explicitly using 'hibernate.dialect' (remove the property setting and it will be selected by default)
2025-12-11 22:26:00 INFO  org.hibernate.orm.connections.pooling - HHH10001005: Database info:
	Database JDBC URL [jdbc:mysql://localhost:3310/db_ms_posgrado?createDatabaseIfNotExist=true&useSSL=false&serverTimezone=UTC]
	Database driver: MySQL Connector/J
	Database dialect: MySQLDialect
	Database version: 8.0.44
	Default catalog/schema: db_ms_posgrado/undefined
	Autocommit mode: undefined/unknown
	Isolation level: REPEATABLE_READ [default REPEATABLE_READ]
	JDBC fetch size: none
	Pool: DatasourceConnectionProviderImpl
	Minimum pool size: undefined/unknown
	Maximum pool size: undefined/unknown
2025-12-11 22:26:03 INFO  org.hibernate.engine.transaction.jta.platform.internal.JtaPlatformInitiator - HHH000489: No JTA platform available (set 'hibernate.transaction.jta.platform' to enable JTA platform integration)
2025-12-11 22:26:06 WARN  org.springframework.boot.jpa.autoconfigure.JpaBaseConfiguration$JpaWebConfiguration - spring.jpa.open-in-view is enabled by default. Therefore, database queries may be performed during view rendering. Explicitly configure spring.jpa.open-in-view to disable this warning
2025-12-11 22:26:07 INFO  Postgrado.postgrado.PostgradoApplication - Started PostgradoApplication in 12.916 seconds (process running for 1176.614)
2025-12-11 22:26:12 INFO  com.zaxxer.hikari.HikariDataSource - HikariPool-3 - Shutdown initiated...
2025-12-11 22:26:12 INFO  com.zaxxer.hikari.HikariDataSource - HikariPool-3 - Shutdown completed.
2025-12-11 22:26:13 INFO  Postgrado.postgrado.PostgradoApplication - Starting PostgradoApplication using Java 25.0.1 with PID 21416 (D:\TDUNU2025\postgrado\postgrado\target\classes started by MANUEL in D:\TDUNU2025)
2025-12-11 22:26:13 INFO  Postgrado.postgrado.PostgradoApplication - No active profile set, falling back to 1 default profile: "default"
2025-12-11 22:26:15 INFO  org.apache.catalina.core.StandardService - Starting service [Tomcat]
2025-12-11 22:26:15 INFO  org.apache.catalina.core.StandardEngine - Starting Servlet engine: [Apache Tomcat/11.0.14]
2025-12-11 22:26:15 INFO  org.hibernate.jpa.internal.util.LogHelper - HHH000204: Processing PersistenceUnitInfo [name: default]
2025-12-11 22:26:16 INFO  com.zaxxer.hikari.HikariDataSource - HikariPool-4 - Starting...
2025-12-11 22:26:16 INFO  com.zaxxer.hikari.pool.HikariPool - HikariPool-4 - Added connection com.mysql.cj.jdbc.ConnectionImpl@288dc110
2025-12-11 22:26:16 INFO  com.zaxxer.hikari.HikariDataSource - HikariPool-4 - Start completed.
2025-12-11 22:26:16 WARN  org.hibernate.orm.deprecation - HHH90000025: MySQLDialect does not need to be specified explicitly using 'hibernate.dialect' (remove the property setting and it will be selected by default)
2025-12-11 22:26:16 INFO  org.hibernate.orm.connections.pooling - HHH10001005: Database info:
	Database JDBC URL [jdbc:mysql://localhost:3310/db_ms_posgrado?createDatabaseIfNotExist=true&useSSL=false&serverTimezone=UTC]
	Database driver: MySQL Connector/J
	Database dialect: MySQLDialect
	Database version: 8.0.44
	Default catalog/schema: db_ms_posgrado/undefined
	Autocommit mode: undefined/unknown
	Isolation level: REPEATABLE_READ [default REPEATABLE_READ]
	JDBC fetch size: none
	Pool: DatasourceConnectionProviderImpl
	Minimum pool size: undefined/unknown
	Maximum pool size: undefined/unknown
2025-12-11 22:26:17 INFO  org.hibernate.engine.transaction.jta.platform.internal.JtaPlatformInitiator - HHH000489: No JTA platform available (set 'hibernate.transaction.jta.platform' to enable JTA platform integration)
2025-12-11 22:26:18 WARN  org.springframework.boot.jpa.autoconfigure.JpaBaseConfiguration$JpaWebConfiguration - spring.jpa.open-in-view is enabled by default. Therefore, database queries may be performed during view rendering. Explicitly configure spring.jpa.open-in-view to disable this warning
2025-12-11 22:26:19 INFO  Postgrado.postgrado.PostgradoApplication - Started PostgradoApplication in 6.052 seconds (process running for 1188.167)
2025-12-11 22:26:20 INFO  com.zaxxer.hikari.HikariDataSource - HikariPool-4 - Shutdown initiated...
2025-12-11 22:26:20 INFO  com.zaxxer.hikari.HikariDataSource - HikariPool-4 - Shutdown completed.
2025-12-11 22:26:21 INFO  Postgrado.postgrado.PostgradoApplication - Starting PostgradoApplication using Java 25.0.1 with PID 21416 (D:\TDUNU2025\postgrado\postgrado\target\classes started by MANUEL in D:\TDUNU2025)
2025-12-11 22:26:21 INFO  Postgrado.postgrado.PostgradoApplication - No active profile set, falling back to 1 default profile: "default"
2025-12-11 22:26:22 INFO  org.apache.catalina.core.StandardService - Starting service [Tomcat]
2025-12-11 22:26:22 INFO  org.apache.catalina.core.StandardEngine - Starting Servlet engine: [Apache Tomcat/11.0.14]
2025-12-11 22:26:22 INFO  org.hibernate.jpa.internal.util.LogHelper - HHH000204: Processing PersistenceUnitInfo [name: default]
2025-12-11 22:26:22 INFO  com.zaxxer.hikari.HikariDataSource - HikariPool-5 - Starting...
2025-12-11 22:26:23 INFO  com.zaxxer.hikari.pool.HikariPool - HikariPool-5 - Added connection com.mysql.cj.jdbc.ConnectionImpl@7157c2c3
2025-12-11 22:26:23 INFO  com.zaxxer.hikari.HikariDataSource - HikariPool-5 - Start completed.
2025-12-11 22:26:23 WARN  org.hibernate.orm.deprecation - HHH90000025: MySQLDialect does not need to be specified explicitly using 'hibernate.dialect' (remove the property setting and it will be selected by default)
2025-12-11 22:26:23 INFO  org.hibernate.orm.connections.pooling - HHH10001005: Database info:
	Database JDBC URL [jdbc:mysql://localhost:3310/db_ms_posgrado?createDatabaseIfNotExist=true&useSSL=false&serverTimezone=UTC]
	Database driver: MySQL Connector/J
	Database dialect: MySQLDialect
	Database version: 8.0.44
	Default catalog/schema: db_ms_posgrado/undefined
	Autocommit mode: undefined/unknown
	Isolation level: REPEATABLE_READ [default REPEATABLE_READ]
	JDBC fetch size: none
	Pool: DatasourceConnectionProviderImpl
	Minimum pool size: undefined/unknown
	Maximum pool size: undefined/unknown
2025-12-11 22:26:23 INFO  org.hibernate.engine.transaction.jta.platform.internal.JtaPlatformInitiator - HHH000489: No JTA platform available (set 'hibernate.transaction.jta.platform' to enable JTA platform integration)
2025-12-11 22:26:23 WARN  org.springframework.boot.jpa.autoconfigure.JpaBaseConfiguration$JpaWebConfiguration - spring.jpa.open-in-view is enabled by default. Therefore, database queries may be performed during view rendering. Explicitly configure spring.jpa.open-in-view to disable this warning
2025-12-11 22:26:24 INFO  Postgrado.postgrado.PostgradoApplication - Started PostgradoApplication in 3.138 seconds (process running for 1193.134)
2025-12-11 22:26:56 INFO  com.zaxxer.hikari.HikariDataSource - HikariPool-5 - Shutdown initiated...
2025-12-11 22:26:56 INFO  com.zaxxer.hikari.HikariDataSource - HikariPool-5 - Shutdown completed.
2025-12-11 22:26:57 INFO  Postgrado.postgrado.PostgradoApplication - Starting PostgradoApplication using Java 25.0.1 with PID 21416 (D:\TDUNU2025\postgrado\postgrado\target\classes started by MANUEL in D:\TDUNU2025)
2025-12-11 22:26:57 INFO  Postgrado.postgrado.PostgradoApplication - No active profile set, falling back to 1 default profile: "default"
2025-12-11 22:26:59 INFO  org.apache.catalina.core.StandardService - Starting service [Tomcat]
2025-12-11 22:26:59 INFO  org.apache.catalina.core.StandardEngine - Starting Servlet engine: [Apache Tomcat/11.0.14]
2025-12-11 22:26:59 INFO  org.hibernate.jpa.internal.util.LogHelper - HHH000204: Processing PersistenceUnitInfo [name: default]
2025-12-11 22:27:00 INFO  com.zaxxer.hikari.HikariDataSource - HikariPool-6 - Starting...
2025-12-11 22:27:02 INFO  com.zaxxer.hikari.pool.HikariPool - HikariPool-6 - Added connection com.mysql.cj.jdbc.ConnectionImpl@a34b48d
2025-12-11 22:27:02 INFO  com.zaxxer.hikari.HikariDataSource - HikariPool-6 - Start completed.
2025-12-11 22:27:02 WARN  org.hibernate.orm.deprecation - HHH90000025: MySQLDialect does not need to be specified explicitly using 'hibernate.dialect' (remove the property setting and it will be selected by default)
2025-12-11 22:27:02 INFO  org.hibernate.orm.connections.pooling - HHH10001005: Database info:
	Database JDBC URL [jdbc:mysql://localhost:3310/db_ms_posgrado?createDatabaseIfNotExist=true&useSSL=false&serverTimezone=UTC]
	Database driver: MySQL Connector/J
	Database dialect: MySQLDialect
	Database version: 8.0.44
	Default catalog/schema: db_ms_posgrado/undefined
	Autocommit mode: undefined/unknown
	Isolation level: REPEATABLE_READ [default REPEATABLE_READ]
	JDBC fetch size: none
	Pool: DatasourceConnectionProviderImpl
	Minimum pool size: undefined/unknown
	Maximum pool size: undefined/unknown
2025-12-11 22:27:10 INFO  org.hibernate.engine.transaction.jta.platform.internal.JtaPlatformInitiator - HHH000489: No JTA platform available (set 'hibernate.transaction.jta.platform' to enable JTA platform integration)
2025-12-11 22:27:12 WARN  org.springframework.boot.jpa.autoconfigure.JpaBaseConfiguration$JpaWebConfiguration - spring.jpa.open-in-view is enabled by default. Therefore, database queries may be performed during view rendering. Explicitly configure spring.jpa.open-in-view to disable this warning
2025-12-11 22:27:13 INFO  Postgrado.postgrado.PostgradoApplication - Started PostgradoApplication in 15.794 seconds (process running for 1241.94)
2025-12-11 22:27:14 INFO  com.zaxxer.hikari.HikariDataSource - HikariPool-6 - Shutdown initiated...
2025-12-11 22:27:14 INFO  com.zaxxer.hikari.HikariDataSource - HikariPool-6 - Shutdown completed.
2025-12-11 22:27:15 INFO  Postgrado.postgrado.PostgradoApplication - Starting PostgradoApplication using Java 25.0.1 with PID 21416 (D:\TDUNU2025\postgrado\postgrado\target\classes started by MANUEL in D:\TDUNU2025)
2025-12-11 22:27:15 INFO  Postgrado.postgrado.PostgradoApplication - No active profile set, falling back to 1 default profile: "default"
2025-12-11 22:27:16 INFO  org.apache.catalina.core.StandardService - Starting service [Tomcat]
2025-12-11 22:27:16 INFO  org.apache.catalina.core.StandardEngine - Starting Servlet engine: [Apache Tomcat/11.0.14]
2025-12-11 22:27:16 INFO  org.hibernate.jpa.internal.util.LogHelper - HHH000204: Processing PersistenceUnitInfo [name: default]
2025-12-11 22:27:16 INFO  com.zaxxer.hikari.HikariDataSource - HikariPool-7 - Starting...
2025-12-11 22:27:16 INFO  com.zaxxer.hikari.pool.HikariPool - HikariPool-7 - Added connection com.mysql.cj.jdbc.ConnectionImpl@58fc2b9f
2025-12-11 22:27:16 INFO  com.zaxxer.hikari.HikariDataSource - HikariPool-7 - Start completed.
2025-12-11 22:27:16 WARN  org.hibernate.orm.deprecation - HHH90000025: MySQLDialect does not need to be specified explicitly using 'hibernate.dialect' (remove the property setting and it will be selected by default)
2025-12-11 22:27:16 INFO  org.hibernate.orm.connections.pooling - HHH10001005: Database info:
	Database JDBC URL [jdbc:mysql://localhost:3310/db_ms_posgrado?createDatabaseIfNotExist=true&useSSL=false&serverTimezone=UTC]
	Database driver: MySQL Connector/J
	Database dialect: MySQLDialect
	Database version: 8.0.44
	Default catalog/schema: db_ms_posgrado/undefined
	Autocommit mode: undefined/unknown
	Isolation level: REPEATABLE_READ [default REPEATABLE_READ]
	JDBC fetch size: none
	Pool: DatasourceConnectionProviderImpl
	Minimum pool size: undefined/unknown
	Maximum pool size: undefined/unknown
2025-12-11 22:27:18 INFO  org.hibernate.engine.transaction.jta.platform.internal.JtaPlatformInitiator - HHH000489: No JTA platform available (set 'hibernate.transaction.jta.platform' to enable JTA platform integration)
2025-12-11 22:27:18 WARN  org.springframework.boot.jpa.autoconfigure.JpaBaseConfiguration$JpaWebConfiguration - spring.jpa.open-in-view is enabled by default. Therefore, database queries may be performed during view rendering. Explicitly configure spring.jpa.open-in-view to disable this warning
2025-12-11 22:27:18 INFO  Postgrado.postgrado.PostgradoApplication - Started PostgradoApplication in 3.997 seconds (process running for 1247.74)
2025-12-11 22:40:15 INFO  com.zaxxer.hikari.HikariDataSource - HikariPool-7 - Shutdown initiated...
2025-12-11 22:40:15 INFO  com.zaxxer.hikari.HikariDataSource - HikariPool-7 - Shutdown completed.
2025-12-11 22:40:16 INFO  Postgrado.postgrado.PostgradoApplication - Starting PostgradoApplication using Java 25.0.1 with PID 21416 (D:\TDUNU2025\postgrado\postgrado\target\classes started by MANUEL in D:\TDUNU2025)
2025-12-11 22:40:16 INFO  Postgrado.postgrado.PostgradoApplication - No active profile set, falling back to 1 default profile: "default"
2025-12-11 22:40:17 INFO  org.apache.catalina.core.StandardService - Starting service [Tomcat]
2025-12-11 22:40:17 INFO  org.apache.catalina.core.StandardEngine - Starting Servlet engine: [Apache Tomcat/11.0.14]
2025-12-11 22:40:17 INFO  org.hibernate.jpa.internal.util.LogHelper - HHH000204: Processing PersistenceUnitInfo [name: default]
2025-12-11 22:40:18 INFO  com.zaxxer.hikari.HikariDataSource - HikariPool-8 - Starting...
2025-12-11 22:40:19 INFO  com.zaxxer.hikari.pool.HikariPool - HikariPool-8 - Added connection com.mysql.cj.jdbc.ConnectionImpl@517d58f7
2025-12-11 22:40:19 INFO  com.zaxxer.hikari.HikariDataSource - HikariPool-8 - Start completed.
2025-12-11 22:40:19 WARN  org.hibernate.orm.deprecation - HHH90000025: MySQLDialect does not need to be specified explicitly using 'hibernate.dialect' (remove the property setting and it will be selected by default)
2025-12-11 22:40:19 INFO  org.hibernate.orm.connections.pooling - HHH10001005: Database info:
	Database JDBC URL [jdbc:mysql://localhost:3310/db_ms_posgrado?createDatabaseIfNotExist=true&useSSL=false&serverTimezone=UTC]
	Database driver: MySQL Connector/J
	Database dialect: MySQLDialect
	Database version: 8.0.44
	Default catalog/schema: db_ms_posgrado/undefined
	Autocommit mode: undefined/unknown
	Isolation level: REPEATABLE_READ [default REPEATABLE_READ]
	JDBC fetch size: none
	Pool: DatasourceConnectionProviderImpl
	Minimum pool size: undefined/unknown
	Maximum pool size: undefined/unknown
2025-12-11 22:40:19 INFO  org.hibernate.engine.transaction.jta.platform.internal.JtaPlatformInitiator - HHH000489: No JTA platform available (set 'hibernate.transaction.jta.platform' to enable JTA platform integration)
2025-12-11 22:40:23 WARN  org.springframework.boot.web.server.servlet.context.AnnotationConfigServletWebServerApplicationContext - Exception encountered during context initialization - cancelling refresh attempt: org.springframework.beans.factory.BeanCreationException: Error creating bean with name 'asesorController' defined in file [D:\TDUNU2025\postgrado\postgrado\target\classes\Postgrado\postgrado\Controllers\AsesorController.class]: Failed to instantiate [Postgrado.postgrado.Controllers.AsesorController]: Constructor threw exception
2025-12-11 22:40:23 INFO  com.zaxxer.hikari.HikariDataSource - HikariPool-8 - Shutdown initiated...
2025-12-11 22:40:23 INFO  com.zaxxer.hikari.HikariDataSource - HikariPool-8 - Shutdown completed.
2025-12-11 22:40:23 INFO  org.apache.catalina.core.StandardService - Stopping service [Tomcat]
2025-12-11 22:40:23 ERROR org.springframework.boot.SpringApplication - Application run failed
org.springframework.beans.factory.BeanCreationException: Error creating bean with name 'asesorController' defined in file [D:\TDUNU2025\postgrado\postgrado\target\classes\Postgrado\postgrado\Controllers\AsesorController.class]: Failed to instantiate [Postgrado.postgrado.Controllers.AsesorController]: Constructor threw exception
	at org.springframework.beans.factory.support.ConstructorResolver.instantiate(ConstructorResolver.java:321)
	at org.springframework.beans.factory.support.ConstructorResolver.autowireConstructor(ConstructorResolver.java:309)
	at org.springframework.beans.factory.support.AbstractAutowireCapableBeanFactory.autowireConstructor(AbstractAutowireCapableBeanFactory.java:1382)
	at org.springframework.beans.factory.support.AbstractAutowireCapableBeanFactory.createBeanInstance(AbstractAutowireCapableBeanFactory.java:1221)
	at org.springframework.beans.factory.support.AbstractAutowireCapableBeanFactory.doCreateBean(AbstractAutowireCapableBeanFactory.java:565)
	at org.springframework.beans.factory.support.AbstractAutowireCapableBeanFactory.createBean(AbstractAutowireCapableBeanFactory.java:525)
	at org.springframework.beans.factory.support.AbstractBeanFactory.lambda$doGetBean$0(AbstractBeanFactory.java:333)
	at org.springframework.beans.factory.support.DefaultSingletonBeanRegistry.getSingleton(DefaultSingletonBeanRegistry.java:371)
	at org.springframework.beans.factory.support.AbstractBeanFactory.doGetBean(AbstractBeanFactory.java:331)
	at org.springframework.beans.factory.support.AbstractBeanFactory.getBean(AbstractBeanFactory.java:196)
	at org.springframework.beans.factory.support.DefaultListableBeanFactory.instantiateSingleton(DefaultListableBeanFactory.java:1218)
	at org.springframework.beans.factory.support.DefaultListableBeanFactory.preInstantiateSingleton(DefaultListableBeanFactory.java:1184)
	at org.springframework.beans.factory.support.DefaultListableBeanFactory.preInstantiateSingletons(DefaultListableBeanFactory.java:1121)
	at org.springframework.context.support.AbstractApplicationContext.finishBeanFactoryInitialization(AbstractApplicationContext.java:983)
	at org.springframework.context.support.AbstractApplicationContext.refresh(AbstractApplicationContext.java:620)
	at org.springframework.boot.web.server.servlet.context.ServletWebServerApplicationContext.refresh(ServletWebServerApplicationContext.java:143)
	at org.springframework.boot.SpringApplication.refresh(SpringApplication.java:765)
	at org.springframework.boot.SpringApplication.refreshContext(SpringApplication.java:454)
	at org.springframework.boot.SpringApplication.run(SpringApplication.java:321)
	at org.springframework.boot.SpringApplication.run(SpringApplication.java:1374)
	at org.springframework.boot.SpringApplication.run(SpringApplication.java:1363)
	at Postgrado.postgrado.PostgradoApplication.main(PostgradoApplication.java:10)
	at java.base/jdk.internal.reflect.DirectMethodHandleAccessor.invoke(DirectMethodHandleAccessor.java:104)
	at java.base/java.lang.reflect.Method.invoke(Method.java:565)
	at org.springframework.boot.devtools.restart.RestartLauncher.run(RestartLauncher.java:52)
Caused by: org.springframework.beans.BeanInstantiationException: Failed to instantiate [Postgrado.postgrado.Controllers.AsesorController]: Constructor threw exception
	at org.springframework.beans.BeanUtils.instantiateClass(BeanUtils.java:224)
	at org.springframework.beans.factory.support.SimpleInstantiationStrategy.instantiate(SimpleInstantiationStrategy.java:129)
	at org.springframework.beans.factory.support.ConstructorResolver.instantiate(ConstructorResolver.java:318)
	... 24 common frames omitted
Caused by: java.lang.Error: Unresolved compilation problem: 
	The declared package "Postgrado.postgrado.Controller" does not match the expected package "Postgrado.postgrado.Controllers"

	at Postgrado.postgrado.Controllers.AsesorController.<init>(AsesorController.java:1)
	at java.base/jdk.internal.reflect.DirectConstructorHandleAccessor.newInstance(DirectConstructorHandleAccessor.java:62)
	at java.base/java.lang.reflect.Constructor.newInstanceWithCaller(Constructor.java:499)
	at java.base/java.lang.reflect.Constructor.newInstance(Constructor.java:483)
	at org.springframework.beans.BeanUtils.instantiateClass(BeanUtils.java:211)
	... 26 common frames omitted
2025-12-11 22:40:25 INFO  Postgrado.postgrado.PostgradoApplication - Starting PostgradoApplication using Java 25.0.1 with PID 21416 (D:\TDUNU2025\postgrado\postgrado\target\classes started by MANUEL in D:\TDUNU2025)
2025-12-11 22:40:25 INFO  Postgrado.postgrado.PostgradoApplication - No active profile set, falling back to 1 default profile: "default"
2025-12-11 22:40:26 INFO  org.apache.catalina.core.StandardService - Starting service [Tomcat]
2025-12-11 22:40:26 INFO  org.apache.catalina.core.StandardEngine - Starting Servlet engine: [Apache Tomcat/11.0.14]
2025-12-11 22:40:26 INFO  org.hibernate.jpa.internal.util.LogHelper - HHH000204: Processing PersistenceUnitInfo [name: default]
2025-12-11 22:40:36 INFO  com.zaxxer.hikari.HikariDataSource - HikariPool-9 - Starting...
2025-12-11 22:40:36 INFO  com.zaxxer.hikari.pool.HikariPool - HikariPool-9 - Added connection com.mysql.cj.jdbc.ConnectionImpl@25750a11
2025-12-11 22:40:36 INFO  com.zaxxer.hikari.HikariDataSource - HikariPool-9 - Start completed.
2025-12-11 22:40:36 WARN  org.hibernate.orm.deprecation - HHH90000025: MySQLDialect does not need to be specified explicitly using 'hibernate.dialect' (remove the property setting and it will be selected by default)
2025-12-11 22:40:36 INFO  org.hibernate.orm.connections.pooling - HHH10001005: Database info:
	Database JDBC URL [jdbc:mysql://localhost:3310/db_ms_posgrado?createDatabaseIfNotExist=true&useSSL=false&serverTimezone=UTC]
	Database driver: MySQL Connector/J
	Database dialect: MySQLDialect
	Database version: 8.0.44
	Default catalog/schema: db_ms_posgrado/undefined
	Autocommit mode: undefined/unknown
	Isolation level: REPEATABLE_READ [default REPEATABLE_READ]
	JDBC fetch size: none
	Pool: DatasourceConnectionProviderImpl
	Minimum pool size: undefined/unknown
	Maximum pool size: undefined/unknown
2025-12-11 22:40:43 INFO  org.hibernate.engine.transaction.jta.platform.internal.JtaPlatformInitiator - HHH000489: No JTA platform available (set 'hibernate.transaction.jta.platform' to enable JTA platform integration)
2025-12-11 22:40:43 WARN  org.springframework.boot.jpa.autoconfigure.JpaBaseConfiguration$JpaWebConfiguration - spring.jpa.open-in-view is enabled by default. Therefore, database queries may be performed during view rendering. Explicitly configure spring.jpa.open-in-view to disable this warning
2025-12-11 22:40:44 INFO  Postgrado.postgrado.PostgradoApplication - Started PostgradoApplication in 19.052 seconds (process running for 2053.018)
2025-12-11 22:41:33 INFO  com.zaxxer.hikari.HikariDataSource - HikariPool-9 - Shutdown initiated...
2025-12-11 22:41:33 INFO  com.zaxxer.hikari.HikariDataSource - HikariPool-9 - Shutdown completed.
2025-12-11 22:41:34 INFO  Postgrado.postgrado.PostgradoApplication - Starting PostgradoApplication using Java 25.0.1 with PID 21416 (D:\TDUNU2025\postgrado\postgrado\target\classes started by MANUEL in D:\TDUNU2025)
2025-12-11 22:41:34 INFO  Postgrado.postgrado.PostgradoApplication - No active profile set, falling back to 1 default profile: "default"
2025-12-11 22:41:35 INFO  org.apache.catalina.core.StandardService - Starting service [Tomcat]
2025-12-11 22:41:35 INFO  org.apache.catalina.core.StandardEngine - Starting Servlet engine: [Apache Tomcat/11.0.14]
2025-12-11 22:41:35 INFO  org.hibernate.jpa.internal.util.LogHelper - HHH000204: Processing PersistenceUnitInfo [name: default]
2025-12-11 22:41:35 INFO  com.zaxxer.hikari.HikariDataSource - HikariPool-10 - Starting...
2025-12-11 22:41:35 INFO  com.zaxxer.hikari.pool.HikariPool - HikariPool-10 - Added connection com.mysql.cj.jdbc.ConnectionImpl@50169cda
2025-12-11 22:41:35 INFO  com.zaxxer.hikari.HikariDataSource - HikariPool-10 - Start completed.
2025-12-11 22:41:35 WARN  org.hibernate.orm.deprecation - HHH90000025: MySQLDialect does not need to be specified explicitly using 'hibernate.dialect' (remove the property setting and it will be selected by default)
2025-12-11 22:41:35 INFO  org.hibernate.orm.connections.pooling - HHH10001005: Database info:
	Database JDBC URL [jdbc:mysql://localhost:3310/db_ms_posgrado?createDatabaseIfNotExist=true&useSSL=false&serverTimezone=UTC]
	Database driver: MySQL Connector/J
	Database dialect: MySQLDialect
	Database version: 8.0.44
	Default catalog/schema: db_ms_posgrado/undefined
	Autocommit mode: undefined/unknown
	Isolation level: REPEATABLE_READ [default REPEATABLE_READ]
	JDBC fetch size: none
	Pool: DatasourceConnectionProviderImpl
	Minimum pool size: undefined/unknown
	Maximum pool size: undefined/unknown
2025-12-11 22:41:35 INFO  org.hibernate.engine.transaction.jta.platform.internal.JtaPlatformInitiator - HHH000489: No JTA platform available (set 'hibernate.transaction.jta.platform' to enable JTA platform integration)
2025-12-11 22:41:40 WARN  org.springframework.boot.jpa.autoconfigure.JpaBaseConfiguration$JpaWebConfiguration - spring.jpa.open-in-view is enabled by default. Therefore, database queries may be performed during view rendering. Explicitly configure spring.jpa.open-in-view to disable this warning
2025-12-11 22:41:40 INFO  Postgrado.postgrado.PostgradoApplication - Started PostgradoApplication in 6.758 seconds (process running for 2109.457)
2025-12-11 22:42:03 INFO  com.zaxxer.hikari.HikariDataSource - HikariPool-10 - Shutdown initiated...
2025-12-11 22:42:03 INFO  com.zaxxer.hikari.HikariDataSource - HikariPool-10 - Shutdown completed.
2025-12-11 22:42:06 INFO  Postgrado.postgrado.PostgradoApplication - Starting PostgradoApplication using Java 25.0.1 with PID 21416 (D:\TDUNU2025\postgrado\postgrado\target\classes started by MANUEL in D:\TDUNU2025)
2025-12-11 22:42:06 INFO  Postgrado.postgrado.PostgradoApplication - No active profile set, falling back to 1 default profile: "default"
2025-12-11 22:42:07 INFO  org.apache.catalina.core.StandardService - Starting service [Tomcat]
2025-12-11 22:42:07 INFO  org.apache.catalina.core.StandardEngine - Starting Servlet engine: [Apache Tomcat/11.0.14]
2025-12-11 22:42:07 INFO  org.hibernate.jpa.internal.util.LogHelper - HHH000204: Processing PersistenceUnitInfo [name: default]
2025-12-11 22:42:07 INFO  com.zaxxer.hikari.HikariDataSource - HikariPool-11 - Starting...
2025-12-11 22:42:08 INFO  com.zaxxer.hikari.pool.HikariPool - HikariPool-11 - Added connection com.mysql.cj.jdbc.ConnectionImpl@642cfabe
2025-12-11 22:42:08 INFO  com.zaxxer.hikari.HikariDataSource - HikariPool-11 - Start completed.
2025-12-11 22:42:08 WARN  org.hibernate.orm.deprecation - HHH90000025: MySQLDialect does not need to be specified explicitly using 'hibernate.dialect' (remove the property setting and it will be selected by default)
2025-12-11 22:42:08 INFO  org.hibernate.orm.connections.pooling - HHH10001005: Database info:
	Database JDBC URL [jdbc:mysql://localhost:3310/db_ms_posgrado?createDatabaseIfNotExist=true&useSSL=false&serverTimezone=UTC]
	Database driver: MySQL Connector/J
	Database dialect: MySQLDialect
	Database version: 8.0.44
	Default catalog/schema: db_ms_posgrado/undefined
	Autocommit mode: undefined/unknown
	Isolation level: REPEATABLE_READ [default REPEATABLE_READ]
	JDBC fetch size: none
	Pool: DatasourceConnectionProviderImpl
	Minimum pool size: undefined/unknown
	Maximum pool size: undefined/unknown
2025-12-11 22:42:08 INFO  org.hibernate.engine.transaction.jta.platform.internal.JtaPlatformInitiator - HHH000489: No JTA platform available (set 'hibernate.transaction.jta.platform' to enable JTA platform integration)
2025-12-11 22:42:11 WARN  org.springframework.boot.web.server.servlet.context.AnnotationConfigServletWebServerApplicationContext - Exception encountered during context initialization - cancelling refresh attempt: org.springframework.beans.factory.BeanCreationException: Error creating bean with name 'expedienteController' defined in file [D:\TDUNU2025\postgrado\postgrado\target\classes\Postgrado\postgrado\Controllers\ExpedienteController.class]: Failed to instantiate [Postgrado.postgrado.Controllers.ExpedienteController]: Constructor threw exception
2025-12-11 22:42:11 INFO  com.zaxxer.hikari.HikariDataSource - HikariPool-11 - Shutdown initiated...
2025-12-11 22:42:11 INFO  com.zaxxer.hikari.HikariDataSource - HikariPool-11 - Shutdown completed.
2025-12-11 22:42:11 INFO  org.apache.catalina.core.StandardService - Stopping service [Tomcat]
2025-12-11 22:42:11 ERROR org.springframework.boot.SpringApplication - Application run failed
org.springframework.beans.factory.BeanCreationException: Error creating bean with name 'expedienteController' defined in file [D:\TDUNU2025\postgrado\postgrado\target\classes\Postgrado\postgrado\Controllers\ExpedienteController.class]: Failed to instantiate [Postgrado.postgrado.Controllers.ExpedienteController]: Constructor threw exception
	at org.springframework.beans.factory.support.ConstructorResolver.instantiate(ConstructorResolver.java:321)
	at org.springframework.beans.factory.support.ConstructorResolver.autowireConstructor(ConstructorResolver.java:309)
	at org.springframework.beans.factory.support.AbstractAutowireCapableBeanFactory.autowireConstructor(AbstractAutowireCapableBeanFactory.java:1382)
	at org.springframework.beans.factory.support.AbstractAutowireCapableBeanFactory.createBeanInstance(AbstractAutowireCapableBeanFactory.java:1221)
	at org.springframework.beans.factory.support.AbstractAutowireCapableBeanFactory.doCreateBean(AbstractAutowireCapableBeanFactory.java:565)
	at org.springframework.beans.factory.support.AbstractAutowireCapableBeanFactory.createBean(AbstractAutowireCapableBeanFactory.java:525)
	at org.springframework.beans.factory.support.AbstractBeanFactory.lambda$doGetBean$0(AbstractBeanFactory.java:333)
	at org.springframework.beans.factory.support.DefaultSingletonBeanRegistry.getSingleton(DefaultSingletonBeanRegistry.java:371)
	at org.springframework.beans.factory.support.AbstractBeanFactory.doGetBean(AbstractBeanFactory.java:331)
	at org.springframework.beans.factory.support.AbstractBeanFactory.getBean(AbstractBeanFactory.java:196)
	at org.springframework.beans.factory.support.DefaultListableBeanFactory.instantiateSingleton(DefaultListableBeanFactory.java:1218)
	at org.springframework.beans.factory.support.DefaultListableBeanFactory.preInstantiateSingleton(DefaultListableBeanFactory.java:1184)
	at org.springframework.beans.factory.support.DefaultListableBeanFactory.preInstantiateSingletons(DefaultListableBeanFactory.java:1121)
	at org.springframework.context.support.AbstractApplicationContext.finishBeanFactoryInitialization(AbstractApplicationContext.java:983)
	at org.springframework.context.support.AbstractApplicationContext.refresh(AbstractApplicationContext.java:620)
	at org.springframework.boot.web.server.servlet.context.ServletWebServerApplicationContext.refresh(ServletWebServerApplicationContext.java:143)
	at org.springframework.boot.SpringApplication.refresh(SpringApplication.java:765)
	at org.springframework.boot.SpringApplication.refreshContext(SpringApplication.java:454)
	at org.springframework.boot.SpringApplication.run(SpringApplication.java:321)
	at org.springframework.boot.SpringApplication.run(SpringApplication.java:1374)
	at org.springframework.boot.SpringApplication.run(SpringApplication.java:1363)
	at Postgrado.postgrado.PostgradoApplication.main(PostgradoApplication.java:10)
	at java.base/jdk.internal.reflect.DirectMethodHandleAccessor.invoke(DirectMethodHandleAccessor.java:104)
	at java.base/java.lang.reflect.Method.invoke(Method.java:565)
	at org.springframework.boot.devtools.restart.RestartLauncher.run(RestartLauncher.java:52)
Caused by: org.springframework.beans.BeanInstantiationException: Failed to instantiate [Postgrado.postgrado.Controllers.ExpedienteController]: Constructor threw exception
	at org.springframework.beans.BeanUtils.instantiateClass(BeanUtils.java:224)
	at org.springframework.beans.factory.support.SimpleInstantiationStrategy.instantiate(SimpleInstantiationStrategy.java:129)
	at org.springframework.beans.factory.support.ConstructorResolver.instantiate(ConstructorResolver.java:318)
	... 24 common frames omitted
Caused by: java.lang.Error: Unresolved compilation problems: 
	Syntax error on token "package", import expected
	The declared package "Postgrado.postgrado.Controller" does not match the expected package "Postgrado.postgrado.Controllers"

	at Postgrado.postgrado.Controllers.ExpedienteController.<init>(ExpedienteController.java:2)
	at java.base/jdk.internal.reflect.DirectConstructorHandleAccessor.newInstance(DirectConstructorHandleAccessor.java:62)
	at java.base/java.lang.reflect.Constructor.newInstanceWithCaller(Constructor.java:499)
	at java.base/java.lang.reflect.Constructor.newInstance(Constructor.java:483)
	at org.springframework.beans.BeanUtils.instantiateClass(BeanUtils.java:211)
	... 26 common frames omitted
2025-12-11 22:42:38 INFO  Postgrado.postgrado.PostgradoApplication - Starting PostgradoApplication using Java 25.0.1 with PID 21416 (D:\TDUNU2025\postgrado\postgrado\target\classes started by MANUEL in D:\TDUNU2025)
2025-12-11 22:42:38 INFO  Postgrado.postgrado.PostgradoApplication - No active profile set, falling back to 1 default profile: "default"
2025-12-11 22:42:39 INFO  org.apache.catalina.core.StandardService - Starting service [Tomcat]
2025-12-11 22:42:39 INFO  org.apache.catalina.core.StandardEngine - Starting Servlet engine: [Apache Tomcat/11.0.14]
2025-12-11 22:42:39 INFO  org.hibernate.jpa.internal.util.LogHelper - HHH000204: Processing PersistenceUnitInfo [name: default]
2025-12-11 22:42:40 INFO  com.zaxxer.hikari.HikariDataSource - HikariPool-12 - Starting...
2025-12-11 22:42:41 INFO  com.zaxxer.hikari.pool.HikariPool - HikariPool-12 - Added connection com.mysql.cj.jdbc.ConnectionImpl@1ee78eef
2025-12-11 22:42:41 INFO  com.zaxxer.hikari.HikariDataSource - HikariPool-12 - Start completed.
2025-12-11 22:42:45 WARN  org.hibernate.orm.deprecation - HHH90000025: MySQLDialect does not need to be specified explicitly using 'hibernate.dialect' (remove the property setting and it will be selected by default)
2025-12-11 22:42:45 INFO  org.hibernate.orm.connections.pooling - HHH10001005: Database info:
	Database JDBC URL [jdbc:mysql://localhost:3310/db_ms_posgrado?createDatabaseIfNotExist=true&useSSL=false&serverTimezone=UTC]
	Database driver: MySQL Connector/J
	Database dialect: MySQLDialect
	Database version: 8.0.44
	Default catalog/schema: db_ms_posgrado/undefined
	Autocommit mode: undefined/unknown
	Isolation level: REPEATABLE_READ [default REPEATABLE_READ]
	JDBC fetch size: none
	Pool: DatasourceConnectionProviderImpl
	Minimum pool size: undefined/unknown
	Maximum pool size: undefined/unknown
2025-12-11 22:42:46 INFO  org.hibernate.engine.transaction.jta.platform.internal.JtaPlatformInitiator - HHH000489: No JTA platform available (set 'hibernate.transaction.jta.platform' to enable JTA platform integration)
2025-12-11 22:42:46 WARN  org.springframework.boot.jpa.autoconfigure.JpaBaseConfiguration$JpaWebConfiguration - spring.jpa.open-in-view is enabled by default. Therefore, database queries may be performed during view rendering. Explicitly configure spring.jpa.open-in-view to disable this warning
2025-12-11 22:42:46 INFO  Postgrado.postgrado.PostgradoApplication - Started PostgradoApplication in 8.175 seconds (process running for 2175.375)
2025-12-11 22:43:08 INFO  com.zaxxer.hikari.HikariDataSource - HikariPool-12 - Shutdown initiated...
2025-12-11 22:43:08 INFO  com.zaxxer.hikari.HikariDataSource - HikariPool-12 - Shutdown completed.
2025-12-11 22:43:08 INFO  Postgrado.postgrado.PostgradoApplication - Starting PostgradoApplication using Java 25.0.1 with PID 21416 (D:\TDUNU2025\postgrado\postgrado\target\classes started by MANUEL in D:\TDUNU2025)
2025-12-11 22:43:08 INFO  Postgrado.postgrado.PostgradoApplication - No active profile set, falling back to 1 default profile: "default"
2025-12-11 22:43:09 INFO  org.apache.catalina.core.StandardService - Starting service [Tomcat]
2025-12-11 22:43:09 INFO  org.apache.catalina.core.StandardEngine - Starting Servlet engine: [Apache Tomcat/11.0.14]
2025-12-11 22:43:10 INFO  org.hibernate.jpa.internal.util.LogHelper - HHH000204: Processing PersistenceUnitInfo [name: default]
2025-12-11 22:43:10 INFO  com.zaxxer.hikari.HikariDataSource - HikariPool-13 - Starting...
2025-12-11 22:43:10 INFO  com.zaxxer.hikari.pool.HikariPool - HikariPool-13 - Added connection com.mysql.cj.jdbc.ConnectionImpl@79248255
2025-12-11 22:43:10 INFO  com.zaxxer.hikari.HikariDataSource - HikariPool-13 - Start completed.
2025-12-11 22:43:10 WARN  org.hibernate.orm.deprecation - HHH90000025: MySQLDialect does not need to be specified explicitly using 'hibernate.dialect' (remove the property setting and it will be selected by default)
2025-12-11 22:43:10 INFO  org.hibernate.orm.connections.pooling - HHH10001005: Database info:
	Database JDBC URL [jdbc:mysql://localhost:3310/db_ms_posgrado?createDatabaseIfNotExist=true&useSSL=false&serverTimezone=UTC]
	Database driver: MySQL Connector/J
	Database dialect: MySQLDialect
	Database version: 8.0.44
	Default catalog/schema: db_ms_posgrado/undefined
	Autocommit mode: undefined/unknown
	Isolation level: REPEATABLE_READ [default REPEATABLE_READ]
	JDBC fetch size: none
	Pool: DatasourceConnectionProviderImpl
	Minimum pool size: undefined/unknown
	Maximum pool size: undefined/unknown
2025-12-11 22:43:10 INFO  org.hibernate.engine.transaction.jta.platform.internal.JtaPlatformInitiator - HHH000489: No JTA platform available (set 'hibernate.transaction.jta.platform' to enable JTA platform integration)
2025-12-11 22:43:11 WARN  org.springframework.boot.jpa.autoconfigure.JpaBaseConfiguration$JpaWebConfiguration - spring.jpa.open-in-view is enabled by default. Therefore, database queries may be performed during view rendering. Explicitly configure spring.jpa.open-in-view to disable this warning
2025-12-11 22:43:12 INFO  Postgrado.postgrado.PostgradoApplication - Started PostgradoApplication in 3.609 seconds (process running for 2201.179)
2025-12-11 22:43:31 INFO  com.zaxxer.hikari.HikariDataSource - HikariPool-13 - Shutdown initiated...
2025-12-11 22:43:32 INFO  com.zaxxer.hikari.HikariDataSource - HikariPool-13 - Shutdown completed.
2025-12-11 22:43:32 INFO  Postgrado.postgrado.PostgradoApplication - Starting PostgradoApplication using Java 25.0.1 with PID 21416 (D:\TDUNU2025\postgrado\postgrado\target\classes started by MANUEL in D:\TDUNU2025)
2025-12-11 22:43:32 INFO  Postgrado.postgrado.PostgradoApplication - No active profile set, falling back to 1 default profile: "default"
2025-12-11 22:43:33 INFO  org.apache.catalina.core.StandardService - Starting service [Tomcat]
2025-12-11 22:43:33 INFO  org.apache.catalina.core.StandardEngine - Starting Servlet engine: [Apache Tomcat/11.0.14]
2025-12-11 22:43:34 INFO  org.hibernate.jpa.internal.util.LogHelper - HHH000204: Processing PersistenceUnitInfo [name: default]
2025-12-11 22:43:34 INFO  com.zaxxer.hikari.HikariDataSource - HikariPool-14 - Starting...
2025-12-11 22:43:36 INFO  com.zaxxer.hikari.pool.HikariPool - HikariPool-14 - Added connection com.mysql.cj.jdbc.ConnectionImpl@41ca8e8b
2025-12-11 22:43:36 INFO  com.zaxxer.hikari.HikariDataSource - HikariPool-14 - Start completed.
2025-12-11 22:43:36 WARN  org.hibernate.orm.deprecation - HHH90000025: MySQLDialect does not need to be specified explicitly using 'hibernate.dialect' (remove the property setting and it will be selected by default)
2025-12-11 22:43:36 INFO  org.hibernate.orm.connections.pooling - HHH10001005: Database info:
	Database JDBC URL [jdbc:mysql://localhost:3310/db_ms_posgrado?createDatabaseIfNotExist=true&useSSL=false&serverTimezone=UTC]
	Database driver: MySQL Connector/J
	Database dialect: MySQLDialect
	Database version: 8.0.44
	Default catalog/schema: db_ms_posgrado/undefined
	Autocommit mode: undefined/unknown
	Isolation level: REPEATABLE_READ [default REPEATABLE_READ]
	JDBC fetch size: none
	Pool: DatasourceConnectionProviderImpl
	Minimum pool size: undefined/unknown
	Maximum pool size: undefined/unknown
2025-12-11 22:43:37 INFO  org.hibernate.engine.transaction.jta.platform.internal.JtaPlatformInitiator - HHH000489: No JTA platform available (set 'hibernate.transaction.jta.platform' to enable JTA platform integration)
2025-12-11 22:43:38 WARN  org.springframework.boot.web.server.servlet.context.AnnotationConfigServletWebServerApplicationContext - Exception encountered during context initialization - cancelling refresh attempt: org.springframework.beans.factory.UnsatisfiedDependencyException: Error creating bean with name 'expedienteController' defined in file [D:\TDUNU2025\postgrado\postgrado\target\classes\Postgrado\postgrado\Controllers\ExpedienteController.class]: Unsatisfied dependency expressed through constructor parameter 0: Error creating bean with name 'expedienteServiceImpl' defined in file [D:\TDUNU2025\postgrado\postgrado\target\classes\Postgrado\postgrado\Service\Impl\ExpedienteServiceImpl.class]: Failed to instantiate [Postgrado.postgrado.Service.Impl.ExpedienteServiceImpl]: Constructor threw exception
2025-12-11 22:43:38 INFO  com.zaxxer.hikari.HikariDataSource - HikariPool-14 - Shutdown initiated...
2025-12-11 22:43:39 INFO  com.zaxxer.hikari.HikariDataSource - HikariPool-14 - Shutdown completed.
2025-12-11 22:43:39 INFO  org.apache.catalina.core.StandardService - Stopping service [Tomcat]
2025-12-11 22:43:39 ERROR org.springframework.boot.SpringApplication - Application run failed
org.springframework.beans.factory.UnsatisfiedDependencyException: Error creating bean with name 'expedienteController' defined in file [D:\TDUNU2025\postgrado\postgrado\target\classes\Postgrado\postgrado\Controllers\ExpedienteController.class]: Unsatisfied dependency expressed through constructor parameter 0: Error creating bean with name 'expedienteServiceImpl' defined in file [D:\TDUNU2025\postgrado\postgrado\target\classes\Postgrado\postgrado\Service\Impl\ExpedienteServiceImpl.class]: Failed to instantiate [Postgrado.postgrado.Service.Impl.ExpedienteServiceImpl]: Constructor threw exception
	at org.springframework.beans.factory.support.ConstructorResolver.createArgumentArray(ConstructorResolver.java:804)
	at org.springframework.beans.factory.support.ConstructorResolver.autowireConstructor(ConstructorResolver.java:240)
	at org.springframework.beans.factory.support.AbstractAutowireCapableBeanFactory.autowireConstructor(AbstractAutowireCapableBeanFactory.java:1382)
	at org.springframework.beans.factory.support.AbstractAutowireCapableBeanFactory.createBeanInstance(AbstractAutowireCapableBeanFactory.java:1221)
	at org.springframework.beans.factory.support.AbstractAutowireCapableBeanFactory.doCreateBean(AbstractAutowireCapableBeanFactory.java:565)
	at org.springframework.beans.factory.support.AbstractAutowireCapableBeanFactory.createBean(AbstractAutowireCapableBeanFactory.java:525)
	at org.springframework.beans.factory.support.AbstractBeanFactory.lambda$doGetBean$0(AbstractBeanFactory.java:333)
	at org.springframework.beans.factory.support.DefaultSingletonBeanRegistry.getSingleton(DefaultSingletonBeanRegistry.java:371)
	at org.springframework.beans.factory.support.AbstractBeanFactory.doGetBean(AbstractBeanFactory.java:331)
	at org.springframework.beans.factory.support.AbstractBeanFactory.getBean(AbstractBeanFactory.java:196)
	at org.springframework.beans.factory.support.DefaultListableBeanFactory.instantiateSingleton(DefaultListableBeanFactory.java:1218)
	at org.springframework.beans.factory.support.DefaultListableBeanFactory.preInstantiateSingleton(DefaultListableBeanFactory.java:1184)
	at org.springframework.beans.factory.support.DefaultListableBeanFactory.preInstantiateSingletons(DefaultListableBeanFactory.java:1121)
	at org.springframework.context.support.AbstractApplicationContext.finishBeanFactoryInitialization(AbstractApplicationContext.java:983)
	at org.springframework.context.support.AbstractApplicationContext.refresh(AbstractApplicationContext.java:620)
	at org.springframework.boot.web.server.servlet.context.ServletWebServerApplicationContext.refresh(ServletWebServerApplicationContext.java:143)
	at org.springframework.boot.SpringApplication.refresh(SpringApplication.java:765)
	at org.springframework.boot.SpringApplication.refreshContext(SpringApplication.java:454)
	at org.springframework.boot.SpringApplication.run(SpringApplication.java:321)
	at org.springframework.boot.SpringApplication.run(SpringApplication.java:1374)
	at org.springframework.boot.SpringApplication.run(SpringApplication.java:1363)
	at Postgrado.postgrado.PostgradoApplication.main(PostgradoApplication.java:10)
	at java.base/jdk.internal.reflect.DirectMethodHandleAccessor.invoke(DirectMethodHandleAccessor.java:104)
	at java.base/java.lang.reflect.Method.invoke(Method.java:565)
	at org.springframework.boot.devtools.restart.RestartLauncher.run(RestartLauncher.java:52)
Caused by: org.springframework.beans.factory.BeanCreationException: Error creating bean with name 'expedienteServiceImpl' defined in file [D:\TDUNU2025\postgrado\postgrado\target\classes\Postgrado\postgrado\Service\Impl\ExpedienteServiceImpl.class]: Failed to instantiate [Postgrado.postgrado.Service.Impl.ExpedienteServiceImpl]: Constructor threw exception
	at org.springframework.beans.factory.support.ConstructorResolver.instantiate(ConstructorResolver.java:321)
	at org.springframework.beans.factory.support.ConstructorResolver.autowireConstructor(ConstructorResolver.java:309)
	at org.springframework.beans.factory.support.AbstractAutowireCapableBeanFactory.autowireConstructor(AbstractAutowireCapableBeanFactory.java:1382)
	at org.springframework.beans.factory.support.AbstractAutowireCapableBeanFactory.createBeanInstance(AbstractAutowireCapableBeanFactory.java:1221)
	at org.springframework.beans.factory.support.AbstractAutowireCapableBeanFactory.doCreateBean(AbstractAutowireCapableBeanFactory.java:565)
	at org.springframework.beans.factory.support.AbstractAutowireCapableBeanFactory.createBean(AbstractAutowireCapableBeanFactory.java:525)
	at org.springframework.beans.factory.support.AbstractBeanFactory.lambda$doGetBean$0(AbstractBeanFactory.java:333)
	at org.springframework.beans.factory.support.DefaultSingletonBeanRegistry.getSingleton(DefaultSingletonBeanRegistry.java:371)
	at org.springframework.beans.factory.support.AbstractBeanFactory.doGetBean(AbstractBeanFactory.java:331)
	at org.springframework.beans.factory.support.AbstractBeanFactory.getBean(AbstractBeanFactory.java:201)
	at org.springframework.beans.factory.config.DependencyDescriptor.resolveCandidate(DependencyDescriptor.java:229)
	at org.springframework.beans.factory.support.DefaultListableBeanFactory.doResolveDependency(DefaultListableBeanFactory.java:1762)
	at org.springframework.beans.factory.support.DefaultListableBeanFactory.resolveDependency(DefaultListableBeanFactory.java:1651)
	at org.springframework.beans.factory.support.ConstructorResolver.resolveAutowiredArgument(ConstructorResolver.java:912)
	at org.springframework.beans.factory.support.ConstructorResolver.createArgumentArray(ConstructorResolver.java:791)
	... 24 common frames omitted
Caused by: org.springframework.beans.BeanInstantiationException: Failed to instantiate [Postgrado.postgrado.Service.Impl.ExpedienteServiceImpl]: Constructor threw exception
	at org.springframework.beans.BeanUtils.instantiateClass(BeanUtils.java:224)
	at org.springframework.beans.factory.support.SimpleInstantiationStrategy.instantiate(SimpleInstantiationStrategy.java:129)
	at org.springframework.beans.factory.support.ConstructorResolver.instantiate(ConstructorResolver.java:318)
	... 38 common frames omitted
Caused by: java.lang.Error: Unresolved compilation problem: 
	Logger cannot be resolved to a type

	at Postgrado.postgrado.Service.Impl.ExpedienteServiceImpl.<init>(ExpedienteServiceImpl.java:15)
	at java.base/jdk.internal.reflect.DirectConstructorHandleAccessor.newInstance(DirectConstructorHandleAccessor.java:62)
	at java.base/java.lang.reflect.Constructor.newInstanceWithCaller(Constructor.java:499)
	at java.base/java.lang.reflect.Constructor.newInstance(Constructor.java:483)
	at org.springframework.beans.BeanUtils.instantiateClass(BeanUtils.java:211)
	... 40 common frames omitted
2025-12-11 22:44:00 INFO  Postgrado.postgrado.PostgradoApplication - Starting PostgradoApplication using Java 25.0.1 with PID 21416 (D:\TDUNU2025\postgrado\postgrado\target\classes started by MANUEL in D:\TDUNU2025)
2025-12-11 22:44:00 INFO  Postgrado.postgrado.PostgradoApplication - No active profile set, falling back to 1 default profile: "default"
2025-12-11 22:44:02 INFO  org.apache.catalina.core.StandardService - Starting service [Tomcat]
2025-12-11 22:44:02 INFO  org.apache.catalina.core.StandardEngine - Starting Servlet engine: [Apache Tomcat/11.0.14]
2025-12-11 22:44:02 INFO  org.hibernate.jpa.internal.util.LogHelper - HHH000204: Processing PersistenceUnitInfo [name: default]
2025-12-11 22:44:03 INFO  com.zaxxer.hikari.HikariDataSource - HikariPool-15 - Starting...
2025-12-11 22:44:03 INFO  com.zaxxer.hikari.pool.HikariPool - HikariPool-15 - Added connection com.mysql.cj.jdbc.ConnectionImpl@70ec4b2e
2025-12-11 22:44:03 INFO  com.zaxxer.hikari.HikariDataSource - HikariPool-15 - Start completed.
2025-12-11 22:44:03 WARN  org.hibernate.orm.deprecation - HHH90000025: MySQLDialect does not need to be specified explicitly using 'hibernate.dialect' (remove the property setting and it will be selected by default)
2025-12-11 22:44:03 INFO  org.hibernate.orm.connections.pooling - HHH10001005: Database info:
	Database JDBC URL [jdbc:mysql://localhost:3310/db_ms_posgrado?createDatabaseIfNotExist=true&useSSL=false&serverTimezone=UTC]
	Database driver: MySQL Connector/J
	Database dialect: MySQLDialect
	Database version: 8.0.44
	Default catalog/schema: db_ms_posgrado/undefined
	Autocommit mode: undefined/unknown
	Isolation level: REPEATABLE_READ [default REPEATABLE_READ]
	JDBC fetch size: none
	Pool: DatasourceConnectionProviderImpl
	Minimum pool size: undefined/unknown
	Maximum pool size: undefined/unknown
2025-12-11 22:44:04 INFO  org.hibernate.engine.transaction.jta.platform.internal.JtaPlatformInitiator - HHH000489: No JTA platform available (set 'hibernate.transaction.jta.platform' to enable JTA platform integration)
2025-12-11 22:44:04 WARN  org.springframework.boot.jpa.autoconfigure.JpaBaseConfiguration$JpaWebConfiguration - spring.jpa.open-in-view is enabled by default. Therefore, database queries may be performed during view rendering. Explicitly configure spring.jpa.open-in-view to disable this warning
2025-12-11 22:44:05 INFO  Postgrado.postgrado.PostgradoApplication - Started PostgradoApplication in 4.761 seconds (process running for 2253.833)
2025-12-11 22:44:52 INFO  com.zaxxer.hikari.HikariDataSource - HikariPool-15 - Shutdown initiated...
2025-12-11 22:44:52 INFO  com.zaxxer.hikari.HikariDataSource - HikariPool-15 - Shutdown completed.
2025-12-11 22:44:53 INFO  Postgrado.postgrado.PostgradoApplication - Starting PostgradoApplication using Java 25.0.1 with PID 21416 (D:\TDUNU2025\postgrado\postgrado\target\classes started by MANUEL in D:\TDUNU2025)
2025-12-11 22:44:53 INFO  Postgrado.postgrado.PostgradoApplication - No active profile set, falling back to 1 default profile: "default"
2025-12-11 22:44:54 INFO  org.apache.catalina.core.StandardService - Starting service [Tomcat]
2025-12-11 22:44:54 INFO  org.apache.catalina.core.StandardEngine - Starting Servlet engine: [Apache Tomcat/11.0.14]
2025-12-11 22:44:55 INFO  org.hibernate.jpa.internal.util.LogHelper - HHH000204: Processing PersistenceUnitInfo [name: default]
2025-12-11 22:44:55 INFO  com.zaxxer.hikari.HikariDataSource - HikariPool-16 - Starting...
2025-12-11 22:44:55 INFO  com.zaxxer.hikari.pool.HikariPool - HikariPool-16 - Added connection com.mysql.cj.jdbc.ConnectionImpl@55c1cf4c
2025-12-11 22:44:55 INFO  com.zaxxer.hikari.HikariDataSource - HikariPool-16 - Start completed.
2025-12-11 22:44:55 WARN  org.hibernate.orm.deprecation - HHH90000025: MySQLDialect does not need to be specified explicitly using 'hibernate.dialect' (remove the property setting and it will be selected by default)
2025-12-11 22:44:55 INFO  org.hibernate.orm.connections.pooling - HHH10001005: Database info:
	Database JDBC URL [jdbc:mysql://localhost:3310/db_ms_posgrado?createDatabaseIfNotExist=true&useSSL=false&serverTimezone=UTC]
	Database driver: MySQL Connector/J
	Database dialect: MySQLDialect
	Database version: 8.0.44
	Default catalog/schema: db_ms_posgrado/undefined
	Autocommit mode: undefined/unknown
	Isolation level: REPEATABLE_READ [default REPEATABLE_READ]
	JDBC fetch size: none
	Pool: DatasourceConnectionProviderImpl
	Minimum pool size: undefined/unknown
	Maximum pool size: undefined/unknown
2025-12-11 22:44:55 INFO  org.hibernate.engine.transaction.jta.platform.internal.JtaPlatformInitiator - HHH000489: No JTA platform available (set 'hibernate.transaction.jta.platform' to enable JTA platform integration)
2025-12-11 22:44:56 WARN  org.springframework.boot.jpa.autoconfigure.JpaBaseConfiguration$JpaWebConfiguration - spring.jpa.open-in-view is enabled by default. Therefore, database queries may be performed during view rendering. Explicitly configure spring.jpa.open-in-view to disable this warning
2025-12-11 22:44:56 INFO  Postgrado.postgrado.PostgradoApplication - Started PostgradoApplication in 3.815 seconds (process running for 2305.616)
2025-12-11 22:45:05 INFO  com.zaxxer.hikari.HikariDataSource - HikariPool-16 - Shutdown initiated...
2025-12-11 22:45:05 INFO  com.zaxxer.hikari.HikariDataSource - HikariPool-16 - Shutdown completed.
2025-12-11 22:45:06 INFO  Postgrado.postgrado.PostgradoApplication - Starting PostgradoApplication using Java 25.0.1 with PID 21416 (D:\TDUNU2025\postgrado\postgrado\target\classes started by MANUEL in D:\TDUNU2025)
2025-12-11 22:45:06 INFO  Postgrado.postgrado.PostgradoApplication - No active profile set, falling back to 1 default profile: "default"
2025-12-11 22:45:07 INFO  org.apache.catalina.core.StandardService - Starting service [Tomcat]
2025-12-11 22:45:07 INFO  org.apache.catalina.core.StandardEngine - Starting Servlet engine: [Apache Tomcat/11.0.14]
2025-12-11 22:45:07 INFO  org.hibernate.jpa.internal.util.LogHelper - HHH000204: Processing PersistenceUnitInfo [name: default]
2025-12-11 22:45:07 INFO  com.zaxxer.hikari.HikariDataSource - HikariPool-17 - Starting...
2025-12-11 22:45:07 INFO  com.zaxxer.hikari.pool.HikariPool - HikariPool-17 - Added connection com.mysql.cj.jdbc.ConnectionImpl@7c3e48d
2025-12-11 22:45:07 INFO  com.zaxxer.hikari.HikariDataSource - HikariPool-17 - Start completed.
2025-12-11 22:45:07 WARN  org.hibernate.orm.deprecation - HHH90000025: MySQLDialect does not need to be specified explicitly using 'hibernate.dialect' (remove the property setting and it will be selected by default)
2025-12-11 22:45:07 INFO  org.hibernate.orm.connections.pooling - HHH10001005: Database info:
	Database JDBC URL [jdbc:mysql://localhost:3310/db_ms_posgrado?createDatabaseIfNotExist=true&useSSL=false&serverTimezone=UTC]
	Database driver: MySQL Connector/J
	Database dialect: MySQLDialect
	Database version: 8.0.44
	Default catalog/schema: db_ms_posgrado/undefined
	Autocommit mode: undefined/unknown
	Isolation level: REPEATABLE_READ [default REPEATABLE_READ]
	JDBC fetch size: none
	Pool: DatasourceConnectionProviderImpl
	Minimum pool size: undefined/unknown
	Maximum pool size: undefined/unknown
2025-12-11 22:45:08 INFO  org.hibernate.engine.transaction.jta.platform.internal.JtaPlatformInitiator - HHH000489: No JTA platform available (set 'hibernate.transaction.jta.platform' to enable JTA platform integration)
2025-12-11 22:45:08 WARN  org.springframework.boot.jpa.autoconfigure.JpaBaseConfiguration$JpaWebConfiguration - spring.jpa.open-in-view is enabled by default. Therefore, database queries may be performed during view rendering. Explicitly configure spring.jpa.open-in-view to disable this warning
2025-12-11 22:45:09 INFO  Postgrado.postgrado.PostgradoApplication - Started PostgradoApplication in 3.514 seconds (process running for 2318.355)
2025-12-11 22:45:22 INFO  com.zaxxer.hikari.HikariDataSource - HikariPool-17 - Shutdown initiated...
2025-12-11 22:45:22 INFO  com.zaxxer.hikari.HikariDataSource - HikariPool-17 - Shutdown completed.
2025-12-11 22:45:26 INFO  Postgrado.postgrado.PostgradoApplication - Starting PostgradoApplication using Java 25.0.1 with PID 21416 (D:\TDUNU2025\postgrado\postgrado\target\classes started by MANUEL in D:\TDUNU2025)
2025-12-11 22:45:26 INFO  Postgrado.postgrado.PostgradoApplication - No active profile set, falling back to 1 default profile: "default"
2025-12-11 22:45:27 INFO  org.apache.catalina.core.StandardService - Starting service [Tomcat]
2025-12-11 22:45:27 INFO  org.apache.catalina.core.StandardEngine - Starting Servlet engine: [Apache Tomcat/11.0.14]
2025-12-11 22:45:27 INFO  org.hibernate.jpa.internal.util.LogHelper - HHH000204: Processing PersistenceUnitInfo [name: default]
2025-12-11 22:45:27 INFO  com.zaxxer.hikari.HikariDataSource - HikariPool-18 - Starting...
2025-12-11 22:45:28 INFO  com.zaxxer.hikari.pool.HikariPool - HikariPool-18 - Added connection com.mysql.cj.jdbc.ConnectionImpl@ac23bad
2025-12-11 22:45:28 INFO  com.zaxxer.hikari.HikariDataSource - HikariPool-18 - Start completed.
2025-12-11 22:45:28 WARN  org.hibernate.orm.deprecation - HHH90000025: MySQLDialect does not need to be specified explicitly using 'hibernate.dialect' (remove the property setting and it will be selected by default)
2025-12-11 22:45:28 INFO  org.hibernate.orm.connections.pooling - HHH10001005: Database info:
	Database JDBC URL [jdbc:mysql://localhost:3310/db_ms_posgrado?createDatabaseIfNotExist=true&useSSL=false&serverTimezone=UTC]
	Database driver: MySQL Connector/J
	Database dialect: MySQLDialect
	Database version: 8.0.44
	Default catalog/schema: db_ms_posgrado/undefined
	Autocommit mode: undefined/unknown
	Isolation level: REPEATABLE_READ [default REPEATABLE_READ]
	JDBC fetch size: none
	Pool: DatasourceConnectionProviderImpl
	Minimum pool size: undefined/unknown
	Maximum pool size: undefined/unknown
2025-12-11 22:45:29 INFO  org.hibernate.engine.transaction.jta.platform.internal.JtaPlatformInitiator - HHH000489: No JTA platform available (set 'hibernate.transaction.jta.platform' to enable JTA platform integration)
2025-12-11 22:45:40 WARN  org.springframework.boot.jpa.autoconfigure.JpaBaseConfiguration$JpaWebConfiguration - spring.jpa.open-in-view is enabled by default. Therefore, database queries may be performed during view rendering. Explicitly configure spring.jpa.open-in-view to disable this warning
2025-12-11 22:45:40 INFO  Postgrado.postgrado.PostgradoApplication - Started PostgradoApplication in 14.851 seconds (process running for 2349.511)
2025-12-11 22:46:02 INFO  com.zaxxer.hikari.HikariDataSource - HikariPool-18 - Shutdown initiated...
2025-12-11 22:46:02 INFO  com.zaxxer.hikari.HikariDataSource - HikariPool-18 - Shutdown completed.
2025-12-11 22:46:03 INFO  Postgrado.postgrado.PostgradoApplication - Starting PostgradoApplication using Java 25.0.1 with PID 21416 (D:\TDUNU2025\postgrado\postgrado\target\classes started by MANUEL in D:\TDUNU2025)
2025-12-11 22:46:03 INFO  Postgrado.postgrado.PostgradoApplication - No active profile set, falling back to 1 default profile: "default"
2025-12-11 22:46:04 INFO  org.apache.catalina.core.StandardService - Starting service [Tomcat]
2025-12-11 22:46:04 INFO  org.apache.catalina.core.StandardEngine - Starting Servlet engine: [Apache Tomcat/11.0.14]
2025-12-11 22:46:04 INFO  org.hibernate.jpa.internal.util.LogHelper - HHH000204: Processing PersistenceUnitInfo [name: default]
2025-12-11 22:46:04 INFO  com.zaxxer.hikari.HikariDataSource - HikariPool-19 - Starting...
2025-12-11 22:46:04 INFO  com.zaxxer.hikari.pool.HikariPool - HikariPool-19 - Added connection com.mysql.cj.jdbc.ConnectionImpl@2abff00c
2025-12-11 22:46:04 INFO  com.zaxxer.hikari.HikariDataSource - HikariPool-19 - Start completed.
2025-12-11 22:46:04 WARN  org.hibernate.orm.deprecation - HHH90000025: MySQLDialect does not need to be specified explicitly using 'hibernate.dialect' (remove the property setting and it will be selected by default)
2025-12-11 22:46:04 INFO  org.hibernate.orm.connections.pooling - HHH10001005: Database info:
	Database JDBC URL [jdbc:mysql://localhost:3310/db_ms_posgrado?createDatabaseIfNotExist=true&useSSL=false&serverTimezone=UTC]
	Database driver: MySQL Connector/J
	Database dialect: MySQLDialect
	Database version: 8.0.44
	Default catalog/schema: db_ms_posgrado/undefined
	Autocommit mode: undefined/unknown
	Isolation level: REPEATABLE_READ [default REPEATABLE_READ]
	JDBC fetch size: none
	Pool: DatasourceConnectionProviderImpl
	Minimum pool size: undefined/unknown
	Maximum pool size: undefined/unknown
2025-12-11 22:46:05 INFO  org.hibernate.engine.transaction.jta.platform.internal.JtaPlatformInitiator - HHH000489: No JTA platform available (set 'hibernate.transaction.jta.platform' to enable JTA platform integration)
2025-12-11 22:46:05 WARN  org.springframework.boot.jpa.autoconfigure.JpaBaseConfiguration$JpaWebConfiguration - spring.jpa.open-in-view is enabled by default. Therefore, database queries may be performed during view rendering. Explicitly configure spring.jpa.open-in-view to disable this warning
2025-12-11 22:46:05 INFO  Postgrado.postgrado.PostgradoApplication - Started PostgradoApplication in 2.792 seconds (process running for 2374.667)
2025-12-11 22:46:07 INFO  com.zaxxer.hikari.HikariDataSource - HikariPool-19 - Shutdown initiated...
2025-12-11 22:46:07 INFO  com.zaxxer.hikari.HikariDataSource - HikariPool-19 - Shutdown completed.
2025-12-11 22:46:07 INFO  Postgrado.postgrado.PostgradoApplication - Starting PostgradoApplication using Java 25.0.1 with PID 21416 (D:\TDUNU2025\postgrado\postgrado\target\classes started by MANUEL in D:\TDUNU2025)
2025-12-11 22:46:07 INFO  Postgrado.postgrado.PostgradoApplication - No active profile set, falling back to 1 default profile: "default"
2025-12-11 22:46:08 INFO  org.apache.catalina.core.StandardService - Starting service [Tomcat]
2025-12-11 22:46:08 INFO  org.apache.catalina.core.StandardEngine - Starting Servlet engine: [Apache Tomcat/11.0.14]
2025-12-11 22:46:08 INFO  org.hibernate.jpa.internal.util.LogHelper - HHH000204: Processing PersistenceUnitInfo [name: default]
2025-12-11 22:46:08 INFO  com.zaxxer.hikari.HikariDataSource - HikariPool-20 - Starting...
2025-12-11 22:46:08 INFO  com.zaxxer.hikari.pool.HikariPool - HikariPool-20 - Added connection com.mysql.cj.jdbc.ConnectionImpl@20a31c14
2025-12-11 22:46:08 INFO  com.zaxxer.hikari.HikariDataSource - HikariPool-20 - Start completed.
2025-12-11 22:46:08 WARN  org.hibernate.orm.deprecation - HHH90000025: MySQLDialect does not need to be specified explicitly using 'hibernate.dialect' (remove the property setting and it will be selected by default)
2025-12-11 22:46:09 INFO  org.hibernate.orm.connections.pooling - HHH10001005: Database info:
	Database JDBC URL [jdbc:mysql://localhost:3310/db_ms_posgrado?createDatabaseIfNotExist=true&useSSL=false&serverTimezone=UTC]
	Database driver: MySQL Connector/J
	Database dialect: MySQLDialect
	Database version: 8.0.44
	Default catalog/schema: db_ms_posgrado/undefined
	Autocommit mode: undefined/unknown
	Isolation level: REPEATABLE_READ [default REPEATABLE_READ]
	JDBC fetch size: none
	Pool: DatasourceConnectionProviderImpl
	Minimum pool size: undefined/unknown
	Maximum pool size: undefined/unknown
2025-12-11 22:46:09 INFO  org.hibernate.engine.transaction.jta.platform.internal.JtaPlatformInitiator - HHH000489: No JTA platform available (set 'hibernate.transaction.jta.platform' to enable JTA platform integration)
2025-12-11 22:46:10 WARN  org.springframework.boot.jpa.autoconfigure.JpaBaseConfiguration$JpaWebConfiguration - spring.jpa.open-in-view is enabled by default. Therefore, database queries may be performed during view rendering. Explicitly configure spring.jpa.open-in-view to disable this warning
2025-12-11 22:46:10 INFO  Postgrado.postgrado.PostgradoApplication - Started PostgradoApplication in 2.997 seconds (process running for 2379.398)
2025-12-11 22:46:12 INFO  com.zaxxer.hikari.HikariDataSource - HikariPool-20 - Shutdown initiated...
2025-12-11 22:46:12 INFO  com.zaxxer.hikari.HikariDataSource - HikariPool-20 - Shutdown completed.
2025-12-11 22:46:12 INFO  Postgrado.postgrado.PostgradoApplication - Starting PostgradoApplication using Java 25.0.1 with PID 21416 (D:\TDUNU2025\postgrado\postgrado\target\classes started by MANUEL in D:\TDUNU2025)
2025-12-11 22:46:12 INFO  Postgrado.postgrado.PostgradoApplication - No active profile set, falling back to 1 default profile: "default"
2025-12-11 22:46:13 INFO  org.apache.catalina.core.StandardService - Starting service [Tomcat]
2025-12-11 22:46:14 INFO  org.apache.catalina.core.StandardEngine - Starting Servlet engine: [Apache Tomcat/11.0.14]
2025-12-11 22:46:14 INFO  org.hibernate.jpa.internal.util.LogHelper - HHH000204: Processing PersistenceUnitInfo [name: default]
2025-12-11 22:46:14 INFO  com.zaxxer.hikari.HikariDataSource - HikariPool-21 - Starting...
2025-12-11 22:46:14 INFO  com.zaxxer.hikari.pool.HikariPool - HikariPool-21 - Added connection com.mysql.cj.jdbc.ConnectionImpl@1eace92e
2025-12-11 22:46:14 INFO  com.zaxxer.hikari.HikariDataSource - HikariPool-21 - Start completed.
2025-12-11 22:46:14 WARN  org.hibernate.orm.deprecation - HHH90000025: MySQLDialect does not need to be specified explicitly using 'hibernate.dialect' (remove the property setting and it will be selected by default)
2025-12-11 22:46:14 INFO  org.hibernate.orm.connections.pooling - HHH10001005: Database info:
	Database JDBC URL [jdbc:mysql://localhost:3310/db_ms_posgrado?createDatabaseIfNotExist=true&useSSL=false&serverTimezone=UTC]
	Database driver: MySQL Connector/J
	Database dialect: MySQLDialect
	Database version: 8.0.44
	Default catalog/schema: db_ms_posgrado/undefined
	Autocommit mode: undefined/unknown
	Isolation level: REPEATABLE_READ [default REPEATABLE_READ]
	JDBC fetch size: none
	Pool: DatasourceConnectionProviderImpl
	Minimum pool size: undefined/unknown
	Maximum pool size: undefined/unknown
2025-12-11 22:46:14 INFO  org.hibernate.engine.transaction.jta.platform.internal.JtaPlatformInitiator - HHH000489: No JTA platform available (set 'hibernate.transaction.jta.platform' to enable JTA platform integration)
2025-12-11 22:46:14 WARN  org.springframework.boot.jpa.autoconfigure.JpaBaseConfiguration$JpaWebConfiguration - spring.jpa.open-in-view is enabled by default. Therefore, database queries may be performed during view rendering. Explicitly configure spring.jpa.open-in-view to disable this warning
2025-12-11 22:46:15 INFO  Postgrado.postgrado.PostgradoApplication - Started PostgradoApplication in 2.265 seconds (process running for 2383.833)
2025-12-11 22:51:05 INFO  com.zaxxer.hikari.HikariDataSource - HikariPool-21 - Shutdown initiated...
2025-12-11 22:51:05 INFO  com.zaxxer.hikari.HikariDataSource - HikariPool-21 - Shutdown completed.
2025-12-11 22:51:06 INFO  Postgrado.postgrado.PostgradoApplication - Starting PostgradoApplication using Java 25.0.1 with PID 21416 (D:\TDUNU2025\postgrado\postgrado\target\classes started by MANUEL in D:\TDUNU2025)
2025-12-11 22:51:06 INFO  Postgrado.postgrado.PostgradoApplication - No active profile set, falling back to 1 default profile: "default"
2025-12-11 22:51:07 INFO  org.apache.catalina.core.StandardService - Starting service [Tomcat]
2025-12-11 22:51:07 INFO  org.apache.catalina.core.StandardEngine - Starting Servlet engine: [Apache Tomcat/11.0.14]
2025-12-11 22:51:07 INFO  org.hibernate.jpa.internal.util.LogHelper - HHH000204: Processing PersistenceUnitInfo [name: default]
2025-12-11 22:51:07 INFO  com.zaxxer.hikari.HikariDataSource - HikariPool-22 - Starting...
2025-12-11 22:51:07 INFO  com.zaxxer.hikari.pool.HikariPool - HikariPool-22 - Added connection com.mysql.cj.jdbc.ConnectionImpl@4a845cc9
2025-12-11 22:51:07 INFO  com.zaxxer.hikari.HikariDataSource - HikariPool-22 - Start completed.
2025-12-11 22:51:07 WARN  org.hibernate.orm.deprecation - HHH90000025: MySQLDialect does not need to be specified explicitly using 'hibernate.dialect' (remove the property setting and it will be selected by default)
2025-12-11 22:51:07 INFO  org.hibernate.orm.connections.pooling - HHH10001005: Database info:
	Database JDBC URL [jdbc:mysql://localhost:3310/db_ms_posgrado?createDatabaseIfNotExist=true&useSSL=false&serverTimezone=UTC]
	Database driver: MySQL Connector/J
	Database dialect: MySQLDialect
	Database version: 8.0.44
	Default catalog/schema: db_ms_posgrado/undefined
	Autocommit mode: undefined/unknown
	Isolation level: REPEATABLE_READ [default REPEATABLE_READ]
	JDBC fetch size: none
	Pool: DatasourceConnectionProviderImpl
	Minimum pool size: undefined/unknown
	Maximum pool size: undefined/unknown
2025-12-11 22:51:08 INFO  org.hibernate.engine.transaction.jta.platform.internal.JtaPlatformInitiator - HHH000489: No JTA platform available (set 'hibernate.transaction.jta.platform' to enable JTA platform integration)
2025-12-11 22:51:10 WARN  org.springframework.boot.jpa.autoconfigure.JpaBaseConfiguration$JpaWebConfiguration - spring.jpa.open-in-view is enabled by default. Therefore, database queries may be performed during view rendering. Explicitly configure spring.jpa.open-in-view to disable this warning
2025-12-11 22:51:11 INFO  Postgrado.postgrado.PostgradoApplication - Started PostgradoApplication in 5.132 seconds (process running for 2679.893)
2025-12-11 22:52:33 INFO  com.zaxxer.hikari.HikariDataSource - HikariPool-22 - Shutdown initiated...
2025-12-11 22:52:33 INFO  com.zaxxer.hikari.HikariDataSource - HikariPool-22 - Shutdown completed.
2025-12-11 22:52:34 INFO  Postgrado.postgrado.PostgradoApplication - Starting PostgradoApplication using Java 25.0.1 with PID 21416 (D:\TDUNU2025\postgrado\postgrado\target\classes started by MANUEL in D:\TDUNU2025)
2025-12-11 22:52:34 INFO  Postgrado.postgrado.PostgradoApplication - No active profile set, falling back to 1 default profile: "default"
2025-12-11 22:52:34 INFO  org.apache.catalina.core.StandardService - Starting service [Tomcat]
2025-12-11 22:52:34 INFO  org.apache.catalina.core.StandardEngine - Starting Servlet engine: [Apache Tomcat/11.0.14]
2025-12-11 22:52:35 INFO  org.hibernate.jpa.internal.util.LogHelper - HHH000204: Processing PersistenceUnitInfo [name: default]
2025-12-11 22:52:35 INFO  com.zaxxer.hikari.HikariDataSource - HikariPool-23 - Starting...
2025-12-11 22:52:35 INFO  com.zaxxer.hikari.pool.HikariPool - HikariPool-23 - Added connection com.mysql.cj.jdbc.ConnectionImpl@5997cd43
2025-12-11 22:52:35 INFO  com.zaxxer.hikari.HikariDataSource - HikariPool-23 - Start completed.
2025-12-11 22:52:35 WARN  org.hibernate.orm.deprecation - HHH90000025: MySQLDialect does not need to be specified explicitly using 'hibernate.dialect' (remove the property setting and it will be selected by default)
2025-12-11 22:52:35 INFO  org.hibernate.orm.connections.pooling - HHH10001005: Database info:
	Database JDBC URL [jdbc:mysql://localhost:3310/db_ms_posgrado?createDatabaseIfNotExist=true&useSSL=false&serverTimezone=UTC]
	Database driver: MySQL Connector/J
	Database dialect: MySQLDialect
	Database version: 8.0.44
	Default catalog/schema: db_ms_posgrado/undefined
	Autocommit mode: undefined/unknown
	Isolation level: REPEATABLE_READ [default REPEATABLE_READ]
	JDBC fetch size: none
	Pool: DatasourceConnectionProviderImpl
	Minimum pool size: undefined/unknown
	Maximum pool size: undefined/unknown
2025-12-11 22:52:35 INFO  org.hibernate.engine.transaction.jta.platform.internal.JtaPlatformInitiator - HHH000489: No JTA platform available (set 'hibernate.transaction.jta.platform' to enable JTA platform integration)
2025-12-11 22:52:37 WARN  org.springframework.boot.jpa.autoconfigure.JpaBaseConfiguration$JpaWebConfiguration - spring.jpa.open-in-view is enabled by default. Therefore, database queries may be performed during view rendering. Explicitly configure spring.jpa.open-in-view to disable this warning
2025-12-11 22:52:37 INFO  Postgrado.postgrado.PostgradoApplication - Started PostgradoApplication in 3.642 seconds (process running for 2766.407)
2025-12-11 22:52:42 INFO  com.zaxxer.hikari.HikariDataSource - HikariPool-23 - Shutdown initiated...
2025-12-11 22:52:42 INFO  com.zaxxer.hikari.HikariDataSource - HikariPool-23 - Shutdown completed.
2025-12-11 22:52:42 INFO  Postgrado.postgrado.PostgradoApplication - Starting PostgradoApplication using Java 25.0.1 with PID 21416 (D:\TDUNU2025\postgrado\postgrado\target\classes started by MANUEL in D:\TDUNU2025)
2025-12-11 22:52:42 INFO  Postgrado.postgrado.PostgradoApplication - No active profile set, falling back to 1 default profile: "default"
2025-12-11 22:52:43 INFO  org.apache.catalina.core.StandardService - Starting service [Tomcat]
2025-12-11 22:52:43 INFO  org.apache.catalina.core.StandardEngine - Starting Servlet engine: [Apache Tomcat/11.0.14]
2025-12-11 22:52:43 INFO  org.hibernate.jpa.internal.util.LogHelper - HHH000204: Processing PersistenceUnitInfo [name: default]
2025-12-11 22:52:43 INFO  com.zaxxer.hikari.HikariDataSource - HikariPool-24 - Starting...
2025-12-11 22:52:43 INFO  com.zaxxer.hikari.pool.HikariPool - HikariPool-24 - Added connection com.mysql.cj.jdbc.ConnectionImpl@3be36fce
2025-12-11 22:52:43 INFO  com.zaxxer.hikari.HikariDataSource - HikariPool-24 - Start completed.
2025-12-11 22:52:43 WARN  org.hibernate.orm.deprecation - HHH90000025: MySQLDialect does not need to be specified explicitly using 'hibernate.dialect' (remove the property setting and it will be selected by default)
2025-12-11 22:52:43 INFO  org.hibernate.orm.connections.pooling - HHH10001005: Database info:
	Database JDBC URL [jdbc:mysql://localhost:3310/db_ms_posgrado?createDatabaseIfNotExist=true&useSSL=false&serverTimezone=UTC]
	Database driver: MySQL Connector/J
	Database dialect: MySQLDialect
	Database version: 8.0.44
	Default catalog/schema: db_ms_posgrado/undefined
	Autocommit mode: undefined/unknown
	Isolation level: REPEATABLE_READ [default REPEATABLE_READ]
	JDBC fetch size: none
	Pool: DatasourceConnectionProviderImpl
	Minimum pool size: undefined/unknown
	Maximum pool size: undefined/unknown
2025-12-11 22:52:46 INFO  org.hibernate.engine.transaction.jta.platform.internal.JtaPlatformInitiator - HHH000489: No JTA platform available (set 'hibernate.transaction.jta.platform' to enable JTA platform integration)
2025-12-11 22:52:46 WARN  org.springframework.boot.jpa.autoconfigure.JpaBaseConfiguration$JpaWebConfiguration - spring.jpa.open-in-view is enabled by default. Therefore, database queries may be performed during view rendering. Explicitly configure spring.jpa.open-in-view to disable this warning
2025-12-11 22:52:46 INFO  Postgrado.postgrado.PostgradoApplication - Started PostgradoApplication in 4.116 seconds (process running for 2775.481)
2025-12-11 23:26:06 WARN  com.zaxxer.hikari.pool.HikariPool - HikariPool-24 - Thread starvation or clock leap detected (housekeeper delta=16m51s982ms226s400ns).
